[12.026s] Invoking command in '/root/Documents/robot/miniAGV/agv_ws/src/control': PYTHONPATH=/root/Documents/robot/miniAGV/agv_ws/build/control/prefix_override:/root/Documents/robot/miniAGV/agv_ws/install/control/lib/python3.8/site-packages:${PYTHONPATH} /usr/bin/python3 setup.py egg_info --egg-base ../../build/control build --build-base /root/Documents/robot/miniAGV/agv_ws/build/control/build install --record /root/Documents/robot/miniAGV/agv_ws/build/control/install.log --install-scripts $base/lib/control --single-version-externally-managed
[15.228s] running egg_info
[15.234s] writing ../../build/control/control.egg-info/PKG-INFO
[15.237s] writing dependency_links to ../../build/control/control.egg-info/dependency_links.txt
[15.239s] writing entry points to ../../build/control/control.egg-info/entry_points.txt
[15.240s] writing requirements to ../../build/control/control.egg-info/requires.txt
[15.241s] writing top-level names to ../../build/control/control.egg-info/top_level.txt
[15.586s] reading manifest file '../../build/control/control.egg-info/SOURCES.txt'
[15.603s] writing manifest file '../../build/control/control.egg-info/SOURCES.txt'
[15.607s] running build
[15.610s] running build_py
[15.614s] copying control/controller.py -> /root/Documents/robot/miniAGV/agv_ws/build/control/build/lib/control
[15.616s] running install
[15.624s] running install_lib
[15.627s] copying /root/Documents/robot/miniAGV/agv_ws/build/control/build/lib/control/controller.py -> /root/Documents/robot/miniAGV/agv_ws/install/control/lib/python3.8/site-packages/control
[15.628s] byte-compiling /root/Documents/robot/miniAGV/agv_ws/install/control/lib/python3.8/site-packages/control/controller.py to controller.cpython-38.pyc
[15.640s] running install_data
[15.645s] running install_egg_info
[15.661s] removing '/root/Documents/robot/miniAGV/agv_ws/install/control/lib/python3.8/site-packages/control-0.0.0-py3.8.egg-info' (and everything under it)
[15.663s] Copying ../../build/control/control.egg-info to /root/Documents/robot/miniAGV/agv_ws/install/control/lib/python3.8/site-packages/control-0.0.0-py3.8.egg-info
[15.670s] running install_scripts
[15.829s] Installing controller script to /root/Documents/robot/miniAGV/agv_ws/install/control/lib/control
[15.831s] Installing odometry script to /root/Documents/robot/miniAGV/agv_ws/install/control/lib/control
[15.832s] Installing trajectory script to /root/Documents/robot/miniAGV/agv_ws/install/control/lib/control
[15.835s] writing list of installed files to '/root/Documents/robot/miniAGV/agv_ws/build/control/install.log'
[16.245s] Invoked command in '/root/Documents/robot/miniAGV/agv_ws/src/control' returned '0': PYTHONPATH=/root/Documents/robot/miniAGV/agv_ws/build/control/prefix_override:/root/Documents/robot/miniAGV/agv_ws/install/control/lib/python3.8/site-packages:${PYTHONPATH} /usr/bin/python3 setup.py egg_info --egg-base ../../build/control build --build-base /root/Documents/robot/miniAGV/agv_ws/build/control/build install --record /root/Documents/robot/miniAGV/agv_ws/build/control/install.log --install-scripts $base/lib/control --single-version-externally-managed
