[12.551s] Invoking command in '/root/Documents/robot/miniAGV/agv_ws/src/car_drivers': PYTHONPATH=/root/Documents/robot/miniAGV/agv_ws/build/car_drivers/prefix_override:/root/Documents/robot/miniAGV/agv_ws/install/car_drivers/lib/python3.8/site-packages:${PYTHONPATH} /usr/bin/python3 setup.py egg_info --egg-base ../../build/car_drivers build --build-base /root/Documents/robot/miniAGV/agv_ws/build/car_drivers/build install --record /root/Documents/robot/miniAGV/agv_ws/build/car_drivers/install.log --install-scripts $base/lib/car_drivers --single-version-externally-managed
[15.912s] running egg_info
[15.917s] writing ../../build/car_drivers/car_drivers.egg-info/PKG-INFO
[15.926s] writing dependency_links to ../../build/car_drivers/car_drivers.egg-info/dependency_links.txt
[15.929s] writing entry points to ../../build/car_drivers/car_drivers.egg-info/entry_points.txt
[15.930s] writing requirements to ../../build/car_drivers/car_drivers.egg-info/requires.txt
[15.931s] writing top-level names to ../../build/car_drivers/car_drivers.egg-info/top_level.txt
[16.282s] reading manifest file '../../build/car_drivers/car_drivers.egg-info/SOURCES.txt'
[16.291s] writing manifest file '../../build/car_drivers/car_drivers.egg-info/SOURCES.txt'
[16.292s] running build
[16.293s] running build_py
[16.296s] running install
[16.301s] running install_lib
[16.315s] running install_data
[16.320s] running install_egg_info
[16.338s] removing '/root/Documents/robot/miniAGV/agv_ws/install/car_drivers/lib/python3.8/site-packages/car_drivers-0.0.0-py3.8.egg-info' (and everything under it)
[16.340s] Copying ../../build/car_drivers/car_drivers.egg-info to /root/Documents/robot/miniAGV/agv_ws/install/car_drivers/lib/python3.8/site-packages/car_drivers-0.0.0-py3.8.egg-info
[16.346s] running install_scripts
[16.507s] Installing move_drivers script to /root/Documents/robot/miniAGV/agv_ws/install/car_drivers/lib/car_drivers
[16.508s] writing list of installed files to '/root/Documents/robot/miniAGV/agv_ws/build/car_drivers/install.log'
[16.739s] Invoked command in '/root/Documents/robot/miniAGV/agv_ws/src/car_drivers' returned '0': PYTHONPATH=/root/Documents/robot/miniAGV/agv_ws/build/car_drivers/prefix_override:/root/Documents/robot/miniAGV/agv_ws/install/car_drivers/lib/python3.8/site-packages:${PYTHONPATH} /usr/bin/python3 setup.py egg_info --egg-base ../../build/car_drivers build --build-base /root/Documents/robot/miniAGV/agv_ws/build/car_drivers/build install --record /root/Documents/robot/miniAGV/agv_ws/build/car_drivers/install.log --install-scripts $base/lib/car_drivers --single-version-externally-managed
