[12.711s] Invoking command in '/root/Documents/robot/miniAGV/agv_ws/src/car_drivers': PYTHONPATH=/root/Documents/robot/miniAGV/agv_ws/build/car_drivers/prefix_override:/root/Documents/robot/miniAGV/agv_ws/install/car_drivers/lib/python3.8/site-packages:${PYTHONPATH} /usr/bin/python3 setup.py egg_info --egg-base ../../build/car_drivers build --build-base /root/Documents/robot/miniAGV/agv_ws/build/car_drivers/build install --record /root/Documents/robot/miniAGV/agv_ws/build/car_drivers/install.log --install-scripts $base/lib/car_drivers --single-version-externally-managed
[16.034s] running egg_info
[16.049s] writing ../../build/car_drivers/car_drivers.egg-info/PKG-INFO
[16.053s] writing dependency_links to ../../build/car_drivers/car_drivers.egg-info/dependency_links.txt
[16.054s] writing entry points to ../../build/car_drivers/car_drivers.egg-info/entry_points.txt
[16.055s] writing requirements to ../../build/car_drivers/car_drivers.egg-info/requires.txt
[16.057s] writing top-level names to ../../build/car_drivers/car_drivers.egg-info/top_level.txt
[16.406s] reading manifest file '../../build/car_drivers/car_drivers.egg-info/SOURCES.txt'
[16.415s] writing manifest file '../../build/car_drivers/car_drivers.egg-info/SOURCES.txt'
[16.417s] running build
[16.419s] running build_py
[16.422s] running install
[16.427s] running install_lib
[16.441s] running install_data
[16.446s] running install_egg_info
[16.462s] removing '/root/Documents/robot/miniAGV/agv_ws/install/car_drivers/lib/python3.8/site-packages/car_drivers-0.0.0-py3.8.egg-info' (and everything under it)
[16.464s] Copying ../../build/car_drivers/car_drivers.egg-info to /root/Documents/robot/miniAGV/agv_ws/install/car_drivers/lib/python3.8/site-packages/car_drivers-0.0.0-py3.8.egg-info
[16.471s] running install_scripts
[16.632s] Installing move_drivers script to /root/Documents/robot/miniAGV/agv_ws/install/car_drivers/lib/car_drivers
[16.637s] writing list of installed files to '/root/Documents/robot/miniAGV/agv_ws/build/car_drivers/install.log'
[17.012s] Invoked command in '/root/Documents/robot/miniAGV/agv_ws/src/car_drivers' returned '0': PYTHONPATH=/root/Documents/robot/miniAGV/agv_ws/build/car_drivers/prefix_override:/root/Documents/robot/miniAGV/agv_ws/install/car_drivers/lib/python3.8/site-packages:${PYTHONPATH} /usr/bin/python3 setup.py egg_info --egg-base ../../build/car_drivers build --build-base /root/Documents/robot/miniAGV/agv_ws/build/car_drivers/build install --record /root/Documents/robot/miniAGV/agv_ws/build/car_drivers/install.log --install-scripts $base/lib/car_drivers --single-version-externally-managed
