[11.889s] Invoking command in '/root/Documents/robot/miniAGV/agv_ws/src/control': PYTHONPATH=/root/Documents/robot/miniAGV/agv_ws/build/control/prefix_override:/root/Documents/robot/miniAGV/agv_ws/install/control/lib/python3.8/site-packages:${PYTHONPATH} /usr/bin/python3 setup.py egg_info --egg-base ../../build/control build --build-base /root/Documents/robot/miniAGV/agv_ws/build/control/build install --record /root/Documents/robot/miniAGV/agv_ws/build/control/install.log --install-scripts $base/lib/control --single-version-externally-managed
[15.006s] running egg_info
[15.013s] writing ../../build/control/control.egg-info/PKG-INFO
[15.016s] writing dependency_links to ../../build/control/control.egg-info/dependency_links.txt
[15.018s] writing entry points to ../../build/control/control.egg-info/entry_points.txt
[15.019s] writing requirements to ../../build/control/control.egg-info/requires.txt
[15.020s] writing top-level names to ../../build/control/control.egg-info/top_level.txt
[15.364s] reading manifest file '../../build/control/control.egg-info/SOURCES.txt'
[15.375s] writing manifest file '../../build/control/control.egg-info/SOURCES.txt'
[15.379s] running build
[15.380s] running build_py
[15.383s] copying control/controller.py -> /root/Documents/robot/miniAGV/agv_ws/build/control/build/lib/control
[15.385s] running install
[15.388s] running install_lib
[15.399s] copying /root/Documents/robot/miniAGV/agv_ws/build/control/build/lib/control/controller.py -> /root/Documents/robot/miniAGV/agv_ws/install/control/lib/python3.8/site-packages/control
[15.413s] byte-compiling /root/Documents/robot/miniAGV/agv_ws/install/control/lib/python3.8/site-packages/control/controller.py to controller.cpython-38.pyc
[15.418s] running install_data
[15.420s] running install_egg_info
[15.435s] removing '/root/Documents/robot/miniAGV/agv_ws/install/control/lib/python3.8/site-packages/control-0.0.0-py3.8.egg-info' (and everything under it)
[15.438s] Copying ../../build/control/control.egg-info to /root/Documents/robot/miniAGV/agv_ws/install/control/lib/python3.8/site-packages/control-0.0.0-py3.8.egg-info
[15.446s] running install_scripts
[15.611s] Installing controller script to /root/Documents/robot/miniAGV/agv_ws/install/control/lib/control
[15.612s] Installing odometry script to /root/Documents/robot/miniAGV/agv_ws/install/control/lib/control
[15.614s] Installing trajectory script to /root/Documents/robot/miniAGV/agv_ws/install/control/lib/control
[15.616s] writing list of installed files to '/root/Documents/robot/miniAGV/agv_ws/build/control/install.log'
[15.981s] Invoked command in '/root/Documents/robot/miniAGV/agv_ws/src/control' returned '0': PYTHONPATH=/root/Documents/robot/miniAGV/agv_ws/build/control/prefix_override:/root/Documents/robot/miniAGV/agv_ws/install/control/lib/python3.8/site-packages:${PYTHONPATH} /usr/bin/python3 setup.py egg_info --egg-base ../../build/control build --build-base /root/Documents/robot/miniAGV/agv_ws/build/control/build install --record /root/Documents/robot/miniAGV/agv_ws/build/control/install.log --install-scripts $base/lib/control --single-version-externally-managed
