[12.161s] Invoking command in '/root/Documents/robot/miniAGV/agv_ws/src/car_drivers': PYTHONPATH=/root/Documents/robot/miniAGV/agv_ws/build/car_drivers/prefix_override:/root/Documents/robot/miniAGV/agv_ws/install/car_drivers/lib/python3.8/site-packages:${PYTHONPATH} /usr/bin/python3 setup.py egg_info --egg-base ../../build/car_drivers build --build-base /root/Documents/robot/miniAGV/agv_ws/build/car_drivers/build install --record /root/Documents/robot/miniAGV/agv_ws/build/car_drivers/install.log --install-scripts $base/lib/car_drivers --single-version-externally-managed
[15.341s] running egg_info
[15.347s] writing ../../build/car_drivers/car_drivers.egg-info/PKG-INFO
[15.352s] writing dependency_links to ../../build/car_drivers/car_drivers.egg-info/dependency_links.txt
[15.353s] writing entry points to ../../build/car_drivers/car_drivers.egg-info/entry_points.txt
[15.354s] writing requirements to ../../build/car_drivers/car_drivers.egg-info/requires.txt
[15.355s] writing top-level names to ../../build/car_drivers/car_drivers.egg-info/top_level.txt
[15.700s] reading manifest file '../../build/car_drivers/car_drivers.egg-info/SOURCES.txt'
[15.710s] writing manifest file '../../build/car_drivers/car_drivers.egg-info/SOURCES.txt'
[15.715s] running build
[15.716s] running build_py
[15.721s] copying car_drivers/move_drivers.py -> /root/Documents/robot/miniAGV/agv_ws/build/car_drivers/build/lib/car_drivers
[15.722s] running install
[15.723s] running install_lib
[15.730s] copying /root/Documents/robot/miniAGV/agv_ws/build/car_drivers/build/lib/car_drivers/move_drivers.py -> /root/Documents/robot/miniAGV/agv_ws/install/car_drivers/lib/python3.8/site-packages/car_drivers
[15.738s] byte-compiling /root/Documents/robot/miniAGV/agv_ws/install/car_drivers/lib/python3.8/site-packages/car_drivers/move_drivers.py to move_drivers.cpython-38.pyc
[15.754s] running install_data
[15.759s] running install_egg_info
[15.773s] removing '/root/Documents/robot/miniAGV/agv_ws/install/car_drivers/lib/python3.8/site-packages/car_drivers-0.0.0-py3.8.egg-info' (and everything under it)
[15.775s] Copying ../../build/car_drivers/car_drivers.egg-info to /root/Documents/robot/miniAGV/agv_ws/install/car_drivers/lib/python3.8/site-packages/car_drivers-0.0.0-py3.8.egg-info
[15.782s] running install_scripts
[15.954s] Installing move_drivers script to /root/Documents/robot/miniAGV/agv_ws/install/car_drivers/lib/car_drivers
[15.956s] writing list of installed files to '/root/Documents/robot/miniAGV/agv_ws/build/car_drivers/install.log'
[16.282s] Invoked command in '/root/Documents/robot/miniAGV/agv_ws/src/car_drivers' returned '0': PYTHONPATH=/root/Documents/robot/miniAGV/agv_ws/build/car_drivers/prefix_override:/root/Documents/robot/miniAGV/agv_ws/install/car_drivers/lib/python3.8/site-packages:${PYTHONPATH} /usr/bin/python3 setup.py egg_info --egg-base ../../build/car_drivers build --build-base /root/Documents/robot/miniAGV/agv_ws/build/car_drivers/build install --record /root/Documents/robot/miniAGV/agv_ws/build/car_drivers/install.log --install-scripts $base/lib/car_drivers --single-version-externally-managed
