[3.850s] DEBUG:colcon:Command line arguments: ['/usr/bin/colcon', 'build']
[3.851s] DEBUG:colcon:Parsed command line arguments: Namespace(allow_overriding=[], ament_cmake_args=None, base_paths=['.'], build_base='build', catkin_cmake_args=None, catkin_skip_building_tests=False, cmake_args=None, cmake_clean_cache=False, cmake_clean_first=False, cmake_force_configure=False, cmake_target=None, cmake_target_skip_unavailable=False, continue_on_error=False, event_handlers=None, executor='parallel', ignore_user_meta=False, install_base='install', log_base=None, log_level=None, main=<bound method BuildVerb.main of <colcon_core.verb.build.BuildVerb object at 0x7f9c280dc0>>, merge_install=False, metas=['./colcon.meta'], packages_above=None, packages_above_and_dependencies=None, packages_above_depth=None, packages_end=None, packages_ignore=None, packages_ignore_regex=None, packages_select=None, packages_select_build_failed=False, packages_select_by_dep=None, packages_select_regex=None, packages_select_test_failures=False, packages_skip=None, packages_skip_build_finished=False, packages_skip_by_dep=None, packages_skip_regex=None, packages_skip_test_passed=False, packages_skip_up_to=None, packages_start=None, packages_up_to=None, packages_up_to_regex=None, parallel_workers=4, paths=None, symlink_install=False, test_result_base=None, verb_extension=<colcon_core.verb.build.BuildVerb object at 0x7f9c280dc0>, verb_name='build', verb_parser=<colcon_defaults.argument_parser.defaults.DefaultArgumentsDecorator object at 0x7f9c289370>)
[4.178s] Level 1:colcon.colcon_core.package_discovery:discover_packages(colcon_meta) check parameters
[4.179s] Level 1:colcon.colcon_core.package_discovery:discover_packages(recursive) check parameters
[4.180s] Level 1:colcon.colcon_core.package_discovery:discover_packages(ignore) check parameters
[4.180s] Level 1:colcon.colcon_core.package_discovery:discover_packages(path) check parameters
[4.181s] Level 1:colcon.colcon_core.package_discovery:discover_packages(colcon_meta) discover
[4.181s] Level 1:colcon.colcon_core.package_discovery:discover_packages(recursive) discover
[4.182s] INFO:colcon.colcon_core.package_discovery:Crawling recursively for packages in '/root/Documents/robot/miniAGV/agv_ws'
[4.183s] Level 1:colcon.colcon_core.package_identification:_identify(.) by extensions ['ignore', 'ignore_ament_install']
[4.184s] Level 1:colcon.colcon_core.package_identification:_identify(.) by extension 'ignore'
[4.184s] Level 1:colcon.colcon_core.package_identification:_identify(.) by extension 'ignore_ament_install'
[4.185s] Level 1:colcon.colcon_core.package_identification:_identify(.) by extensions ['colcon_pkg']
[4.185s] Level 1:colcon.colcon_core.package_identification:_identify(.) by extension 'colcon_pkg'
[4.186s] Level 1:colcon.colcon_core.package_identification:_identify(.) by extensions ['colcon_meta']
[4.186s] Level 1:colcon.colcon_core.package_identification:_identify(.) by extension 'colcon_meta'
[4.186s] Level 1:colcon.colcon_core.package_identification:_identify(.) by extensions ['ros']
[4.187s] Level 1:colcon.colcon_core.package_identification:_identify(.) by extension 'ros'
[4.366s] Level 1:colcon.colcon_core.package_identification:_identify(.) by extensions ['cmake', 'python']
[4.366s] Level 1:colcon.colcon_core.package_identification:_identify(.) by extension 'cmake'
[4.367s] Level 1:colcon.colcon_core.package_identification:_identify(.) by extension 'python'
[4.367s] Level 1:colcon.colcon_core.package_identification:_identify(.) by extensions ['python_setup_py']
[4.368s] Level 1:colcon.colcon_core.package_identification:_identify(.) by extension 'python_setup_py'
[4.369s] Level 1:colcon.colcon_core.package_identification:_identify(build) by extensions ['ignore', 'ignore_ament_install']
[4.370s] Level 1:colcon.colcon_core.package_identification:_identify(build) by extension 'ignore'
[4.371s] Level 1:colcon.colcon_core.package_identification:_identify(build) ignored
[4.372s] Level 1:colcon.colcon_core.package_identification:_identify(install) by extensions ['ignore', 'ignore_ament_install']
[4.373s] Level 1:colcon.colcon_core.package_identification:_identify(install) by extension 'ignore'
[4.373s] Level 1:colcon.colcon_core.package_identification:_identify(install) ignored
[4.374s] Level 1:colcon.colcon_core.package_identification:_identify(log) by extensions ['ignore', 'ignore_ament_install']
[4.375s] Level 1:colcon.colcon_core.package_identification:_identify(log) by extension 'ignore'
[4.375s] Level 1:colcon.colcon_core.package_identification:_identify(log) ignored
[4.376s] Level 1:colcon.colcon_core.package_identification:_identify(src) by extensions ['ignore', 'ignore_ament_install']
[4.377s] Level 1:colcon.colcon_core.package_identification:_identify(src) by extension 'ignore'
[4.378s] Level 1:colcon.colcon_core.package_identification:_identify(src) by extension 'ignore_ament_install'
[4.378s] Level 1:colcon.colcon_core.package_identification:_identify(src) by extensions ['colcon_pkg']
[4.378s] Level 1:colcon.colcon_core.package_identification:_identify(src) by extension 'colcon_pkg'
[4.379s] Level 1:colcon.colcon_core.package_identification:_identify(src) by extensions ['colcon_meta']
[4.379s] Level 1:colcon.colcon_core.package_identification:_identify(src) by extension 'colcon_meta'
[4.379s] Level 1:colcon.colcon_core.package_identification:_identify(src) by extensions ['ros']
[4.380s] Level 1:colcon.colcon_core.package_identification:_identify(src) by extension 'ros'
[4.381s] Level 1:colcon.colcon_core.package_identification:_identify(src) by extensions ['cmake', 'python']
[4.381s] Level 1:colcon.colcon_core.package_identification:_identify(src) by extension 'cmake'
[4.381s] Level 1:colcon.colcon_core.package_identification:_identify(src) by extension 'python'
[4.382s] Level 1:colcon.colcon_core.package_identification:_identify(src) by extensions ['python_setup_py']
[4.382s] Level 1:colcon.colcon_core.package_identification:_identify(src) by extension 'python_setup_py'
[4.383s] Level 1:colcon.colcon_core.package_identification:_identify(src/car_drivers) by extensions ['ignore', 'ignore_ament_install']
[4.383s] Level 1:colcon.colcon_core.package_identification:_identify(src/car_drivers) by extension 'ignore'
[4.384s] Level 1:colcon.colcon_core.package_identification:_identify(src/car_drivers) by extension 'ignore_ament_install'
[4.385s] Level 1:colcon.colcon_core.package_identification:_identify(src/car_drivers) by extensions ['colcon_pkg']
[4.385s] Level 1:colcon.colcon_core.package_identification:_identify(src/car_drivers) by extension 'colcon_pkg'
[4.385s] Level 1:colcon.colcon_core.package_identification:_identify(src/car_drivers) by extensions ['colcon_meta']
[4.386s] Level 1:colcon.colcon_core.package_identification:_identify(src/car_drivers) by extension 'colcon_meta'
[4.386s] Level 1:colcon.colcon_core.package_identification:_identify(src/car_drivers) by extensions ['ros']
[4.386s] Level 1:colcon.colcon_core.package_identification:_identify(src/car_drivers) by extension 'ros'
[4.407s] DEBUG:colcon.colcon_core.package_identification:Package 'src/car_drivers' with type 'ros.ament_python' and name 'car_drivers'
[4.408s] Level 1:colcon.colcon_core.package_identification:_identify(src/control) by extensions ['ignore', 'ignore_ament_install']
[4.408s] Level 1:colcon.colcon_core.package_identification:_identify(src/control) by extension 'ignore'
[4.409s] Level 1:colcon.colcon_core.package_identification:_identify(src/control) by extension 'ignore_ament_install'
[4.410s] Level 1:colcon.colcon_core.package_identification:_identify(src/control) by extensions ['colcon_pkg']
[4.410s] Level 1:colcon.colcon_core.package_identification:_identify(src/control) by extension 'colcon_pkg'
[4.410s] Level 1:colcon.colcon_core.package_identification:_identify(src/control) by extensions ['colcon_meta']
[4.411s] Level 1:colcon.colcon_core.package_identification:_identify(src/control) by extension 'colcon_meta'
[4.411s] Level 1:colcon.colcon_core.package_identification:_identify(src/control) by extensions ['ros']
[4.411s] Level 1:colcon.colcon_core.package_identification:_identify(src/control) by extension 'ros'
[4.415s] DEBUG:colcon.colcon_core.package_identification:Package 'src/control' with type 'ros.ament_python' and name 'control'
[4.415s] Level 1:colcon.colcon_core.package_discovery:discover_packages(recursive) using defaults
[4.416s] Level 1:colcon.colcon_core.package_discovery:discover_packages(ignore) discover
[4.416s] Level 1:colcon.colcon_core.package_discovery:discover_packages(ignore) using defaults
[4.416s] Level 1:colcon.colcon_core.package_discovery:discover_packages(path) discover
[4.417s] Level 1:colcon.colcon_core.package_discovery:discover_packages(path) using defaults
[4.636s] Level 1:colcon.colcon_core.package_discovery:discover_packages(prefix_path) check parameters
[4.636s] Level 1:colcon.colcon_core.package_discovery:discover_packages(prefix_path) discover
[4.680s] DEBUG:colcon.colcon_installed_package_information.package_discovery:Found 2 installed packages in /root/Documents/robot/miniAGV/agv_ws/install
[4.696s] DEBUG:colcon.colcon_installed_package_information.package_discovery:Found 31 installed packages in /root/software/nav2_ws/install
[4.713s] DEBUG:colcon.colcon_installed_package_information.package_discovery:Found 22 installed packages in /root/software/library_ws/install
[4.730s] DEBUG:colcon.colcon_installed_package_information.package_discovery:Found 24 installed packages in /root/yahboomcar_ws/install
[4.786s] DEBUG:colcon.colcon_installed_package_information.package_discovery:Found 424 installed packages in /opt/tros
[4.842s] DEBUG:colcon.colcon_installed_package_information.package_discovery:Found 361 installed packages in /opt/ros/foxy
[4.954s] Level 1:colcon.colcon_core.package_discovery:discover_packages(prefix_path) using defaults
[6.399s] Level 5:colcon.colcon_core.verb:set package 'car_drivers' build argument 'cmake_args' from command line to 'None'
[6.399s] Level 5:colcon.colcon_core.verb:set package 'car_drivers' build argument 'cmake_target' from command line to 'None'
[6.400s] Level 5:colcon.colcon_core.verb:set package 'car_drivers' build argument 'cmake_target_skip_unavailable' from command line to 'False'
[6.400s] Level 5:colcon.colcon_core.verb:set package 'car_drivers' build argument 'cmake_clean_cache' from command line to 'False'
[6.400s] Level 5:colcon.colcon_core.verb:set package 'car_drivers' build argument 'cmake_clean_first' from command line to 'False'
[6.400s] Level 5:colcon.colcon_core.verb:set package 'car_drivers' build argument 'cmake_force_configure' from command line to 'False'
[6.401s] Level 5:colcon.colcon_core.verb:set package 'car_drivers' build argument 'ament_cmake_args' from command line to 'None'
[6.401s] Level 5:colcon.colcon_core.verb:set package 'car_drivers' build argument 'catkin_cmake_args' from command line to 'None'
[6.401s] Level 5:colcon.colcon_core.verb:set package 'car_drivers' build argument 'catkin_skip_building_tests' from command line to 'False'
[6.401s] DEBUG:colcon.colcon_core.verb:Building package 'car_drivers' with the following arguments: {'ament_cmake_args': None, 'build_base': '/root/Documents/robot/miniAGV/agv_ws/build/car_drivers', 'catkin_cmake_args': None, 'catkin_skip_building_tests': False, 'cmake_args': None, 'cmake_clean_cache': False, 'cmake_clean_first': False, 'cmake_force_configure': False, 'cmake_target': None, 'cmake_target_skip_unavailable': False, 'install_base': '/root/Documents/robot/miniAGV/agv_ws/install/car_drivers', 'merge_install': False, 'path': '/root/Documents/robot/miniAGV/agv_ws/src/car_drivers', 'symlink_install': False, 'test_result_base': None}
[6.414s] Level 5:colcon.colcon_core.verb:set package 'control' build argument 'cmake_args' from command line to 'None'
[6.414s] Level 5:colcon.colcon_core.verb:set package 'control' build argument 'cmake_target' from command line to 'None'
[6.414s] Level 5:colcon.colcon_core.verb:set package 'control' build argument 'cmake_target_skip_unavailable' from command line to 'False'
[6.414s] Level 5:colcon.colcon_core.verb:set package 'control' build argument 'cmake_clean_cache' from command line to 'False'
[6.415s] Level 5:colcon.colcon_core.verb:set package 'control' build argument 'cmake_clean_first' from command line to 'False'
[6.415s] Level 5:colcon.colcon_core.verb:set package 'control' build argument 'cmake_force_configure' from command line to 'False'
[6.415s] Level 5:colcon.colcon_core.verb:set package 'control' build argument 'ament_cmake_args' from command line to 'None'
[6.415s] Level 5:colcon.colcon_core.verb:set package 'control' build argument 'catkin_cmake_args' from command line to 'None'
[6.416s] Level 5:colcon.colcon_core.verb:set package 'control' build argument 'catkin_skip_building_tests' from command line to 'False'
[6.416s] DEBUG:colcon.colcon_core.verb:Building package 'control' with the following arguments: {'ament_cmake_args': None, 'build_base': '/root/Documents/robot/miniAGV/agv_ws/build/control', 'catkin_cmake_args': None, 'catkin_skip_building_tests': False, 'cmake_args': None, 'cmake_clean_cache': False, 'cmake_clean_first': False, 'cmake_force_configure': False, 'cmake_target': None, 'cmake_target_skip_unavailable': False, 'install_base': '/root/Documents/robot/miniAGV/agv_ws/install/control', 'merge_install': False, 'path': '/root/Documents/robot/miniAGV/agv_ws/src/control', 'symlink_install': False, 'test_result_base': None}
[6.423s] INFO:colcon.colcon_core.executor:Executing jobs using 'parallel' executor
[6.458s] DEBUG:colcon.colcon_parallel_executor.executor.parallel:run_until_complete
[6.460s] INFO:colcon.colcon_ros.task.ament_python.build:Building ROS package in '/root/Documents/robot/miniAGV/agv_ws/src/car_drivers' with build type 'ament_python'
[6.461s] Level 1:colcon.colcon_core.shell:create_environment_hook('car_drivers', 'ament_prefix_path')
[6.504s] INFO:colcon.colcon_core.plugin_system:Skipping extension 'colcon_core.shell.bat': Not used on non-Windows systems
[6.508s] INFO:colcon.colcon_core.shell:Creating environment hook '/root/Documents/robot/miniAGV/agv_ws/install/car_drivers/share/car_drivers/hook/ament_prefix_path.ps1'
[6.514s] INFO:colcon.colcon_core.shell:Creating environment descriptor '/root/Documents/robot/miniAGV/agv_ws/install/car_drivers/share/car_drivers/hook/ament_prefix_path.dsv'
[6.518s] INFO:colcon.colcon_core.shell:Creating environment hook '/root/Documents/robot/miniAGV/agv_ws/install/car_drivers/share/car_drivers/hook/ament_prefix_path.sh'
[6.542s] INFO:colcon.colcon_core.shell:Skip shell extension 'powershell' for command environment: Not usable outside of PowerShell
[6.542s] DEBUG:colcon.colcon_core.shell:Skip shell extension 'dsv' for command environment
[6.714s] INFO:colcon.colcon_ros.task.ament_python.build:Building ROS package in '/root/Documents/robot/miniAGV/agv_ws/src/control' with build type 'ament_python'
[6.716s] Level 1:colcon.colcon_core.shell:create_environment_hook('control', 'ament_prefix_path')
[6.733s] INFO:colcon.colcon_core.shell:Creating environment hook '/root/Documents/robot/miniAGV/agv_ws/install/control/share/control/hook/ament_prefix_path.ps1'
[6.735s] INFO:colcon.colcon_core.shell:Creating environment descriptor '/root/Documents/robot/miniAGV/agv_ws/install/control/share/control/hook/ament_prefix_path.dsv'
[6.739s] INFO:colcon.colcon_core.shell:Creating environment hook '/root/Documents/robot/miniAGV/agv_ws/install/control/share/control/hook/ament_prefix_path.sh'
[6.756s] INFO:colcon.colcon_core.shell:Skip shell extension 'powershell' for command environment: Not usable outside of PowerShell
[6.757s] DEBUG:colcon.colcon_core.shell:Skip shell extension 'dsv' for command environment
[10.120s] INFO:colcon.colcon_core.task.python.build:Building Python package in '/root/Documents/robot/miniAGV/agv_ws/src/car_drivers'
[10.138s] INFO:colcon.colcon_core.shell:Skip shell extension 'powershell' for command environment: Not usable outside of PowerShell
[10.138s] DEBUG:colcon.colcon_core.shell:Skip shell extension 'dsv' for command environment
[13.467s] INFO:colcon.colcon_core.task.python.build:Building Python package in '/root/Documents/robot/miniAGV/agv_ws/src/control'
[13.493s] INFO:colcon.colcon_core.shell:Skip shell extension 'powershell' for command environment: Not usable outside of PowerShell
[13.497s] DEBUG:colcon.colcon_core.shell:Skip shell extension 'dsv' for command environment
[18.943s] DEBUG:colcon.colcon_core.event_handler.log_command:Invoking command in '/root/Documents/robot/miniAGV/agv_ws/src/car_drivers': PYTHONPATH=/root/Documents/robot/miniAGV/agv_ws/build/car_drivers/prefix_override:/root/Documents/robot/miniAGV/agv_ws/install/car_drivers/lib/python3.8/site-packages:${PYTHONPATH} /usr/bin/python3 setup.py egg_info --egg-base ../../build/car_drivers build --build-base /root/Documents/robot/miniAGV/agv_ws/build/car_drivers/build install --record /root/Documents/robot/miniAGV/agv_ws/build/car_drivers/install.log --install-scripts $base/lib/car_drivers --single-version-externally-managed
[19.107s] DEBUG:colcon.colcon_core.event_handler.log_command:Invoking command in '/root/Documents/robot/miniAGV/agv_ws/src/control': PYTHONPATH=/root/Documents/robot/miniAGV/agv_ws/build/control/prefix_override:/root/Documents/robot/miniAGV/agv_ws/install/control/lib/python3.8/site-packages:${PYTHONPATH} /usr/bin/python3 setup.py egg_info --egg-base ../../build/control build --build-base /root/Documents/robot/miniAGV/agv_ws/build/control/build install --record /root/Documents/robot/miniAGV/agv_ws/build/control/install.log --install-scripts $base/lib/control --single-version-externally-managed
[23.115s] DEBUG:colcon.colcon_core.event_handler.log_command:Invoked command in '/root/Documents/robot/miniAGV/agv_ws/src/car_drivers' returned '0': PYTHONPATH=/root/Documents/robot/miniAGV/agv_ws/build/car_drivers/prefix_override:/root/Documents/robot/miniAGV/agv_ws/install/car_drivers/lib/python3.8/site-packages:${PYTHONPATH} /usr/bin/python3 setup.py egg_info --egg-base ../../build/car_drivers build --build-base /root/Documents/robot/miniAGV/agv_ws/build/car_drivers/build install --record /root/Documents/robot/miniAGV/agv_ws/build/car_drivers/install.log --install-scripts $base/lib/car_drivers --single-version-externally-managed
[23.175s] Level 1:colcon.colcon_core.environment:checking '/root/Documents/robot/miniAGV/agv_ws/install/car_drivers' for CMake module files
[23.179s] Level 1:colcon.colcon_core.environment:checking '/root/Documents/robot/miniAGV/agv_ws/install/car_drivers' for CMake config files
[23.185s] Level 1:colcon.colcon_core.environment:checking '/root/Documents/robot/miniAGV/agv_ws/install/car_drivers/lib'
[23.187s] Level 1:colcon.colcon_core.environment:checking '/root/Documents/robot/miniAGV/agv_ws/install/car_drivers/bin'
[23.188s] Level 1:colcon.colcon_core.environment:checking '/root/Documents/robot/miniAGV/agv_ws/install/car_drivers/lib/pkgconfig/car_drivers.pc'
[23.190s] Level 1:colcon.colcon_core.environment:checking '/root/Documents/robot/miniAGV/agv_ws/install/car_drivers/lib/python3.8/site-packages'
[23.191s] Level 1:colcon.colcon_core.shell:create_environment_hook('car_drivers', 'pythonpath')
[23.213s] INFO:colcon.colcon_core.shell:Creating environment hook '/root/Documents/robot/miniAGV/agv_ws/install/car_drivers/share/car_drivers/hook/pythonpath.ps1'
[23.217s] INFO:colcon.colcon_core.shell:Creating environment descriptor '/root/Documents/robot/miniAGV/agv_ws/install/car_drivers/share/car_drivers/hook/pythonpath.dsv'
[23.220s] INFO:colcon.colcon_core.shell:Creating environment hook '/root/Documents/robot/miniAGV/agv_ws/install/car_drivers/share/car_drivers/hook/pythonpath.sh'
[23.225s] Level 1:colcon.colcon_core.environment:checking '/root/Documents/robot/miniAGV/agv_ws/install/car_drivers/bin'
[23.226s] Level 1:colcon.colcon_core.environment:create_environment_scripts_only(car_drivers)
[23.246s] INFO:colcon.colcon_core.shell:Creating package script '/root/Documents/robot/miniAGV/agv_ws/install/car_drivers/share/car_drivers/package.ps1'
[23.254s] INFO:colcon.colcon_core.shell:Creating package descriptor '/root/Documents/robot/miniAGV/agv_ws/install/car_drivers/share/car_drivers/package.dsv'
[23.260s] INFO:colcon.colcon_core.shell:Creating package script '/root/Documents/robot/miniAGV/agv_ws/install/car_drivers/share/car_drivers/package.sh'
[23.268s] INFO:colcon.colcon_core.shell:Creating package script '/root/Documents/robot/miniAGV/agv_ws/install/car_drivers/share/car_drivers/package.bash'
[23.275s] INFO:colcon.colcon_core.shell:Creating package script '/root/Documents/robot/miniAGV/agv_ws/install/car_drivers/share/car_drivers/package.zsh'
[23.281s] Level 1:colcon.colcon_core.environment:create_file_with_runtime_dependencies(/root/Documents/robot/miniAGV/agv_ws/install/car_drivers/share/colcon-core/packages/car_drivers)
[23.313s] DEBUG:colcon.colcon_core.event_handler.log_command:Invoked command in '/root/Documents/robot/miniAGV/agv_ws/src/control' returned '0': PYTHONPATH=/root/Documents/robot/miniAGV/agv_ws/build/control/prefix_override:/root/Documents/robot/miniAGV/agv_ws/install/control/lib/python3.8/site-packages:${PYTHONPATH} /usr/bin/python3 setup.py egg_info --egg-base ../../build/control build --build-base /root/Documents/robot/miniAGV/agv_ws/build/control/build install --record /root/Documents/robot/miniAGV/agv_ws/build/control/install.log --install-scripts $base/lib/control --single-version-externally-managed
[23.315s] Level 1:colcon.colcon_core.environment:checking '/root/Documents/robot/miniAGV/agv_ws/install/control' for CMake module files
[23.319s] Level 1:colcon.colcon_core.environment:checking '/root/Documents/robot/miniAGV/agv_ws/install/control' for CMake config files
[23.322s] Level 1:colcon.colcon_core.environment:checking '/root/Documents/robot/miniAGV/agv_ws/install/control/lib'
[23.322s] Level 1:colcon.colcon_core.environment:checking '/root/Documents/robot/miniAGV/agv_ws/install/control/bin'
[23.323s] Level 1:colcon.colcon_core.environment:checking '/root/Documents/robot/miniAGV/agv_ws/install/control/lib/pkgconfig/control.pc'
[23.325s] Level 1:colcon.colcon_core.environment:checking '/root/Documents/robot/miniAGV/agv_ws/install/control/lib/python3.8/site-packages'
[23.326s] Level 1:colcon.colcon_core.shell:create_environment_hook('control', 'pythonpath')
[23.341s] INFO:colcon.colcon_core.shell:Creating environment hook '/root/Documents/robot/miniAGV/agv_ws/install/control/share/control/hook/pythonpath.ps1'
[23.344s] INFO:colcon.colcon_core.shell:Creating environment descriptor '/root/Documents/robot/miniAGV/agv_ws/install/control/share/control/hook/pythonpath.dsv'
[23.347s] INFO:colcon.colcon_core.shell:Creating environment hook '/root/Documents/robot/miniAGV/agv_ws/install/control/share/control/hook/pythonpath.sh'
[23.351s] Level 1:colcon.colcon_core.environment:checking '/root/Documents/robot/miniAGV/agv_ws/install/control/bin'
[23.352s] Level 1:colcon.colcon_core.environment:create_environment_scripts_only(control)
[23.372s] INFO:colcon.colcon_core.shell:Creating package script '/root/Documents/robot/miniAGV/agv_ws/install/control/share/control/package.ps1'
[23.375s] INFO:colcon.colcon_core.shell:Creating package descriptor '/root/Documents/robot/miniAGV/agv_ws/install/control/share/control/package.dsv'
[23.379s] INFO:colcon.colcon_core.shell:Creating package script '/root/Documents/robot/miniAGV/agv_ws/install/control/share/control/package.sh'
[23.382s] INFO:colcon.colcon_core.shell:Creating package script '/root/Documents/robot/miniAGV/agv_ws/install/control/share/control/package.bash'
[23.385s] INFO:colcon.colcon_core.shell:Creating package script '/root/Documents/robot/miniAGV/agv_ws/install/control/share/control/package.zsh'
[23.388s] Level 1:colcon.colcon_core.environment:create_file_with_runtime_dependencies(/root/Documents/robot/miniAGV/agv_ws/install/control/share/colcon-core/packages/control)
[23.390s] DEBUG:colcon.colcon_parallel_executor.executor.parallel:closing loop
[23.393s] DEBUG:colcon.colcon_parallel_executor.executor.parallel:loop closed
[23.394s] DEBUG:colcon.colcon_parallel_executor.executor.parallel:run_until_complete finished with '0'
[23.395s] DEBUG:colcon.colcon_core.event_reactor:joining thread
[23.439s] INFO:colcon.colcon_core.plugin_system:Skipping extension 'colcon_notification.desktop_notification.notify_send': Could not find 'notify-send'
[23.440s] INFO:colcon.colcon_core.plugin_system:Skipping extension 'colcon_notification.desktop_notification.terminal_notifier': Not used on non-Darwin systems
[23.441s] INFO:colcon.colcon_core.plugin_system:Skipping extension 'colcon_notification.desktop_notification.win32': Not used on non-Windows systems
[23.441s] INFO:colcon.colcon_notification.desktop_notification:Sending desktop notification using 'notify2'
[23.464s] DEBUG:colcon.colcon_core.event_reactor:joined thread
[23.482s] INFO:colcon.colcon_core.shell:Creating prefix script '/root/Documents/robot/miniAGV/agv_ws/install/local_setup.ps1'
[23.492s] INFO:colcon.colcon_core.shell:Creating prefix util module '/root/Documents/robot/miniAGV/agv_ws/install/_local_setup_util_ps1.py'
[23.505s] INFO:colcon.colcon_core.shell:Creating prefix chain script '/root/Documents/robot/miniAGV/agv_ws/install/setup.ps1'
[23.546s] INFO:colcon.colcon_core.shell:Creating prefix script '/root/Documents/robot/miniAGV/agv_ws/install/local_setup.sh'
[23.550s] INFO:colcon.colcon_core.shell:Creating prefix util module '/root/Documents/robot/miniAGV/agv_ws/install/_local_setup_util_sh.py'
[23.555s] INFO:colcon.colcon_core.shell:Creating prefix chain script '/root/Documents/robot/miniAGV/agv_ws/install/setup.sh'
[23.586s] INFO:colcon.colcon_core.shell:Creating prefix script '/root/Documents/robot/miniAGV/agv_ws/install/local_setup.bash'
[23.591s] INFO:colcon.colcon_core.shell:Creating prefix chain script '/root/Documents/robot/miniAGV/agv_ws/install/setup.bash'
[23.623s] INFO:colcon.colcon_core.shell:Creating prefix script '/root/Documents/robot/miniAGV/agv_ws/install/local_setup.zsh'
[23.627s] INFO:colcon.colcon_core.shell:Creating prefix chain script '/root/Documents/robot/miniAGV/agv_ws/install/setup.zsh'
