/home/fernando/Documents/miniAGV/agv_ws/install/control/lib/python3.10/site-packages/control/controller.py
/home/fernando/Documents/miniAGV/agv_ws/install/control/lib/python3.10/site-packages/control/trajectory.py
/home/fernando/Documents/miniAGV/agv_ws/install/control/lib/python3.10/site-packages/control/odometry.py
/home/fernando/Documents/miniAGV/agv_ws/install/control/lib/python3.10/site-packages/control/__init__.py
/home/fernando/Documents/miniAGV/agv_ws/install/control/lib/python3.10/site-packages/control/circle_trajectory.py
/home/fernando/Documents/miniAGV/agv_ws/install/control/lib/python3.10/site-packages/control/ines.py
/home/fernando/Documents/miniAGV/agv_ws/install/control/lib/python3.10/site-packages/control/soft_trajectory_generator.py
/home/fernando/Documents/miniAGV/agv_ws/install/control/lib/python3.10/site-packages/control/__pycache__/controller.cpython-310.pyc
/home/fernando/Documents/miniAGV/agv_ws/install/control/lib/python3.10/site-packages/control/__pycache__/trajectory.cpython-310.pyc
/home/fernando/Documents/miniAGV/agv_ws/install/control/lib/python3.10/site-packages/control/__pycache__/odometry.cpython-310.pyc
/home/fernando/Documents/miniAGV/agv_ws/install/control/lib/python3.10/site-packages/control/__pycache__/__init__.cpython-310.pyc
/home/fernando/Documents/miniAGV/agv_ws/install/control/lib/python3.10/site-packages/control/__pycache__/circle_trajectory.cpython-310.pyc
/home/fernando/Documents/miniAGV/agv_ws/install/control/lib/python3.10/site-packages/control/__pycache__/ines.cpython-310.pyc
/home/fernando/Documents/miniAGV/agv_ws/install/control/lib/python3.10/site-packages/control/__pycache__/soft_trajectory_generator.cpython-310.pyc
/home/fernando/Documents/miniAGV/agv_ws/install/control/share/ament_index/resource_index/packages/control
/home/fernando/Documents/miniAGV/agv_ws/install/control/share/control/package.xml
/home/fernando/Documents/miniAGV/agv_ws/install/control/lib/python3.10/site-packages/control-0.0.0-py3.10.egg-info/top_level.txt
/home/fernando/Documents/miniAGV/agv_ws/install/control/lib/python3.10/site-packages/control-0.0.0-py3.10.egg-info/PKG-INFO
/home/fernando/Documents/miniAGV/agv_ws/install/control/lib/python3.10/site-packages/control-0.0.0-py3.10.egg-info/SOURCES.txt
/home/fernando/Documents/miniAGV/agv_ws/install/control/lib/python3.10/site-packages/control-0.0.0-py3.10.egg-info/zip-safe
/home/fernando/Documents/miniAGV/agv_ws/install/control/lib/python3.10/site-packages/control-0.0.0-py3.10.egg-info/entry_points.txt
/home/fernando/Documents/miniAGV/agv_ws/install/control/lib/python3.10/site-packages/control-0.0.0-py3.10.egg-info/dependency_links.txt
/home/fernando/Documents/miniAGV/agv_ws/install/control/lib/python3.10/site-packages/control-0.0.0-py3.10.egg-info/requires.txt
/home/fernando/Documents/miniAGV/agv_ws/install/control/lib/control/circle_trajectory
/home/fernando/Documents/miniAGV/agv_ws/install/control/lib/control/controller
/home/fernando/Documents/miniAGV/agv_ws/install/control/lib/control/odometry
/home/fernando/Documents/miniAGV/agv_ws/install/control/lib/control/trajectory
