[12.411s] Invoking command in '/root/Documents/robot/miniAGV/agv_ws/src/control': PYTHONPATH=/root/Documents/robot/miniAGV/agv_ws/build/control/prefix_override:/root/Documents/robot/miniAGV/agv_ws/install/control/lib/python3.8/site-packages:${PYTHONPATH} /usr/bin/python3 setup.py egg_info --egg-base ../../build/control build --build-base /root/Documents/robot/miniAGV/agv_ws/build/control/build install --record /root/Documents/robot/miniAGV/agv_ws/build/control/install.log --install-scripts $base/lib/control --single-version-externally-managed
[15.607s] running egg_info
[15.613s] writing ../../build/control/control.egg-info/PKG-INFO
[15.625s] writing dependency_links to ../../build/control/control.egg-info/dependency_links.txt
[15.629s] writing entry points to ../../build/control/control.egg-info/entry_points.txt
[15.632s] writing requirements to ../../build/control/control.egg-info/requires.txt
[15.636s] writing top-level names to ../../build/control/control.egg-info/top_level.txt
[15.970s] reading manifest file '../../build/control/control.egg-info/SOURCES.txt'
[15.980s] writing manifest file '../../build/control/control.egg-info/SOURCES.txt'
[15.982s] running build
[15.984s] running build_py
[15.985s] copying control/odometry.py -> /root/Documents/robot/miniAGV/agv_ws/build/control/build/lib/control
[15.987s] running install
[15.992s] running install_lib
[16.003s] copying /root/Documents/robot/miniAGV/agv_ws/build/control/build/lib/control/odometry.py -> /root/Documents/robot/miniAGV/agv_ws/install/control/lib/python3.8/site-packages/control
[16.011s] byte-compiling /root/Documents/robot/miniAGV/agv_ws/install/control/lib/python3.8/site-packages/control/odometry.py to odometry.cpython-38.pyc
[16.026s] running install_data
[16.027s] running install_egg_info
[16.044s] removing '/root/Documents/robot/miniAGV/agv_ws/install/control/lib/python3.8/site-packages/control-0.0.0-py3.8.egg-info' (and everything under it)
[16.052s] Copying ../../build/control/control.egg-info to /root/Documents/robot/miniAGV/agv_ws/install/control/lib/python3.8/site-packages/control-0.0.0-py3.8.egg-info
[16.056s] running install_scripts
[16.236s] Installing controller script to /root/Documents/robot/miniAGV/agv_ws/install/control/lib/control
[16.245s] Installing odometry script to /root/Documents/robot/miniAGV/agv_ws/install/control/lib/control
[16.247s] Installing trajectory script to /root/Documents/robot/miniAGV/agv_ws/install/control/lib/control
[16.248s] writing list of installed files to '/root/Documents/robot/miniAGV/agv_ws/build/control/install.log'
[16.649s] Invoked command in '/root/Documents/robot/miniAGV/agv_ws/src/control' returned '0': PYTHONPATH=/root/Documents/robot/miniAGV/agv_ws/build/control/prefix_override:/root/Documents/robot/miniAGV/agv_ws/install/control/lib/python3.8/site-packages:${PYTHONPATH} /usr/bin/python3 setup.py egg_info --egg-base ../../build/control build --build-base /root/Documents/robot/miniAGV/agv_ws/build/control/build install --record /root/Documents/robot/miniAGV/agv_ws/build/control/install.log --install-scripts $base/lib/control --single-version-externally-managed
