[11.912s] Invoking command in '/root/Documents/robot/miniAGV/agv_ws/src/control': PYTHONPATH=/root/Documents/robot/miniAGV/agv_ws/build/control/prefix_override:/root/Documents/robot/miniAGV/agv_ws/install/control/lib/python3.8/site-packages:${PYTHONPATH} /usr/bin/python3 setup.py egg_info --egg-base ../../build/control build --build-base /root/Documents/robot/miniAGV/agv_ws/build/control/build install --record /root/Documents/robot/miniAGV/agv_ws/build/control/install.log --install-scripts $base/lib/control --single-version-externally-managed
[15.076s] running egg_info
[15.082s] writing ../../build/control/control.egg-info/PKG-INFO
[15.087s] writing dependency_links to ../../build/control/control.egg-info/dependency_links.txt
[15.090s] writing entry points to ../../build/control/control.egg-info/entry_points.txt
[15.094s] writing requirements to ../../build/control/control.egg-info/requires.txt
[15.105s] writing top-level names to ../../build/control/control.egg-info/top_level.txt
[15.451s] reading manifest file '../../build/control/control.egg-info/SOURCES.txt'
[15.458s] writing manifest file '../../build/control/control.egg-info/SOURCES.txt'
[15.459s] running build
[15.460s] running build_py
[15.461s] copying control/controller.py -> /root/Documents/robot/miniAGV/agv_ws/build/control/build/lib/control
[15.462s] running install
[15.481s] running install_lib
[15.484s] copying /root/Documents/robot/miniAGV/agv_ws/build/control/build/lib/control/controller.py -> /root/Documents/robot/miniAGV/agv_ws/install/control/lib/python3.8/site-packages/control
[15.491s] byte-compiling /root/Documents/robot/miniAGV/agv_ws/install/control/lib/python3.8/site-packages/control/controller.py to controller.cpython-38.pyc
[15.501s] running install_data
[15.504s] running install_egg_info
[15.520s] removing '/root/Documents/robot/miniAGV/agv_ws/install/control/lib/python3.8/site-packages/control-0.0.0-py3.8.egg-info' (and everything under it)
[15.532s] Copying ../../build/control/control.egg-info to /root/Documents/robot/miniAGV/agv_ws/install/control/lib/python3.8/site-packages/control-0.0.0-py3.8.egg-info
[15.535s] running install_scripts
[15.695s] Installing controller script to /root/Documents/robot/miniAGV/agv_ws/install/control/lib/control
[15.698s] Installing odometry script to /root/Documents/robot/miniAGV/agv_ws/install/control/lib/control
[15.705s] Installing trajectory script to /root/Documents/robot/miniAGV/agv_ws/install/control/lib/control
[15.717s] writing list of installed files to '/root/Documents/robot/miniAGV/agv_ws/build/control/install.log'
[16.077s] Invoked command in '/root/Documents/robot/miniAGV/agv_ws/src/control' returned '0': PYTHONPATH=/root/Documents/robot/miniAGV/agv_ws/build/control/prefix_override:/root/Documents/robot/miniAGV/agv_ws/install/control/lib/python3.8/site-packages:${PYTHONPATH} /usr/bin/python3 setup.py egg_info --egg-base ../../build/control build --build-base /root/Documents/robot/miniAGV/agv_ws/build/control/build install --record /root/Documents/robot/miniAGV/agv_ws/build/control/install.log --install-scripts $base/lib/control --single-version-externally-managed
