running egg_info
writing ../../build/car_drivers/car_drivers.egg-info/PKG-INFO
writing dependency_links to ../../build/car_drivers/car_drivers.egg-info/dependency_links.txt
writing entry points to ../../build/car_drivers/car_drivers.egg-info/entry_points.txt
writing requirements to ../../build/car_drivers/car_drivers.egg-info/requires.txt
writing top-level names to ../../build/car_drivers/car_drivers.egg-info/top_level.txt
reading manifest file '../../build/car_drivers/car_drivers.egg-info/SOURCES.txt'
writing manifest file '../../build/car_drivers/car_drivers.egg-info/SOURCES.txt'
running build
running build_py
copying car_drivers/move_drivers.py -> /root/Documents/robot/miniAGV/agv_ws/build/car_drivers/build/lib/car_drivers
running install
running install_lib
copying /root/Documents/robot/miniAGV/agv_ws/build/car_drivers/build/lib/car_drivers/move_drivers.py -> /root/Documents/robot/miniAGV/agv_ws/install/car_drivers/lib/python3.8/site-packages/car_drivers
byte-compiling /root/Documents/robot/miniAGV/agv_ws/install/car_drivers/lib/python3.8/site-packages/car_drivers/move_drivers.py to move_drivers.cpython-38.pyc
Sorry: IndentationError: unexpected indent (move_drivers.py, line 3)
running install_data
running install_egg_info
removing '/root/Documents/robot/miniAGV/agv_ws/install/car_drivers/lib/python3.8/site-packages/car_drivers-0.0.0-py3.8.egg-info' (and everything under it)
Copying ../../build/car_drivers/car_drivers.egg-info to /root/Documents/robot/miniAGV/agv_ws/install/car_drivers/lib/python3.8/site-packages/car_drivers-0.0.0-py3.8.egg-info
running install_scripts
Installing move_drivers script to /root/Documents/robot/miniAGV/agv_ws/install/car_drivers/lib/car_drivers
writing list of installed files to '/root/Documents/robot/miniAGV/agv_ws/build/car_drivers/install.log'
