[12.299s] Invoking command in '/root/Documents/robot/miniAGV/agv_ws/src/car_drivers': PYTHONPATH=/root/Documents/robot/miniAGV/agv_ws/build/car_drivers/prefix_override:/root/Documents/robot/miniAGV/agv_ws/install/car_drivers/lib/python3.8/site-packages:${PYTHONPATH} /usr/bin/python3 setup.py egg_info --egg-base ../../build/car_drivers build --build-base /root/Documents/robot/miniAGV/agv_ws/build/car_drivers/build install --record /root/Documents/robot/miniAGV/agv_ws/build/car_drivers/install.log --install-scripts $base/lib/car_drivers --single-version-externally-managed
[15.543s] running egg_info
[15.550s] writing ../../build/car_drivers/car_drivers.egg-info/PKG-INFO
[15.552s] writing dependency_links to ../../build/car_drivers/car_drivers.egg-info/dependency_links.txt
[15.562s] writing entry points to ../../build/car_drivers/car_drivers.egg-info/entry_points.txt
[15.566s] writing requirements to ../../build/car_drivers/car_drivers.egg-info/requires.txt
[15.570s] writing top-level names to ../../build/car_drivers/car_drivers.egg-info/top_level.txt
[15.907s] reading manifest file '../../build/car_drivers/car_drivers.egg-info/SOURCES.txt'
[15.917s] writing manifest file '../../build/car_drivers/car_drivers.egg-info/SOURCES.txt'
[15.919s] running build
[15.920s] running build_py
[15.922s] copying car_drivers/move_drivers.py -> /root/Documents/robot/miniAGV/agv_ws/build/car_drivers/build/lib/car_drivers
[15.924s] running install
[15.928s] running install_lib
[15.937s] copying /root/Documents/robot/miniAGV/agv_ws/build/car_drivers/build/lib/car_drivers/move_drivers.py -> /root/Documents/robot/miniAGV/agv_ws/install/car_drivers/lib/python3.8/site-packages/car_drivers
[15.943s] byte-compiling /root/Documents/robot/miniAGV/agv_ws/install/car_drivers/lib/python3.8/site-packages/car_drivers/move_drivers.py to move_drivers.cpython-38.pyc
[15.952s] Sorry: IndentationError: unexpected indent (move_drivers.py, line 3)
[15.954s] running install_data
[15.964s] running install_egg_info
[15.975s] removing '/root/Documents/robot/miniAGV/agv_ws/install/car_drivers/lib/python3.8/site-packages/car_drivers-0.0.0-py3.8.egg-info' (and everything under it)
[15.976s] Copying ../../build/car_drivers/car_drivers.egg-info to /root/Documents/robot/miniAGV/agv_ws/install/car_drivers/lib/python3.8/site-packages/car_drivers-0.0.0-py3.8.egg-info
[15.984s] running install_scripts
[16.143s] Installing move_drivers script to /root/Documents/robot/miniAGV/agv_ws/install/car_drivers/lib/car_drivers
[16.147s] writing list of installed files to '/root/Documents/robot/miniAGV/agv_ws/build/car_drivers/install.log'
[16.398s] Invoked command in '/root/Documents/robot/miniAGV/agv_ws/src/car_drivers' returned '0': PYTHONPATH=/root/Documents/robot/miniAGV/agv_ws/build/car_drivers/prefix_override:/root/Documents/robot/miniAGV/agv_ws/install/car_drivers/lib/python3.8/site-packages:${PYTHONPATH} /usr/bin/python3 setup.py egg_info --egg-base ../../build/car_drivers build --build-base /root/Documents/robot/miniAGV/agv_ws/build/car_drivers/build install --record /root/Documents/robot/miniAGV/agv_ws/build/car_drivers/install.log --install-scripts $base/lib/car_drivers --single-version-externally-managed
