[12.222s] Invoking command in '/root/Documents/robot/miniAGV/agv_ws/src/control': PYTHONPATH=/root/Documents/robot/miniAGV/agv_ws/build/control/prefix_override:/root/Documents/robot/miniAGV/agv_ws/install/control/lib/python3.8/site-packages:${PYTHONPATH} /usr/bin/python3 setup.py egg_info --egg-base ../../build/control build --build-base /root/Documents/robot/miniAGV/agv_ws/build/control/build install --record /root/Documents/robot/miniAGV/agv_ws/build/control/install.log --install-scripts $base/lib/control --single-version-externally-managed
[15.413s] running egg_info
[15.426s] writing ../../build/control/control.egg-info/PKG-INFO
[15.432s] writing dependency_links to ../../build/control/control.egg-info/dependency_links.txt
[15.434s] writing entry points to ../../build/control/control.egg-info/entry_points.txt
[15.435s] writing requirements to ../../build/control/control.egg-info/requires.txt
[15.436s] writing top-level names to ../../build/control/control.egg-info/top_level.txt
[15.773s] reading manifest file '../../build/control/control.egg-info/SOURCES.txt'
[15.781s] writing manifest file '../../build/control/control.egg-info/SOURCES.txt'
[15.785s] running build
[15.786s] running build_py
[15.788s] running install
[15.797s] running install_lib
[15.815s] running install_data
[15.817s] running install_egg_info
[15.836s] removing '/root/Documents/robot/miniAGV/agv_ws/install/control/lib/python3.8/site-packages/control-0.0.0-py3.8.egg-info' (and everything under it)
[15.838s] Copying ../../build/control/control.egg-info to /root/Documents/robot/miniAGV/agv_ws/install/control/lib/python3.8/site-packages/control-0.0.0-py3.8.egg-info
[15.844s] running install_scripts
[16.015s] Installing controller script to /root/Documents/robot/miniAGV/agv_ws/install/control/lib/control
[16.020s] Installing odometry script to /root/Documents/robot/miniAGV/agv_ws/install/control/lib/control
[16.022s] Installing trajectory script to /root/Documents/robot/miniAGV/agv_ws/install/control/lib/control
[16.023s] writing list of installed files to '/root/Documents/robot/miniAGV/agv_ws/build/control/install.log'
[16.255s] Invoked command in '/root/Documents/robot/miniAGV/agv_ws/src/control' returned '0': PYTHONPATH=/root/Documents/robot/miniAGV/agv_ws/build/control/prefix_override:/root/Documents/robot/miniAGV/agv_ws/install/control/lib/python3.8/site-packages:${PYTHONPATH} /usr/bin/python3 setup.py egg_info --egg-base ../../build/control build --build-base /root/Documents/robot/miniAGV/agv_ws/build/control/build install --record /root/Documents/robot/miniAGV/agv_ws/build/control/install.log --install-scripts $base/lib/control --single-version-externally-managed
