[11.943s] Invoking command in '/root/Documents/robot/miniAGV/agv_ws/src/control': PYTHONPATH=/root/Documents/robot/miniAGV/agv_ws/build/control/prefix_override:/root/Documents/robot/miniAGV/agv_ws/install/control/lib/python3.8/site-packages:${PYTHONPATH} /usr/bin/python3 setup.py egg_info --egg-base ../../build/control build --build-base /root/Documents/robot/miniAGV/agv_ws/build/control/build install --record /root/Documents/robot/miniAGV/agv_ws/build/control/install.log --install-scripts $base/lib/control --single-version-externally-managed
[15.125s] running egg_info
[15.130s] writing ../../build/control/control.egg-info/PKG-INFO
[15.137s] writing dependency_links to ../../build/control/control.egg-info/dependency_links.txt
[15.138s] writing entry points to ../../build/control/control.egg-info/entry_points.txt
[15.140s] writing requirements to ../../build/control/control.egg-info/requires.txt
[15.140s] writing top-level names to ../../build/control/control.egg-info/top_level.txt
[15.487s] reading manifest file '../../build/control/control.egg-info/SOURCES.txt'
[15.494s] writing manifest file '../../build/control/control.egg-info/SOURCES.txt'
[15.499s] running build
[15.502s] running build_py
[15.503s] copying control/controller.py -> /root/Documents/robot/miniAGV/agv_ws/build/control/build/lib/control
[15.505s] copying control/odometry.py -> /root/Documents/robot/miniAGV/agv_ws/build/control/build/lib/control
[15.506s] running install
[15.510s] running install_lib
[15.519s] copying /root/Documents/robot/miniAGV/agv_ws/build/control/build/lib/control/controller.py -> /root/Documents/robot/miniAGV/agv_ws/install/control/lib/python3.8/site-packages/control
[15.520s] copying /root/Documents/robot/miniAGV/agv_ws/build/control/build/lib/control/odometry.py -> /root/Documents/robot/miniAGV/agv_ws/install/control/lib/python3.8/site-packages/control
[15.530s] byte-compiling /root/Documents/robot/miniAGV/agv_ws/install/control/lib/python3.8/site-packages/control/controller.py to controller.cpython-38.pyc
[15.543s] byte-compiling /root/Documents/robot/miniAGV/agv_ws/install/control/lib/python3.8/site-packages/control/odometry.py to odometry.cpython-38.pyc
[15.548s] running install_data
[15.552s] running install_egg_info
[15.577s] removing '/root/Documents/robot/miniAGV/agv_ws/install/control/lib/python3.8/site-packages/control-0.0.0-py3.8.egg-info' (and everything under it)
[15.579s] Copying ../../build/control/control.egg-info to /root/Documents/robot/miniAGV/agv_ws/install/control/lib/python3.8/site-packages/control-0.0.0-py3.8.egg-info
[15.581s] running install_scripts
[15.750s] Installing controller script to /root/Documents/robot/miniAGV/agv_ws/install/control/lib/control
[15.751s] Installing odometry script to /root/Documents/robot/miniAGV/agv_ws/install/control/lib/control
[15.753s] Installing trajectory script to /root/Documents/robot/miniAGV/agv_ws/install/control/lib/control
[15.755s] writing list of installed files to '/root/Documents/robot/miniAGV/agv_ws/build/control/install.log'
[15.994s] Invoked command in '/root/Documents/robot/miniAGV/agv_ws/src/control' returned '0': PYTHONPATH=/root/Documents/robot/miniAGV/agv_ws/build/control/prefix_override:/root/Documents/robot/miniAGV/agv_ws/install/control/lib/python3.8/site-packages:${PYTHONPATH} /usr/bin/python3 setup.py egg_info --egg-base ../../build/control build --build-base /root/Documents/robot/miniAGV/agv_ws/build/control/build install --record /root/Documents/robot/miniAGV/agv_ws/build/control/install.log --install-scripts $base/lib/control --single-version-externally-managed
