[12.511s] Invoking command in '/root/Documents/robot/miniAGV/agv_ws/src/control': PYTHONPATH=/root/Documents/robot/miniAGV/agv_ws/build/control/prefix_override:/root/Documents/robot/miniAGV/agv_ws/install/control/lib/python3.8/site-packages:${PYTHONPATH} /usr/bin/python3 setup.py egg_info --egg-base ../../build/control build --build-base /root/Documents/robot/miniAGV/agv_ws/build/control/build install --record /root/Documents/robot/miniAGV/agv_ws/build/control/install.log --install-scripts $base/lib/control --single-version-externally-managed
[15.760s] running egg_info
[15.764s] writing ../../build/control/control.egg-info/PKG-INFO
[15.766s] writing dependency_links to ../../build/control/control.egg-info/dependency_links.txt
[15.768s] writing entry points to ../../build/control/control.egg-info/entry_points.txt
[15.772s] writing requirements to ../../build/control/control.egg-info/requires.txt
[15.775s] writing top-level names to ../../build/control/control.egg-info/top_level.txt
[16.127s] reading manifest file '../../build/control/control.egg-info/SOURCES.txt'
[16.136s] writing manifest file '../../build/control/control.egg-info/SOURCES.txt'
[16.140s] running build
[16.141s] running build_py
[16.145s] copying control/trajectory.py -> /root/Documents/robot/miniAGV/agv_ws/build/control/build/lib/control
[16.146s] running install
[16.150s] running install_lib
[16.158s] copying /root/Documents/robot/miniAGV/agv_ws/build/control/build/lib/control/trajectory.py -> /root/Documents/robot/miniAGV/agv_ws/install/control/lib/python3.8/site-packages/control
[16.165s] byte-compiling /root/Documents/robot/miniAGV/agv_ws/install/control/lib/python3.8/site-packages/control/trajectory.py to trajectory.cpython-38.pyc
[16.178s] running install_data
[16.186s] running install_egg_info
[16.200s] removing '/root/Documents/robot/miniAGV/agv_ws/install/control/lib/python3.8/site-packages/control-0.0.0-py3.8.egg-info' (and everything under it)
[16.211s] Copying ../../build/control/control.egg-info to /root/Documents/robot/miniAGV/agv_ws/install/control/lib/python3.8/site-packages/control-0.0.0-py3.8.egg-info
[16.214s] running install_scripts
[16.390s] Installing controller script to /root/Documents/robot/miniAGV/agv_ws/install/control/lib/control
[16.391s] Installing odometry script to /root/Documents/robot/miniAGV/agv_ws/install/control/lib/control
[16.399s] Installing trajectory script to /root/Documents/robot/miniAGV/agv_ws/install/control/lib/control
[16.401s] writing list of installed files to '/root/Documents/robot/miniAGV/agv_ws/build/control/install.log'
[16.769s] Invoked command in '/root/Documents/robot/miniAGV/agv_ws/src/control' returned '0': PYTHONPATH=/root/Documents/robot/miniAGV/agv_ws/build/control/prefix_override:/root/Documents/robot/miniAGV/agv_ws/install/control/lib/python3.8/site-packages:${PYTHONPATH} /usr/bin/python3 setup.py egg_info --egg-base ../../build/control build --build-base /root/Documents/robot/miniAGV/agv_ws/build/control/build install --record /root/Documents/robot/miniAGV/agv_ws/build/control/install.log --install-scripts $base/lib/control --single-version-externally-managed
