[12.052s] Invoking command in '/root/Documents/robot/miniAGV/agv_ws/src/control': PYTHONPATH=/root/Documents/robot/miniAGV/agv_ws/build/control/prefix_override:/root/Documents/robot/miniAGV/agv_ws/install/control/lib/python3.8/site-packages:${PYTHONPATH} /usr/bin/python3 setup.py egg_info --egg-base ../../build/control build --build-base /root/Documents/robot/miniAGV/agv_ws/build/control/build install --record /root/Documents/robot/miniAGV/agv_ws/build/control/install.log --install-scripts $base/lib/control --single-version-externally-managed
[15.276s] running egg_info
[15.282s] writing ../../build/control/control.egg-info/PKG-INFO
[15.293s] writing dependency_links to ../../build/control/control.egg-info/dependency_links.txt
[15.297s] writing entry points to ../../build/control/control.egg-info/entry_points.txt
[15.300s] writing requirements to ../../build/control/control.egg-info/requires.txt
[15.303s] writing top-level names to ../../build/control/control.egg-info/top_level.txt
[15.649s] reading manifest file '../../build/control/control.egg-info/SOURCES.txt'
[15.657s] writing manifest file '../../build/control/control.egg-info/SOURCES.txt'
[15.658s] running build
[15.659s] running build_py
[15.661s] copying control/trajectory.py -> /root/Documents/robot/miniAGV/agv_ws/build/control/build/lib/control
[15.662s] running install
[15.670s] running install_lib
[15.679s] copying /root/Documents/robot/miniAGV/agv_ws/build/control/build/lib/control/trajectory.py -> /root/Documents/robot/miniAGV/agv_ws/install/control/lib/python3.8/site-packages/control
[15.685s] byte-compiling /root/Documents/robot/miniAGV/agv_ws/install/control/lib/python3.8/site-packages/control/trajectory.py to trajectory.cpython-38.pyc
[15.706s] running install_data
[15.708s] running install_egg_info
[15.725s] removing '/root/Documents/robot/miniAGV/agv_ws/install/control/lib/python3.8/site-packages/control-0.0.0-py3.8.egg-info' (and everything under it)
[15.727s] Copying ../../build/control/control.egg-info to /root/Documents/robot/miniAGV/agv_ws/install/control/lib/python3.8/site-packages/control-0.0.0-py3.8.egg-info
[15.736s] running install_scripts
[15.907s] Installing controller script to /root/Documents/robot/miniAGV/agv_ws/install/control/lib/control
[15.908s] Installing odometry script to /root/Documents/robot/miniAGV/agv_ws/install/control/lib/control
[15.911s] Installing trajectory script to /root/Documents/robot/miniAGV/agv_ws/install/control/lib/control
[15.918s] writing list of installed files to '/root/Documents/robot/miniAGV/agv_ws/build/control/install.log'
[16.142s] Invoked command in '/root/Documents/robot/miniAGV/agv_ws/src/control' returned '0': PYTHONPATH=/root/Documents/robot/miniAGV/agv_ws/build/control/prefix_override:/root/Documents/robot/miniAGV/agv_ws/install/control/lib/python3.8/site-packages:${PYTHONPATH} /usr/bin/python3 setup.py egg_info --egg-base ../../build/control build --build-base /root/Documents/robot/miniAGV/agv_ws/build/control/build install --record /root/Documents/robot/miniAGV/agv_ws/build/control/install.log --install-scripts $base/lib/control --single-version-externally-managed
