[12.136s] Invoking command in '/root/Documents/robot/miniAGV/agv_ws/src/car_drivers': PYTHONPATH=/root/Documents/robot/miniAGV/agv_ws/build/car_drivers/prefix_override:/root/Documents/robot/miniAGV/agv_ws/install/car_drivers/lib/python3.8/site-packages:${PYTHONPATH} /usr/bin/python3 setup.py egg_info --egg-base ../../build/car_drivers build --build-base /root/Documents/robot/miniAGV/agv_ws/build/car_drivers/build install --record /root/Documents/robot/miniAGV/agv_ws/build/car_drivers/install.log --install-scripts $base/lib/car_drivers --single-version-externally-managed
[15.342s] running egg_info
[15.346s] creating ../../build/car_drivers/car_drivers.egg-info
[15.348s] writing ../../build/car_drivers/car_drivers.egg-info/PKG-INFO
[15.356s] writing dependency_links to ../../build/car_drivers/car_drivers.egg-info/dependency_links.txt
[15.357s] writing entry points to ../../build/car_drivers/car_drivers.egg-info/entry_points.txt
[15.359s] writing requirements to ../../build/car_drivers/car_drivers.egg-info/requires.txt
[15.366s] writing top-level names to ../../build/car_drivers/car_drivers.egg-info/top_level.txt
[15.383s] writing manifest file '../../build/car_drivers/car_drivers.egg-info/SOURCES.txt'
[15.730s] reading manifest file '../../build/car_drivers/car_drivers.egg-info/SOURCES.txt'
[15.738s] writing manifest file '../../build/car_drivers/car_drivers.egg-info/SOURCES.txt'
[15.741s] running build
[15.742s] running build_py
[15.743s] creating /root/Documents/robot/miniAGV/agv_ws/build/car_drivers/build
[15.744s] creating /root/Documents/robot/miniAGV/agv_ws/build/car_drivers/build/lib
[15.745s] creating /root/Documents/robot/miniAGV/agv_ws/build/car_drivers/build/lib/car_drivers
[15.746s] copying car_drivers/move_drivers.py -> /root/Documents/robot/miniAGV/agv_ws/build/car_drivers/build/lib/car_drivers
[15.747s] copying car_drivers/__init__.py -> /root/Documents/robot/miniAGV/agv_ws/build/car_drivers/build/lib/car_drivers
[15.749s] running install
[15.751s] running install_lib
[15.762s] creating /root/Documents/robot/miniAGV/agv_ws/install/car_drivers/lib/python3.8/site-packages/car_drivers
[15.763s] copying /root/Documents/robot/miniAGV/agv_ws/build/car_drivers/build/lib/car_drivers/move_drivers.py -> /root/Documents/robot/miniAGV/agv_ws/install/car_drivers/lib/python3.8/site-packages/car_drivers
[15.765s] copying /root/Documents/robot/miniAGV/agv_ws/build/car_drivers/build/lib/car_drivers/__init__.py -> /root/Documents/robot/miniAGV/agv_ws/install/car_drivers/lib/python3.8/site-packages/car_drivers
[15.770s] byte-compiling /root/Documents/robot/miniAGV/agv_ws/install/car_drivers/lib/python3.8/site-packages/car_drivers/move_drivers.py to move_drivers.cpython-38.pyc
[15.779s] byte-compiling /root/Documents/robot/miniAGV/agv_ws/install/car_drivers/lib/python3.8/site-packages/car_drivers/__init__.py to __init__.cpython-38.pyc
[15.780s] running install_data
[15.787s] creating /root/Documents/robot/miniAGV/agv_ws/install/car_drivers/share/ament_index
[15.789s] creating /root/Documents/robot/miniAGV/agv_ws/install/car_drivers/share/ament_index/resource_index
[15.794s] creating /root/Documents/robot/miniAGV/agv_ws/install/car_drivers/share/ament_index/resource_index/packages
[15.795s] copying resource/car_drivers -> /root/Documents/robot/miniAGV/agv_ws/install/car_drivers/share/ament_index/resource_index/packages
[15.797s] copying package.xml -> /root/Documents/robot/miniAGV/agv_ws/install/car_drivers/share/car_drivers
[15.797s] creating /root/Documents/robot/miniAGV/agv_ws/install/car_drivers/share/car_drivers/launch
[15.803s] creating /root/Documents/robot/miniAGV/agv_ws/install/car_drivers/share/car_drivers/params
[15.804s] copying params/imu_filter_param.yaml -> /root/Documents/robot/miniAGV/agv_ws/install/car_drivers/share/car_drivers/params
[15.806s] running install_egg_info
[15.821s] Copying ../../build/car_drivers/car_drivers.egg-info to /root/Documents/robot/miniAGV/agv_ws/install/car_drivers/lib/python3.8/site-packages/car_drivers-0.0.0-py3.8.egg-info
[15.825s] running install_scripts
[15.981s] Installing move_drivers script to /root/Documents/robot/miniAGV/agv_ws/install/car_drivers/lib/car_drivers
[15.984s] writing list of installed files to '/root/Documents/robot/miniAGV/agv_ws/build/car_drivers/install.log'
[16.228s] Invoked command in '/root/Documents/robot/miniAGV/agv_ws/src/car_drivers' returned '0': PYTHONPATH=/root/Documents/robot/miniAGV/agv_ws/build/car_drivers/prefix_override:/root/Documents/robot/miniAGV/agv_ws/install/car_drivers/lib/python3.8/site-packages:${PYTHONPATH} /usr/bin/python3 setup.py egg_info --egg-base ../../build/car_drivers build --build-base /root/Documents/robot/miniAGV/agv_ws/build/car_drivers/build install --record /root/Documents/robot/miniAGV/agv_ws/build/car_drivers/install.log --install-scripts $base/lib/car_drivers --single-version-externally-managed
