[11.862s] Invoking command in '/root/Documents/robot/miniAGV/agv_ws/src/control': PYTHONPATH=/root/Documents/robot/miniAGV/agv_ws/build/control/prefix_override:/root/Documents/robot/miniAGV/agv_ws/install/control/lib/python3.8/site-packages:${PYTHONPATH} /usr/bin/python3 setup.py egg_info --egg-base ../../build/control build --build-base /root/Documents/robot/miniAGV/agv_ws/build/control/build install --record /root/Documents/robot/miniAGV/agv_ws/build/control/install.log --install-scripts $base/lib/control --single-version-externally-managed
[15.016s] running egg_info
[15.021s] writing ../../build/control/control.egg-info/PKG-INFO
[15.024s] writing dependency_links to ../../build/control/control.egg-info/dependency_links.txt
[15.027s] writing entry points to ../../build/control/control.egg-info/entry_points.txt
[15.028s] writing requirements to ../../build/control/control.egg-info/requires.txt
[15.029s] writing top-level names to ../../build/control/control.egg-info/top_level.txt
[15.384s] reading manifest file '../../build/control/control.egg-info/SOURCES.txt'
[15.396s] writing manifest file '../../build/control/control.egg-info/SOURCES.txt'
[15.402s] running build
[15.407s] running build_py
[15.411s] running install
[15.419s] running install_lib
[15.433s] running install_data
[15.434s] running install_egg_info
[15.452s] removing '/root/Documents/robot/miniAGV/agv_ws/install/control/lib/python3.8/site-packages/control-0.0.0-py3.8.egg-info' (and everything under it)
[15.454s] Copying ../../build/control/control.egg-info to /root/Documents/robot/miniAGV/agv_ws/install/control/lib/python3.8/site-packages/control-0.0.0-py3.8.egg-info
[15.465s] running install_scripts
[15.627s] Installing controller script to /root/Documents/robot/miniAGV/agv_ws/install/control/lib/control
[15.637s] Installing odometry script to /root/Documents/robot/miniAGV/agv_ws/install/control/lib/control
[15.638s] Installing trajectory script to /root/Documents/robot/miniAGV/agv_ws/install/control/lib/control
[15.640s] writing list of installed files to '/root/Documents/robot/miniAGV/agv_ws/build/control/install.log'
[15.866s] Invoked command in '/root/Documents/robot/miniAGV/agv_ws/src/control' returned '0': PYTHONPATH=/root/Documents/robot/miniAGV/agv_ws/build/control/prefix_override:/root/Documents/robot/miniAGV/agv_ws/install/control/lib/python3.8/site-packages:${PYTHONPATH} /usr/bin/python3 setup.py egg_info --egg-base ../../build/control build --build-base /root/Documents/robot/miniAGV/agv_ws/build/control/build install --record /root/Documents/robot/miniAGV/agv_ws/build/control/install.log --install-scripts $base/lib/control --single-version-externally-managed
