[4.382s] DEBUG:colcon:Command line arguments: ['/usr/bin/colcon', 'build']
[4.383s] DEBUG:colcon:Parsed command line arguments: Namespace(allow_overriding=[], ament_cmake_args=None, base_paths=['.'], build_base='build', catkin_cmake_args=None, catkin_skip_building_tests=False, cmake_args=None, cmake_clean_cache=False, cmake_clean_first=False, cmake_force_configure=False, cmake_target=None, cmake_target_skip_unavailable=False, continue_on_error=False, event_handlers=None, executor='parallel', ignore_user_meta=False, install_base='install', log_base=None, log_level=None, main=<bound method BuildVerb.main of <colcon_core.verb.build.BuildVerb object at 0x7f976f27c0>>, merge_install=False, metas=['./colcon.meta'], packages_above=None, packages_above_and_dependencies=None, packages_above_depth=None, packages_end=None, packages_ignore=None, packages_ignore_regex=None, packages_select=None, packages_select_build_failed=False, packages_select_by_dep=None, packages_select_regex=None, packages_select_test_failures=False, packages_skip=None, packages_skip_build_finished=False, packages_skip_by_dep=None, packages_skip_regex=None, packages_skip_test_passed=False, packages_skip_up_to=None, packages_start=None, packages_up_to=None, packages_up_to_regex=None, parallel_workers=4, paths=None, symlink_install=False, test_result_base=None, verb_extension=<colcon_core.verb.build.BuildVerb object at 0x7f976f27c0>, verb_name='build', verb_parser=<colcon_defaults.argument_parser.defaults.DefaultArgumentsDecorator object at 0x7f976fc4c0>)
[4.776s] Level 1:colcon.colcon_core.package_discovery:discover_packages(colcon_meta) check parameters
[4.777s] Level 1:colcon.colcon_core.package_discovery:discover_packages(recursive) check parameters
[4.777s] Level 1:colcon.colcon_core.package_discovery:discover_packages(ignore) check parameters
[4.777s] Level 1:colcon.colcon_core.package_discovery:discover_packages(path) check parameters
[4.777s] Level 1:colcon.colcon_core.package_discovery:discover_packages(colcon_meta) discover
[4.778s] Level 1:colcon.colcon_core.package_discovery:discover_packages(recursive) discover
[4.778s] INFO:colcon.colcon_core.package_discovery:Crawling recursively for packages in '/root/Documents/robot/miniAGV/agv_ws'
[4.779s] Level 1:colcon.colcon_core.package_identification:_identify(.) by extensions ['ignore', 'ignore_ament_install']
[4.780s] Level 1:colcon.colcon_core.package_identification:_identify(.) by extension 'ignore'
[4.780s] Level 1:colcon.colcon_core.package_identification:_identify(.) by extension 'ignore_ament_install'
[4.781s] Level 1:colcon.colcon_core.package_identification:_identify(.) by extensions ['colcon_pkg']
[4.781s] Level 1:colcon.colcon_core.package_identification:_identify(.) by extension 'colcon_pkg'
[4.781s] Level 1:colcon.colcon_core.package_identification:_identify(.) by extensions ['colcon_meta']
[4.782s] Level 1:colcon.colcon_core.package_identification:_identify(.) by extension 'colcon_meta'
[4.782s] Level 1:colcon.colcon_core.package_identification:_identify(.) by extensions ['ros']
[4.782s] Level 1:colcon.colcon_core.package_identification:_identify(.) by extension 'ros'
[4.976s] Level 1:colcon.colcon_core.package_identification:_identify(.) by extensions ['cmake', 'python']
[4.977s] Level 1:colcon.colcon_core.package_identification:_identify(.) by extension 'cmake'
[4.977s] Level 1:colcon.colcon_core.package_identification:_identify(.) by extension 'python'
[4.978s] Level 1:colcon.colcon_core.package_identification:_identify(.) by extensions ['python_setup_py']
[4.978s] Level 1:colcon.colcon_core.package_identification:_identify(.) by extension 'python_setup_py'
[4.979s] Level 1:colcon.colcon_core.package_identification:_identify(build) by extensions ['ignore', 'ignore_ament_install']
[4.980s] Level 1:colcon.colcon_core.package_identification:_identify(build) by extension 'ignore'
[4.980s] Level 1:colcon.colcon_core.package_identification:_identify(build) ignored
[4.981s] Level 1:colcon.colcon_core.package_identification:_identify(install) by extensions ['ignore', 'ignore_ament_install']
[4.982s] Level 1:colcon.colcon_core.package_identification:_identify(install) by extension 'ignore'
[4.983s] Level 1:colcon.colcon_core.package_identification:_identify(install) ignored
[4.984s] Level 1:colcon.colcon_core.package_identification:_identify(log) by extensions ['ignore', 'ignore_ament_install']
[4.985s] Level 1:colcon.colcon_core.package_identification:_identify(log) by extension 'ignore'
[4.986s] Level 1:colcon.colcon_core.package_identification:_identify(log) ignored
[4.988s] Level 1:colcon.colcon_core.package_identification:_identify(src) by extensions ['ignore', 'ignore_ament_install']
[4.990s] Level 1:colcon.colcon_core.package_identification:_identify(src) by extension 'ignore'
[4.991s] Level 1:colcon.colcon_core.package_identification:_identify(src) by extension 'ignore_ament_install'
[4.992s] Level 1:colcon.colcon_core.package_identification:_identify(src) by extensions ['colcon_pkg']
[4.992s] Level 1:colcon.colcon_core.package_identification:_identify(src) by extension 'colcon_pkg'
[4.993s] Level 1:colcon.colcon_core.package_identification:_identify(src) by extensions ['colcon_meta']
[4.993s] Level 1:colcon.colcon_core.package_identification:_identify(src) by extension 'colcon_meta'
[4.994s] Level 1:colcon.colcon_core.package_identification:_identify(src) by extensions ['ros']
[4.994s] Level 1:colcon.colcon_core.package_identification:_identify(src) by extension 'ros'
[4.995s] Level 1:colcon.colcon_core.package_identification:_identify(src) by extensions ['cmake', 'python']
[4.995s] Level 1:colcon.colcon_core.package_identification:_identify(src) by extension 'cmake'
[4.996s] Level 1:colcon.colcon_core.package_identification:_identify(src) by extension 'python'
[4.996s] Level 1:colcon.colcon_core.package_identification:_identify(src) by extensions ['python_setup_py']
[4.997s] Level 1:colcon.colcon_core.package_identification:_identify(src) by extension 'python_setup_py'
[4.997s] Level 1:colcon.colcon_core.package_identification:_identify(src/car_drivers) by extensions ['ignore', 'ignore_ament_install']
[4.998s] Level 1:colcon.colcon_core.package_identification:_identify(src/car_drivers) by extension 'ignore'
[4.999s] Level 1:colcon.colcon_core.package_identification:_identify(src/car_drivers) by extension 'ignore_ament_install'
[4.999s] Level 1:colcon.colcon_core.package_identification:_identify(src/car_drivers) by extensions ['colcon_pkg']
[5.000s] Level 1:colcon.colcon_core.package_identification:_identify(src/car_drivers) by extension 'colcon_pkg'
[5.000s] Level 1:colcon.colcon_core.package_identification:_identify(src/car_drivers) by extensions ['colcon_meta']
[5.000s] Level 1:colcon.colcon_core.package_identification:_identify(src/car_drivers) by extension 'colcon_meta'
[5.001s] Level 1:colcon.colcon_core.package_identification:_identify(src/car_drivers) by extensions ['ros']
[5.001s] Level 1:colcon.colcon_core.package_identification:_identify(src/car_drivers) by extension 'ros'
[5.026s] DEBUG:colcon.colcon_core.package_identification:Package 'src/car_drivers' with type 'ros.ament_python' and name 'car_drivers'
[5.028s] Level 1:colcon.colcon_core.package_identification:_identify(src/control) by extensions ['ignore', 'ignore_ament_install']
[5.029s] Level 1:colcon.colcon_core.package_identification:_identify(src/control) by extension 'ignore'
[5.030s] Level 1:colcon.colcon_core.package_identification:_identify(src/control) by extension 'ignore_ament_install'
[5.030s] Level 1:colcon.colcon_core.package_identification:_identify(src/control) by extensions ['colcon_pkg']
[5.031s] Level 1:colcon.colcon_core.package_identification:_identify(src/control) by extension 'colcon_pkg'
[5.031s] Level 1:colcon.colcon_core.package_identification:_identify(src/control) by extensions ['colcon_meta']
[5.032s] Level 1:colcon.colcon_core.package_identification:_identify(src/control) by extension 'colcon_meta'
[5.032s] Level 1:colcon.colcon_core.package_identification:_identify(src/control) by extensions ['ros']
[5.032s] Level 1:colcon.colcon_core.package_identification:_identify(src/control) by extension 'ros'
[5.037s] DEBUG:colcon.colcon_core.package_identification:Package 'src/control' with type 'ros.ament_python' and name 'control'
[5.037s] Level 1:colcon.colcon_core.package_discovery:discover_packages(recursive) using defaults
[5.038s] Level 1:colcon.colcon_core.package_discovery:discover_packages(ignore) discover
[5.038s] Level 1:colcon.colcon_core.package_discovery:discover_packages(ignore) using defaults
[5.038s] Level 1:colcon.colcon_core.package_discovery:discover_packages(path) discover
[5.038s] Level 1:colcon.colcon_core.package_discovery:discover_packages(path) using defaults
[5.262s] Level 1:colcon.colcon_core.package_discovery:discover_packages(prefix_path) check parameters
[5.262s] Level 1:colcon.colcon_core.package_discovery:discover_packages(prefix_path) discover
[5.328s] DEBUG:colcon.colcon_installed_package_information.package_discovery:Found 2 installed packages in /root/Documents/robot/miniAGV/agv_ws/install
[5.344s] DEBUG:colcon.colcon_installed_package_information.package_discovery:Found 31 installed packages in /root/software/nav2_ws/install
[5.362s] DEBUG:colcon.colcon_installed_package_information.package_discovery:Found 22 installed packages in /root/software/library_ws/install
[5.379s] DEBUG:colcon.colcon_installed_package_information.package_discovery:Found 24 installed packages in /root/yahboomcar_ws/install
[5.441s] DEBUG:colcon.colcon_installed_package_information.package_discovery:Found 424 installed packages in /opt/tros
[5.499s] DEBUG:colcon.colcon_installed_package_information.package_discovery:Found 361 installed packages in /opt/ros/foxy
[5.610s] Level 1:colcon.colcon_core.package_discovery:discover_packages(prefix_path) using defaults
[7.385s] Level 5:colcon.colcon_core.verb:set package 'car_drivers' build argument 'cmake_args' from command line to 'None'
[7.386s] Level 5:colcon.colcon_core.verb:set package 'car_drivers' build argument 'cmake_target' from command line to 'None'
[7.386s] Level 5:colcon.colcon_core.verb:set package 'car_drivers' build argument 'cmake_target_skip_unavailable' from command line to 'False'
[7.386s] Level 5:colcon.colcon_core.verb:set package 'car_drivers' build argument 'cmake_clean_cache' from command line to 'False'
[7.387s] Level 5:colcon.colcon_core.verb:set package 'car_drivers' build argument 'cmake_clean_first' from command line to 'False'
[7.387s] Level 5:colcon.colcon_core.verb:set package 'car_drivers' build argument 'cmake_force_configure' from command line to 'False'
[7.387s] Level 5:colcon.colcon_core.verb:set package 'car_drivers' build argument 'ament_cmake_args' from command line to 'None'
[7.387s] Level 5:colcon.colcon_core.verb:set package 'car_drivers' build argument 'catkin_cmake_args' from command line to 'None'
[7.387s] Level 5:colcon.colcon_core.verb:set package 'car_drivers' build argument 'catkin_skip_building_tests' from command line to 'False'
[7.388s] DEBUG:colcon.colcon_core.verb:Building package 'car_drivers' with the following arguments: {'ament_cmake_args': None, 'build_base': '/root/Documents/robot/miniAGV/agv_ws/build/car_drivers', 'catkin_cmake_args': None, 'catkin_skip_building_tests': False, 'cmake_args': None, 'cmake_clean_cache': False, 'cmake_clean_first': False, 'cmake_force_configure': False, 'cmake_target': None, 'cmake_target_skip_unavailable': False, 'install_base': '/root/Documents/robot/miniAGV/agv_ws/install/car_drivers', 'merge_install': False, 'path': '/root/Documents/robot/miniAGV/agv_ws/src/car_drivers', 'symlink_install': False, 'test_result_base': None}
[7.399s] Level 5:colcon.colcon_core.verb:set package 'control' build argument 'cmake_args' from command line to 'None'
[7.400s] Level 5:colcon.colcon_core.verb:set package 'control' build argument 'cmake_target' from command line to 'None'
[7.400s] Level 5:colcon.colcon_core.verb:set package 'control' build argument 'cmake_target_skip_unavailable' from command line to 'False'
[7.401s] Level 5:colcon.colcon_core.verb:set package 'control' build argument 'cmake_clean_cache' from command line to 'False'
[7.401s] Level 5:colcon.colcon_core.verb:set package 'control' build argument 'cmake_clean_first' from command line to 'False'
[7.401s] Level 5:colcon.colcon_core.verb:set package 'control' build argument 'cmake_force_configure' from command line to 'False'
[7.401s] Level 5:colcon.colcon_core.verb:set package 'control' build argument 'ament_cmake_args' from command line to 'None'
[7.401s] Level 5:colcon.colcon_core.verb:set package 'control' build argument 'catkin_cmake_args' from command line to 'None'
[7.402s] Level 5:colcon.colcon_core.verb:set package 'control' build argument 'catkin_skip_building_tests' from command line to 'False'
[7.402s] DEBUG:colcon.colcon_core.verb:Building package 'control' with the following arguments: {'ament_cmake_args': None, 'build_base': '/root/Documents/robot/miniAGV/agv_ws/build/control', 'catkin_cmake_args': None, 'catkin_skip_building_tests': False, 'cmake_args': None, 'cmake_clean_cache': False, 'cmake_clean_first': False, 'cmake_force_configure': False, 'cmake_target': None, 'cmake_target_skip_unavailable': False, 'install_base': '/root/Documents/robot/miniAGV/agv_ws/install/control', 'merge_install': False, 'path': '/root/Documents/robot/miniAGV/agv_ws/src/control', 'symlink_install': False, 'test_result_base': None}
[7.409s] INFO:colcon.colcon_core.executor:Executing jobs using 'parallel' executor
[7.444s] DEBUG:colcon.colcon_parallel_executor.executor.parallel:run_until_complete
[7.446s] INFO:colcon.colcon_ros.task.ament_python.build:Building ROS package in '/root/Documents/robot/miniAGV/agv_ws/src/car_drivers' with build type 'ament_python'
[7.447s] Level 1:colcon.colcon_core.shell:create_environment_hook('car_drivers', 'ament_prefix_path')
[7.530s] INFO:colcon.colcon_core.plugin_system:Skipping extension 'colcon_core.shell.bat': Not used on non-Windows systems
[7.531s] INFO:colcon.colcon_core.shell:Creating environment hook '/root/Documents/robot/miniAGV/agv_ws/install/car_drivers/share/car_drivers/hook/ament_prefix_path.ps1'
[7.537s] INFO:colcon.colcon_core.shell:Creating environment descriptor '/root/Documents/robot/miniAGV/agv_ws/install/car_drivers/share/car_drivers/hook/ament_prefix_path.dsv'
[7.541s] INFO:colcon.colcon_core.shell:Creating environment hook '/root/Documents/robot/miniAGV/agv_ws/install/car_drivers/share/car_drivers/hook/ament_prefix_path.sh'
[7.561s] INFO:colcon.colcon_core.shell:Skip shell extension 'powershell' for command environment: Not usable outside of PowerShell
[7.562s] DEBUG:colcon.colcon_core.shell:Skip shell extension 'dsv' for command environment
[7.737s] INFO:colcon.colcon_ros.task.ament_python.build:Building ROS package in '/root/Documents/robot/miniAGV/agv_ws/src/control' with build type 'ament_python'
[7.739s] Level 1:colcon.colcon_core.shell:create_environment_hook('control', 'ament_prefix_path')
[7.758s] INFO:colcon.colcon_core.shell:Creating environment hook '/root/Documents/robot/miniAGV/agv_ws/install/control/share/control/hook/ament_prefix_path.ps1'
[7.761s] INFO:colcon.colcon_core.shell:Creating environment descriptor '/root/Documents/robot/miniAGV/agv_ws/install/control/share/control/hook/ament_prefix_path.dsv'
[7.764s] INFO:colcon.colcon_core.shell:Creating environment hook '/root/Documents/robot/miniAGV/agv_ws/install/control/share/control/hook/ament_prefix_path.sh'
[7.784s] INFO:colcon.colcon_core.shell:Skip shell extension 'powershell' for command environment: Not usable outside of PowerShell
[7.785s] DEBUG:colcon.colcon_core.shell:Skip shell extension 'dsv' for command environment
[11.094s] INFO:colcon.colcon_core.task.python.build:Building Python package in '/root/Documents/robot/miniAGV/agv_ws/src/car_drivers'
[11.112s] INFO:colcon.colcon_core.shell:Skip shell extension 'powershell' for command environment: Not usable outside of PowerShell
[11.113s] DEBUG:colcon.colcon_core.shell:Skip shell extension 'dsv' for command environment
[14.423s] INFO:colcon.colcon_core.task.python.build:Building Python package in '/root/Documents/robot/miniAGV/agv_ws/src/control'
[14.441s] INFO:colcon.colcon_core.shell:Skip shell extension 'powershell' for command environment: Not usable outside of PowerShell
[14.441s] DEBUG:colcon.colcon_core.shell:Skip shell extension 'dsv' for command environment
[20.191s] DEBUG:colcon.colcon_core.event_handler.log_command:Invoking command in '/root/Documents/robot/miniAGV/agv_ws/src/car_drivers': PYTHONPATH=/root/Documents/robot/miniAGV/agv_ws/build/car_drivers/prefix_override:/root/Documents/robot/miniAGV/agv_ws/install/car_drivers/lib/python3.8/site-packages:${PYTHONPATH} /usr/bin/python3 setup.py egg_info --egg-base ../../build/car_drivers build --build-base /root/Documents/robot/miniAGV/agv_ws/build/car_drivers/build install --record /root/Documents/robot/miniAGV/agv_ws/build/car_drivers/install.log --install-scripts $base/lib/car_drivers --single-version-externally-managed
[20.251s] DEBUG:colcon.colcon_core.event_handler.log_command:Invoking command in '/root/Documents/robot/miniAGV/agv_ws/src/control': PYTHONPATH=/root/Documents/robot/miniAGV/agv_ws/build/control/prefix_override:/root/Documents/robot/miniAGV/agv_ws/install/control/lib/python3.8/site-packages:${PYTHONPATH} /usr/bin/python3 setup.py egg_info --egg-base ../../build/control build --build-base /root/Documents/robot/miniAGV/agv_ws/build/control/build install --record /root/Documents/robot/miniAGV/agv_ws/build/control/install.log --install-scripts $base/lib/control --single-version-externally-managed
[24.326s] DEBUG:colcon.colcon_core.event_handler.log_command:Invoked command in '/root/Documents/robot/miniAGV/agv_ws/src/car_drivers' returned '0': PYTHONPATH=/root/Documents/robot/miniAGV/agv_ws/build/car_drivers/prefix_override:/root/Documents/robot/miniAGV/agv_ws/install/car_drivers/lib/python3.8/site-packages:${PYTHONPATH} /usr/bin/python3 setup.py egg_info --egg-base ../../build/car_drivers build --build-base /root/Documents/robot/miniAGV/agv_ws/build/car_drivers/build install --record /root/Documents/robot/miniAGV/agv_ws/build/car_drivers/install.log --install-scripts $base/lib/car_drivers --single-version-externally-managed
[24.385s] Level 1:colcon.colcon_core.environment:checking '/root/Documents/robot/miniAGV/agv_ws/install/car_drivers' for CMake module files
[24.389s] Level 1:colcon.colcon_core.environment:checking '/root/Documents/robot/miniAGV/agv_ws/install/car_drivers' for CMake config files
[24.393s] Level 1:colcon.colcon_core.environment:checking '/root/Documents/robot/miniAGV/agv_ws/install/car_drivers/lib'
[24.394s] Level 1:colcon.colcon_core.environment:checking '/root/Documents/robot/miniAGV/agv_ws/install/car_drivers/bin'
[24.395s] Level 1:colcon.colcon_core.environment:checking '/root/Documents/robot/miniAGV/agv_ws/install/car_drivers/lib/pkgconfig/car_drivers.pc'
[24.397s] Level 1:colcon.colcon_core.environment:checking '/root/Documents/robot/miniAGV/agv_ws/install/car_drivers/lib/python3.8/site-packages'
[24.397s] Level 1:colcon.colcon_core.shell:create_environment_hook('car_drivers', 'pythonpath')
[24.413s] INFO:colcon.colcon_core.shell:Creating environment hook '/root/Documents/robot/miniAGV/agv_ws/install/car_drivers/share/car_drivers/hook/pythonpath.ps1'
[24.415s] INFO:colcon.colcon_core.shell:Creating environment descriptor '/root/Documents/robot/miniAGV/agv_ws/install/car_drivers/share/car_drivers/hook/pythonpath.dsv'
[24.418s] INFO:colcon.colcon_core.shell:Creating environment hook '/root/Documents/robot/miniAGV/agv_ws/install/car_drivers/share/car_drivers/hook/pythonpath.sh'
[24.422s] Level 1:colcon.colcon_core.environment:checking '/root/Documents/robot/miniAGV/agv_ws/install/car_drivers/bin'
[24.422s] Level 1:colcon.colcon_core.environment:create_environment_scripts_only(car_drivers)
[24.440s] INFO:colcon.colcon_core.shell:Creating package script '/root/Documents/robot/miniAGV/agv_ws/install/car_drivers/share/car_drivers/package.ps1'
[24.448s] INFO:colcon.colcon_core.shell:Creating package descriptor '/root/Documents/robot/miniAGV/agv_ws/install/car_drivers/share/car_drivers/package.dsv'
[24.453s] INFO:colcon.colcon_core.shell:Creating package script '/root/Documents/robot/miniAGV/agv_ws/install/car_drivers/share/car_drivers/package.sh'
[24.461s] INFO:colcon.colcon_core.shell:Creating package script '/root/Documents/robot/miniAGV/agv_ws/install/car_drivers/share/car_drivers/package.bash'
[24.468s] INFO:colcon.colcon_core.shell:Creating package script '/root/Documents/robot/miniAGV/agv_ws/install/car_drivers/share/car_drivers/package.zsh'
[24.475s] Level 1:colcon.colcon_core.environment:create_file_with_runtime_dependencies(/root/Documents/robot/miniAGV/agv_ws/install/car_drivers/share/colcon-core/packages/car_drivers)
[24.504s] Level 1:colcon.colcon_core.environment:checking '/root/Documents/robot/miniAGV/agv_ws/install/control' for CMake module files
[24.509s] DEBUG:colcon.colcon_core.event_handler.log_command:Invoked command in '/root/Documents/robot/miniAGV/agv_ws/src/control' returned '0': PYTHONPATH=/root/Documents/robot/miniAGV/agv_ws/build/control/prefix_override:/root/Documents/robot/miniAGV/agv_ws/install/control/lib/python3.8/site-packages:${PYTHONPATH} /usr/bin/python3 setup.py egg_info --egg-base ../../build/control build --build-base /root/Documents/robot/miniAGV/agv_ws/build/control/build install --record /root/Documents/robot/miniAGV/agv_ws/build/control/install.log --install-scripts $base/lib/control --single-version-externally-managed
[24.511s] Level 1:colcon.colcon_core.environment:checking '/root/Documents/robot/miniAGV/agv_ws/install/control' for CMake config files
[24.514s] Level 1:colcon.colcon_core.environment:checking '/root/Documents/robot/miniAGV/agv_ws/install/control/lib'
[24.515s] Level 1:colcon.colcon_core.environment:checking '/root/Documents/robot/miniAGV/agv_ws/install/control/bin'
[24.515s] Level 1:colcon.colcon_core.environment:checking '/root/Documents/robot/miniAGV/agv_ws/install/control/lib/pkgconfig/control.pc'
[24.517s] Level 1:colcon.colcon_core.environment:checking '/root/Documents/robot/miniAGV/agv_ws/install/control/lib/python3.8/site-packages'
[24.518s] Level 1:colcon.colcon_core.shell:create_environment_hook('control', 'pythonpath')
[24.532s] INFO:colcon.colcon_core.shell:Creating environment hook '/root/Documents/robot/miniAGV/agv_ws/install/control/share/control/hook/pythonpath.ps1'
[24.534s] INFO:colcon.colcon_core.shell:Creating environment descriptor '/root/Documents/robot/miniAGV/agv_ws/install/control/share/control/hook/pythonpath.dsv'
[24.540s] INFO:colcon.colcon_core.shell:Creating environment hook '/root/Documents/robot/miniAGV/agv_ws/install/control/share/control/hook/pythonpath.sh'
[24.544s] Level 1:colcon.colcon_core.environment:checking '/root/Documents/robot/miniAGV/agv_ws/install/control/bin'
[24.545s] Level 1:colcon.colcon_core.environment:create_environment_scripts_only(control)
[24.560s] INFO:colcon.colcon_core.shell:Creating package script '/root/Documents/robot/miniAGV/agv_ws/install/control/share/control/package.ps1'
[24.563s] INFO:colcon.colcon_core.shell:Creating package descriptor '/root/Documents/robot/miniAGV/agv_ws/install/control/share/control/package.dsv'
[24.566s] INFO:colcon.colcon_core.shell:Creating package script '/root/Documents/robot/miniAGV/agv_ws/install/control/share/control/package.sh'
[24.572s] INFO:colcon.colcon_core.shell:Creating package script '/root/Documents/robot/miniAGV/agv_ws/install/control/share/control/package.bash'
[24.576s] INFO:colcon.colcon_core.shell:Creating package script '/root/Documents/robot/miniAGV/agv_ws/install/control/share/control/package.zsh'
[24.579s] Level 1:colcon.colcon_core.environment:create_file_with_runtime_dependencies(/root/Documents/robot/miniAGV/agv_ws/install/control/share/colcon-core/packages/control)
[24.581s] DEBUG:colcon.colcon_parallel_executor.executor.parallel:closing loop
[24.583s] DEBUG:colcon.colcon_parallel_executor.executor.parallel:loop closed
[24.584s] DEBUG:colcon.colcon_parallel_executor.executor.parallel:run_until_complete finished with '0'
[24.585s] DEBUG:colcon.colcon_core.event_reactor:joining thread
[24.637s] INFO:colcon.colcon_core.plugin_system:Skipping extension 'colcon_notification.desktop_notification.notify_send': Could not find 'notify-send'
[24.638s] INFO:colcon.colcon_core.plugin_system:Skipping extension 'colcon_notification.desktop_notification.terminal_notifier': Not used on non-Darwin systems
[24.639s] INFO:colcon.colcon_core.plugin_system:Skipping extension 'colcon_notification.desktop_notification.win32': Not used on non-Windows systems
[24.639s] INFO:colcon.colcon_notification.desktop_notification:Sending desktop notification using 'notify2'
[25.148s] DEBUG:colcon.colcon_core.event_reactor:joined thread
[25.168s] INFO:colcon.colcon_core.shell:Creating prefix script '/root/Documents/robot/miniAGV/agv_ws/install/local_setup.ps1'
[25.176s] INFO:colcon.colcon_core.shell:Creating prefix util module '/root/Documents/robot/miniAGV/agv_ws/install/_local_setup_util_ps1.py'
[25.188s] INFO:colcon.colcon_core.shell:Creating prefix chain script '/root/Documents/robot/miniAGV/agv_ws/install/setup.ps1'
[25.221s] INFO:colcon.colcon_core.shell:Creating prefix script '/root/Documents/robot/miniAGV/agv_ws/install/local_setup.sh'
[25.226s] INFO:colcon.colcon_core.shell:Creating prefix util module '/root/Documents/robot/miniAGV/agv_ws/install/_local_setup_util_sh.py'
[25.230s] INFO:colcon.colcon_core.shell:Creating prefix chain script '/root/Documents/robot/miniAGV/agv_ws/install/setup.sh'
[25.263s] INFO:colcon.colcon_core.shell:Creating prefix script '/root/Documents/robot/miniAGV/agv_ws/install/local_setup.bash'
[25.268s] INFO:colcon.colcon_core.shell:Creating prefix chain script '/root/Documents/robot/miniAGV/agv_ws/install/setup.bash'
[25.302s] INFO:colcon.colcon_core.shell:Creating prefix script '/root/Documents/robot/miniAGV/agv_ws/install/local_setup.zsh'
[25.307s] INFO:colcon.colcon_core.shell:Creating prefix chain script '/root/Documents/robot/miniAGV/agv_ws/install/setup.zsh'
