[12.452s] Invoking command in '/root/Documents/robot/miniAGV/agv_ws/src/car_drivers': PYTHONPATH=/root/Documents/robot/miniAGV/agv_ws/build/car_drivers/prefix_override:/root/Documents/robot/miniAGV/agv_ws/install/car_drivers/lib/python3.8/site-packages:${PYTHONPATH} /usr/bin/python3 setup.py egg_info --egg-base ../../build/car_drivers build --build-base /root/Documents/robot/miniAGV/agv_ws/build/car_drivers/build install --record /root/Documents/robot/miniAGV/agv_ws/build/car_drivers/install.log --install-scripts $base/lib/car_drivers --single-version-externally-managed
[15.818s] running egg_info
[15.830s] writing ../../build/car_drivers/car_drivers.egg-info/PKG-INFO
[15.834s] writing dependency_links to ../../build/car_drivers/car_drivers.egg-info/dependency_links.txt
[15.837s] writing entry points to ../../build/car_drivers/car_drivers.egg-info/entry_points.txt
[15.843s] writing requirements to ../../build/car_drivers/car_drivers.egg-info/requires.txt
[15.848s] writing top-level names to ../../build/car_drivers/car_drivers.egg-info/top_level.txt
[16.211s] reading manifest file '../../build/car_drivers/car_drivers.egg-info/SOURCES.txt'
[16.219s] writing manifest file '../../build/car_drivers/car_drivers.egg-info/SOURCES.txt'
[16.220s] running build
[16.221s] running build_py
[16.228s] copying car_drivers/move_drivers.py -> /root/Documents/robot/miniAGV/agv_ws/build/car_drivers/build/lib/car_drivers
[16.233s] running install
[16.234s] running install_lib
[16.242s] copying /root/Documents/robot/miniAGV/agv_ws/build/car_drivers/build/lib/car_drivers/move_drivers.py -> /root/Documents/robot/miniAGV/agv_ws/install/car_drivers/lib/python3.8/site-packages/car_drivers
[16.248s] byte-compiling /root/Documents/robot/miniAGV/agv_ws/install/car_drivers/lib/python3.8/site-packages/car_drivers/move_drivers.py to move_drivers.cpython-38.pyc
[16.264s] running install_data
[16.270s] running install_egg_info
[16.285s] removing '/root/Documents/robot/miniAGV/agv_ws/install/car_drivers/lib/python3.8/site-packages/car_drivers-0.0.0-py3.8.egg-info' (and everything under it)
[16.287s] Copying ../../build/car_drivers/car_drivers.egg-info to /root/Documents/robot/miniAGV/agv_ws/install/car_drivers/lib/python3.8/site-packages/car_drivers-0.0.0-py3.8.egg-info
[16.297s] running install_scripts
[16.461s] Installing move_drivers script to /root/Documents/robot/miniAGV/agv_ws/install/car_drivers/lib/car_drivers
[16.464s] writing list of installed files to '/root/Documents/robot/miniAGV/agv_ws/build/car_drivers/install.log'
[16.718s] Invoked command in '/root/Documents/robot/miniAGV/agv_ws/src/car_drivers' returned '0': PYTHONPATH=/root/Documents/robot/miniAGV/agv_ws/build/car_drivers/prefix_override:/root/Documents/robot/miniAGV/agv_ws/install/car_drivers/lib/python3.8/site-packages:${PYTHONPATH} /usr/bin/python3 setup.py egg_info --egg-base ../../build/car_drivers build --build-base /root/Documents/robot/miniAGV/agv_ws/build/car_drivers/build install --record /root/Documents/robot/miniAGV/agv_ws/build/car_drivers/install.log --install-scripts $base/lib/car_drivers --single-version-externally-managed
