[11.957s] Invoking command in '/root/Documents/robot/miniAGV/agv_ws/src/control': PYTHONPATH=/root/Documents/robot/miniAGV/agv_ws/build/control/prefix_override:/root/Documents/robot/miniAGV/agv_ws/install/control/lib/python3.8/site-packages:${PYTHONPATH} /usr/bin/python3 setup.py egg_info --egg-base ../../build/control build --build-base /root/Documents/robot/miniAGV/agv_ws/build/control/build install --record /root/Documents/robot/miniAGV/agv_ws/build/control/install.log --install-scripts $base/lib/control --single-version-externally-managed
[15.104s] running egg_info
[15.108s] writing ../../build/control/control.egg-info/PKG-INFO
[15.111s] writing dependency_links to ../../build/control/control.egg-info/dependency_links.txt
[15.112s] writing entry points to ../../build/control/control.egg-info/entry_points.txt
[15.114s] writing requirements to ../../build/control/control.egg-info/requires.txt
[15.114s] writing top-level names to ../../build/control/control.egg-info/top_level.txt
[15.464s] reading manifest file '../../build/control/control.egg-info/SOURCES.txt'
[15.472s] writing manifest file '../../build/control/control.egg-info/SOURCES.txt'
[15.476s] running build
[15.483s] running build_py
[15.484s] copying control/controller.py -> /root/Documents/robot/miniAGV/agv_ws/build/control/build/lib/control
[15.486s] running install
[15.492s] running install_lib
[15.496s] copying /root/Documents/robot/miniAGV/agv_ws/build/control/build/lib/control/controller.py -> /root/Documents/robot/miniAGV/agv_ws/install/control/lib/python3.8/site-packages/control
[15.503s] byte-compiling /root/Documents/robot/miniAGV/agv_ws/install/control/lib/python3.8/site-packages/control/controller.py to controller.cpython-38.pyc
[15.519s] running install_data
[15.524s] running install_egg_info
[15.538s] removing '/root/Documents/robot/miniAGV/agv_ws/install/control/lib/python3.8/site-packages/control-0.0.0-py3.8.egg-info' (and everything under it)
[15.540s] Copying ../../build/control/control.egg-info to /root/Documents/robot/miniAGV/agv_ws/install/control/lib/python3.8/site-packages/control-0.0.0-py3.8.egg-info
[15.551s] running install_scripts
[15.724s] Installing controller script to /root/Documents/robot/miniAGV/agv_ws/install/control/lib/control
[15.726s] Installing odometry script to /root/Documents/robot/miniAGV/agv_ws/install/control/lib/control
[15.727s] Installing trajectory script to /root/Documents/robot/miniAGV/agv_ws/install/control/lib/control
[15.729s] writing list of installed files to '/root/Documents/robot/miniAGV/agv_ws/build/control/install.log'
[16.034s] Invoked command in '/root/Documents/robot/miniAGV/agv_ws/src/control' returned '0': PYTHONPATH=/root/Documents/robot/miniAGV/agv_ws/build/control/prefix_override:/root/Documents/robot/miniAGV/agv_ws/install/control/lib/python3.8/site-packages:${PYTHONPATH} /usr/bin/python3 setup.py egg_info --egg-base ../../build/control build --build-base /root/Documents/robot/miniAGV/agv_ws/build/control/build install --record /root/Documents/robot/miniAGV/agv_ws/build/control/install.log --install-scripts $base/lib/control --single-version-externally-managed
