[12.112s] Invoking command in '/root/Documents/robot/miniAGV/agv_ws/src/control': PYTHONPATH=/root/Documents/robot/miniAGV/agv_ws/build/control/prefix_override:/root/Documents/robot/miniAGV/agv_ws/install/control/lib/python3.8/site-packages:${PYTHONPATH} /usr/bin/python3 setup.py egg_info --egg-base ../../build/control build --build-base /root/Documents/robot/miniAGV/agv_ws/build/control/build install --record /root/Documents/robot/miniAGV/agv_ws/build/control/install.log --install-scripts $base/lib/control --single-version-externally-managed
[15.318s] running egg_info
[15.325s] writing ../../build/control/control.egg-info/PKG-INFO
[15.333s] writing dependency_links to ../../build/control/control.egg-info/dependency_links.txt
[15.334s] writing entry points to ../../build/control/control.egg-info/entry_points.txt
[15.337s] writing requirements to ../../build/control/control.egg-info/requires.txt
[15.340s] writing top-level names to ../../build/control/control.egg-info/top_level.txt
[15.704s] reading manifest file '../../build/control/control.egg-info/SOURCES.txt'
[15.713s] writing manifest file '../../build/control/control.egg-info/SOURCES.txt'
[15.715s] running build
[15.719s] running build_py
[15.720s] copying control/controller.py -> /root/Documents/robot/miniAGV/agv_ws/build/control/build/lib/control
[15.722s] copying control/odometry.py -> /root/Documents/robot/miniAGV/agv_ws/build/control/build/lib/control
[15.723s] running install
[15.728s] running install_lib
[15.737s] copying /root/Documents/robot/miniAGV/agv_ws/build/control/build/lib/control/controller.py -> /root/Documents/robot/miniAGV/agv_ws/install/control/lib/python3.8/site-packages/control
[15.738s] copying /root/Documents/robot/miniAGV/agv_ws/build/control/build/lib/control/odometry.py -> /root/Documents/robot/miniAGV/agv_ws/install/control/lib/python3.8/site-packages/control
[15.744s] byte-compiling /root/Documents/robot/miniAGV/agv_ws/install/control/lib/python3.8/site-packages/control/controller.py to controller.cpython-38.pyc
[15.761s] byte-compiling /root/Documents/robot/miniAGV/agv_ws/install/control/lib/python3.8/site-packages/control/odometry.py to odometry.cpython-38.pyc
[15.767s] running install_data
[15.770s] running install_egg_info
[15.787s] removing '/root/Documents/robot/miniAGV/agv_ws/install/control/lib/python3.8/site-packages/control-0.0.0-py3.8.egg-info' (and everything under it)
[15.789s] Copying ../../build/control/control.egg-info to /root/Documents/robot/miniAGV/agv_ws/install/control/lib/python3.8/site-packages/control-0.0.0-py3.8.egg-info
[15.798s] running install_scripts
[15.974s] Installing controller script to /root/Documents/robot/miniAGV/agv_ws/install/control/lib/control
[15.975s] Installing odometry script to /root/Documents/robot/miniAGV/agv_ws/install/control/lib/control
[15.976s] Installing trajectory script to /root/Documents/robot/miniAGV/agv_ws/install/control/lib/control
[15.977s] writing list of installed files to '/root/Documents/robot/miniAGV/agv_ws/build/control/install.log'
[16.349s] Invoked command in '/root/Documents/robot/miniAGV/agv_ws/src/control' returned '0': PYTHONPATH=/root/Documents/robot/miniAGV/agv_ws/build/control/prefix_override:/root/Documents/robot/miniAGV/agv_ws/install/control/lib/python3.8/site-packages:${PYTHONPATH} /usr/bin/python3 setup.py egg_info --egg-base ../../build/control build --build-base /root/Documents/robot/miniAGV/agv_ws/build/control/build install --record /root/Documents/robot/miniAGV/agv_ws/build/control/install.log --install-scripts $base/lib/control --single-version-externally-managed
