[12.212s] Invoking command in '/root/Documents/robot/miniAGV/agv_ws/src/control': PYTHONPATH=/root/Documents/robot/miniAGV/agv_ws/build/control/prefix_override:/root/Documents/robot/miniAGV/agv_ws/install/control/lib/python3.8/site-packages:${PYTHONPATH} /usr/bin/python3 setup.py egg_info --egg-base ../../build/control build --build-base /root/Documents/robot/miniAGV/agv_ws/build/control/build install --record /root/Documents/robot/miniAGV/agv_ws/build/control/install.log --install-scripts $base/lib/control --single-version-externally-managed
[15.520s] running egg_info
[15.526s] writing ../../build/control/control.egg-info/PKG-INFO
[15.532s] writing dependency_links to ../../build/control/control.egg-info/dependency_links.txt
[15.533s] writing entry points to ../../build/control/control.egg-info/entry_points.txt
[15.534s] writing requirements to ../../build/control/control.egg-info/requires.txt
[15.535s] writing top-level names to ../../build/control/control.egg-info/top_level.txt
[15.879s] reading manifest file '../../build/control/control.egg-info/SOURCES.txt'
[15.887s] writing manifest file '../../build/control/control.egg-info/SOURCES.txt'
[15.888s] running build
[15.889s] running build_py
[15.891s] running install
[15.901s] running install_lib
[15.916s] running install_data
[15.923s] running install_egg_info
[15.937s] removing '/root/Documents/robot/miniAGV/agv_ws/install/control/lib/python3.8/site-packages/control-0.0.0-py3.8.egg-info' (and everything under it)
[15.939s] Copying ../../build/control/control.egg-info to /root/Documents/robot/miniAGV/agv_ws/install/control/lib/python3.8/site-packages/control-0.0.0-py3.8.egg-info
[15.948s] running install_scripts
[16.114s] Installing controller script to /root/Documents/robot/miniAGV/agv_ws/install/control/lib/control
[16.116s] Installing odometry script to /root/Documents/robot/miniAGV/agv_ws/install/control/lib/control
[16.119s] Installing trajectory script to /root/Documents/robot/miniAGV/agv_ws/install/control/lib/control
[16.120s] writing list of installed files to '/root/Documents/robot/miniAGV/agv_ws/build/control/install.log'
[16.349s] Invoked command in '/root/Documents/robot/miniAGV/agv_ws/src/control' returned '0': PYTHONPATH=/root/Documents/robot/miniAGV/agv_ws/build/control/prefix_override:/root/Documents/robot/miniAGV/agv_ws/install/control/lib/python3.8/site-packages:${PYTHONPATH} /usr/bin/python3 setup.py egg_info --egg-base ../../build/control build --build-base /root/Documents/robot/miniAGV/agv_ws/build/control/build install --record /root/Documents/robot/miniAGV/agv_ws/build/control/install.log --install-scripts $base/lib/control --single-version-externally-managed
