[12.349s] Invoking command in '/root/Documents/robot/miniAGV/agv_ws/src/control': PYTHONPATH=/root/Documents/robot/miniAGV/agv_ws/build/control/prefix_override:/root/Documents/robot/miniAGV/agv_ws/install/control/lib/python3.8/site-packages:${PYTHONPATH} /usr/bin/python3 setup.py egg_info --egg-base ../../build/control build --build-base /root/Documents/robot/miniAGV/agv_ws/build/control/build install --record /root/Documents/robot/miniAGV/agv_ws/build/control/install.log --install-scripts $base/lib/control --single-version-externally-managed
[15.689s] running egg_info
[15.695s] writing ../../build/control/control.egg-info/PKG-INFO
[15.700s] writing dependency_links to ../../build/control/control.egg-info/dependency_links.txt
[15.703s] writing entry points to ../../build/control/control.egg-info/entry_points.txt
[15.704s] writing requirements to ../../build/control/control.egg-info/requires.txt
[15.705s] writing top-level names to ../../build/control/control.egg-info/top_level.txt
[16.051s] reading manifest file '../../build/control/control.egg-info/SOURCES.txt'
[16.061s] writing manifest file '../../build/control/control.egg-info/SOURCES.txt'
[16.062s] running build
[16.064s] running build_py
[16.065s] running install
[16.075s] running install_lib
[16.087s] running install_data
[16.094s] running install_egg_info
[16.110s] removing '/root/Documents/robot/miniAGV/agv_ws/install/control/lib/python3.8/site-packages/control-0.0.0-py3.8.egg-info' (and everything under it)
[16.112s] Copying ../../build/control/control.egg-info to /root/Documents/robot/miniAGV/agv_ws/install/control/lib/python3.8/site-packages/control-0.0.0-py3.8.egg-info
[16.118s] running install_scripts
[16.279s] Installing controller script to /root/Documents/robot/miniAGV/agv_ws/install/control/lib/control
[16.281s] Installing odometry script to /root/Documents/robot/miniAGV/agv_ws/install/control/lib/control
[16.282s] Installing trajectory script to /root/Documents/robot/miniAGV/agv_ws/install/control/lib/control
[16.285s] writing list of installed files to '/root/Documents/robot/miniAGV/agv_ws/build/control/install.log'
[16.681s] Invoked command in '/root/Documents/robot/miniAGV/agv_ws/src/control' returned '0': PYTHONPATH=/root/Documents/robot/miniAGV/agv_ws/build/control/prefix_override:/root/Documents/robot/miniAGV/agv_ws/install/control/lib/python3.8/site-packages:${PYTHONPATH} /usr/bin/python3 setup.py egg_info --egg-base ../../build/control build --build-base /root/Documents/robot/miniAGV/agv_ws/build/control/build install --record /root/Documents/robot/miniAGV/agv_ws/build/control/install.log --install-scripts $base/lib/control --single-version-externally-managed
