[12.100s] Invoking command in '/root/Documents/robot/miniAGV/agv_ws/src/control': PYTHONPATH=/root/Documents/robot/miniAGV/agv_ws/build/control/prefix_override:/root/Documents/robot/miniAGV/agv_ws/install/control/lib/python3.8/site-packages:${PYTHONPATH} /usr/bin/python3 setup.py egg_info --egg-base ../../build/control build --build-base /root/Documents/robot/miniAGV/agv_ws/build/control/build install --record /root/Documents/robot/miniAGV/agv_ws/build/control/install.log --install-scripts $base/lib/control --single-version-externally-managed
[15.326s] running egg_info
[15.338s] writing ../../build/control/control.egg-info/PKG-INFO
[15.343s] writing dependency_links to ../../build/control/control.egg-info/dependency_links.txt
[15.347s] writing entry points to ../../build/control/control.egg-info/entry_points.txt
[15.351s] writing requirements to ../../build/control/control.egg-info/requires.txt
[15.355s] writing top-level names to ../../build/control/control.egg-info/top_level.txt
[15.696s] reading manifest file '../../build/control/control.egg-info/SOURCES.txt'
[15.704s] writing manifest file '../../build/control/control.egg-info/SOURCES.txt'
[15.708s] running build
[15.710s] running build_py
[15.711s] running install
[15.716s] running install_lib
[15.733s] running install_data
[15.738s] running install_egg_info
[15.752s] removing '/root/Documents/robot/miniAGV/agv_ws/install/control/lib/python3.8/site-packages/control-0.0.0-py3.8.egg-info' (and everything under it)
[15.755s] Copying ../../build/control/control.egg-info to /root/Documents/robot/miniAGV/agv_ws/install/control/lib/python3.8/site-packages/control-0.0.0-py3.8.egg-info
[15.764s] running install_scripts
[15.919s] Installing controller script to /root/Documents/robot/miniAGV/agv_ws/install/control/lib/control
[15.923s] Installing odometry script to /root/Documents/robot/miniAGV/agv_ws/install/control/lib/control
[15.928s] Installing trajectory script to /root/Documents/robot/miniAGV/agv_ws/install/control/lib/control
[15.934s] writing list of installed files to '/root/Documents/robot/miniAGV/agv_ws/build/control/install.log'
[16.315s] Invoked command in '/root/Documents/robot/miniAGV/agv_ws/src/control' returned '0': PYTHONPATH=/root/Documents/robot/miniAGV/agv_ws/build/control/prefix_override:/root/Documents/robot/miniAGV/agv_ws/install/control/lib/python3.8/site-packages:${PYTHONPATH} /usr/bin/python3 setup.py egg_info --egg-base ../../build/control build --build-base /root/Documents/robot/miniAGV/agv_ws/build/control/build install --record /root/Documents/robot/miniAGV/agv_ws/build/control/install.log --install-scripts $base/lib/control --single-version-externally-managed
