[12.234s] Invoking command in '/root/Documents/robot/miniAGV/agv_ws/src/control': PYTHONPATH=/root/Documents/robot/miniAGV/agv_ws/build/control/prefix_override:/root/Documents/robot/miniAGV/agv_ws/install/control/lib/python3.8/site-packages:${PYTHONPATH} /usr/bin/python3 setup.py egg_info --egg-base ../../build/control build --build-base /root/Documents/robot/miniAGV/agv_ws/build/control/build install --record /root/Documents/robot/miniAGV/agv_ws/build/control/install.log --install-scripts $base/lib/control --single-version-externally-managed
[15.499s] running egg_info
[15.505s] writing ../../build/control/control.egg-info/PKG-INFO
[15.508s] writing dependency_links to ../../build/control/control.egg-info/dependency_links.txt
[15.510s] writing entry points to ../../build/control/control.egg-info/entry_points.txt
[15.513s] writing requirements to ../../build/control/control.egg-info/requires.txt
[15.515s] writing top-level names to ../../build/control/control.egg-info/top_level.txt
[15.869s] reading manifest file '../../build/control/control.egg-info/SOURCES.txt'
[15.899s] writing manifest file '../../build/control/control.egg-info/SOURCES.txt'
[15.907s] running build
[15.915s] running build_py
[15.916s] copying control/trajectory.py -> /root/Documents/robot/miniAGV/agv_ws/build/control/build/lib/control
[15.917s] running install
[15.919s] running install_lib
[15.921s] copying /root/Documents/robot/miniAGV/agv_ws/build/control/build/lib/control/trajectory.py -> /root/Documents/robot/miniAGV/agv_ws/install/control/lib/python3.8/site-packages/control
[15.944s] byte-compiling /root/Documents/robot/miniAGV/agv_ws/install/control/lib/python3.8/site-packages/control/trajectory.py to trajectory.cpython-38.pyc
[15.946s] running install_data
[15.949s] running install_egg_info
[15.952s] removing '/root/Documents/robot/miniAGV/agv_ws/install/control/lib/python3.8/site-packages/control-0.0.0-py3.8.egg-info' (and everything under it)
[15.954s] Copying ../../build/control/control.egg-info to /root/Documents/robot/miniAGV/agv_ws/install/control/lib/python3.8/site-packages/control-0.0.0-py3.8.egg-info
[15.960s] running install_scripts
[16.126s] Installing controller script to /root/Documents/robot/miniAGV/agv_ws/install/control/lib/control
[16.128s] Installing odometry script to /root/Documents/robot/miniAGV/agv_ws/install/control/lib/control
[16.131s] Installing trajectory script to /root/Documents/robot/miniAGV/agv_ws/install/control/lib/control
[16.132s] writing list of installed files to '/root/Documents/robot/miniAGV/agv_ws/build/control/install.log'
[16.516s] Invoked command in '/root/Documents/robot/miniAGV/agv_ws/src/control' returned '0': PYTHONPATH=/root/Documents/robot/miniAGV/agv_ws/build/control/prefix_override:/root/Documents/robot/miniAGV/agv_ws/install/control/lib/python3.8/site-packages:${PYTHONPATH} /usr/bin/python3 setup.py egg_info --egg-base ../../build/control build --build-base /root/Documents/robot/miniAGV/agv_ws/build/control/build install --record /root/Documents/robot/miniAGV/agv_ws/build/control/install.log --install-scripts $base/lib/control --single-version-externally-managed
