[12.147s] Invoking command in '/root/Documents/robot/miniAGV/agv_ws/src/car_drivers': PYTHONPATH=/root/Documents/robot/miniAGV/agv_ws/build/car_drivers/prefix_override:/root/Documents/robot/miniAGV/agv_ws/install/car_drivers/lib/python3.8/site-packages:${PYTHONPATH} /usr/bin/python3 setup.py egg_info --egg-base ../../build/car_drivers build --build-base /root/Documents/robot/miniAGV/agv_ws/build/car_drivers/build install --record /root/Documents/robot/miniAGV/agv_ws/build/car_drivers/install.log --install-scripts $base/lib/car_drivers --single-version-externally-managed
[15.378s] running egg_info
[15.384s] writing ../../build/car_drivers/car_drivers.egg-info/PKG-INFO
[15.385s] writing dependency_links to ../../build/car_drivers/car_drivers.egg-info/dependency_links.txt
[15.387s] writing entry points to ../../build/car_drivers/car_drivers.egg-info/entry_points.txt
[15.390s] writing requirements to ../../build/car_drivers/car_drivers.egg-info/requires.txt
[15.391s] writing top-level names to ../../build/car_drivers/car_drivers.egg-info/top_level.txt
[15.750s] reading manifest file '../../build/car_drivers/car_drivers.egg-info/SOURCES.txt'
[15.761s] writing manifest file '../../build/car_drivers/car_drivers.egg-info/SOURCES.txt'
[15.762s] running build
[15.763s] running build_py
[15.764s] copying car_drivers/move_drivers.py -> /root/Documents/robot/miniAGV/agv_ws/build/car_drivers/build/lib/car_drivers
[15.765s] running install
[15.771s] running install_lib
[15.778s] copying /root/Documents/robot/miniAGV/agv_ws/build/car_drivers/build/lib/car_drivers/move_drivers.py -> /root/Documents/robot/miniAGV/agv_ws/install/car_drivers/lib/python3.8/site-packages/car_drivers
[15.784s] byte-compiling /root/Documents/robot/miniAGV/agv_ws/install/car_drivers/lib/python3.8/site-packages/car_drivers/move_drivers.py to move_drivers.cpython-38.pyc
[15.803s] running install_data
[15.805s] running install_egg_info
[15.820s] removing '/root/Documents/robot/miniAGV/agv_ws/install/car_drivers/lib/python3.8/site-packages/car_drivers-0.0.0-py3.8.egg-info' (and everything under it)
[15.824s] Copying ../../build/car_drivers/car_drivers.egg-info to /root/Documents/robot/miniAGV/agv_ws/install/car_drivers/lib/python3.8/site-packages/car_drivers-0.0.0-py3.8.egg-info
[15.831s] running install_scripts
[16.005s] Installing move_drivers script to /root/Documents/robot/miniAGV/agv_ws/install/car_drivers/lib/car_drivers
[16.008s] writing list of installed files to '/root/Documents/robot/miniAGV/agv_ws/build/car_drivers/install.log'
[16.292s] Invoked command in '/root/Documents/robot/miniAGV/agv_ws/src/car_drivers' returned '0': PYTHONPATH=/root/Documents/robot/miniAGV/agv_ws/build/car_drivers/prefix_override:/root/Documents/robot/miniAGV/agv_ws/install/car_drivers/lib/python3.8/site-packages:${PYTHONPATH} /usr/bin/python3 setup.py egg_info --egg-base ../../build/car_drivers build --build-base /root/Documents/robot/miniAGV/agv_ws/build/car_drivers/build install --record /root/Documents/robot/miniAGV/agv_ws/build/car_drivers/install.log --install-scripts $base/lib/car_drivers --single-version-externally-managed
