[12.381s] Invoking command in '/root/Documents/robot/miniAGV/agv_ws/src/control': PYTHONPATH=/root/Documents/robot/miniAGV/agv_ws/build/control/prefix_override:/root/Documents/robot/miniAGV/agv_ws/install/control/lib/python3.8/site-packages:${PYTHONPATH} /usr/bin/python3 setup.py egg_info --egg-base ../../build/control build --build-base /root/Documents/robot/miniAGV/agv_ws/build/control/build install --record /root/Documents/robot/miniAGV/agv_ws/build/control/install.log --install-scripts $base/lib/control --single-version-externally-managed
[15.662s] running egg_info
[15.670s] writing ../../build/control/control.egg-info/PKG-INFO
[15.685s] writing dependency_links to ../../build/control/control.egg-info/dependency_links.txt
[15.689s] writing entry points to ../../build/control/control.egg-info/entry_points.txt
[15.689s] writing requirements to ../../build/control/control.egg-info/requires.txt
[15.697s] writing top-level names to ../../build/control/control.egg-info/top_level.txt
[16.037s] reading manifest file '../../build/control/control.egg-info/SOURCES.txt'
[16.049s] writing manifest file '../../build/control/control.egg-info/SOURCES.txt'
[16.050s] running build
[16.051s] running build_py
[16.052s] running install
[16.058s] running install_lib
[16.073s] running install_data
[16.082s] running install_egg_info
[16.094s] removing '/root/Documents/robot/miniAGV/agv_ws/install/control/lib/python3.8/site-packages/control-0.0.0-py3.8.egg-info' (and everything under it)
[16.100s] Copying ../../build/control/control.egg-info to /root/Documents/robot/miniAGV/agv_ws/install/control/lib/python3.8/site-packages/control-0.0.0-py3.8.egg-info
[16.104s] running install_scripts
[16.261s] Installing controller script to /root/Documents/robot/miniAGV/agv_ws/install/control/lib/control
[16.264s] Installing odometry script to /root/Documents/robot/miniAGV/agv_ws/install/control/lib/control
[16.267s] Installing trajectory script to /root/Documents/robot/miniAGV/agv_ws/install/control/lib/control
[16.268s] writing list of installed files to '/root/Documents/robot/miniAGV/agv_ws/build/control/install.log'
[16.638s] Invoked command in '/root/Documents/robot/miniAGV/agv_ws/src/control' returned '0': PYTHONPATH=/root/Documents/robot/miniAGV/agv_ws/build/control/prefix_override:/root/Documents/robot/miniAGV/agv_ws/install/control/lib/python3.8/site-packages:${PYTHONPATH} /usr/bin/python3 setup.py egg_info --egg-base ../../build/control build --build-base /root/Documents/robot/miniAGV/agv_ws/build/control/build install --record /root/Documents/robot/miniAGV/agv_ws/build/control/install.log --install-scripts $base/lib/control --single-version-externally-managed
