[12.440s] Invoking command in '/root/Documents/robot/miniAGV/agv_ws/src/control': PYTHONPATH=/root/Documents/robot/miniAGV/agv_ws/build/control/prefix_override:/root/Documents/robot/miniAGV/agv_ws/install/control/lib/python3.8/site-packages:${PYTHONPATH} /usr/bin/python3 setup.py egg_info --egg-base ../../build/control build --build-base /root/Documents/robot/miniAGV/agv_ws/build/control/build install --record /root/Documents/robot/miniAGV/agv_ws/build/control/install.log --install-scripts $base/lib/control --single-version-externally-managed
[15.714s] running egg_info
[15.732s] writing ../../build/control/control.egg-info/PKG-INFO
[15.734s] writing dependency_links to ../../build/control/control.egg-info/dependency_links.txt
[15.736s] writing entry points to ../../build/control/control.egg-info/entry_points.txt
[15.737s] writing requirements to ../../build/control/control.egg-info/requires.txt
[15.738s] writing top-level names to ../../build/control/control.egg-info/top_level.txt
[16.080s] reading manifest file '../../build/control/control.egg-info/SOURCES.txt'
[16.088s] writing manifest file '../../build/control/control.egg-info/SOURCES.txt'
[16.090s] running build
[16.091s] running build_py
[16.100s] running install
[16.113s] running install_lib
[16.130s] running install_data
[16.146s] running install_egg_info
[16.181s] removing '/root/Documents/robot/miniAGV/agv_ws/install/control/lib/python3.8/site-packages/control-0.0.0-py3.8.egg-info' (and everything under it)
[16.185s] Copying ../../build/control/control.egg-info to /root/Documents/robot/miniAGV/agv_ws/install/control/lib/python3.8/site-packages/control-0.0.0-py3.8.egg-info
[16.200s] running install_scripts
[16.391s] Installing controller script to /root/Documents/robot/miniAGV/agv_ws/install/control/lib/control
[16.392s] Installing odometry script to /root/Documents/robot/miniAGV/agv_ws/install/control/lib/control
[16.393s] Installing trajectory script to /root/Documents/robot/miniAGV/agv_ws/install/control/lib/control
[16.400s] writing list of installed files to '/root/Documents/robot/miniAGV/agv_ws/build/control/install.log'
[16.777s] Invoked command in '/root/Documents/robot/miniAGV/agv_ws/src/control' returned '0': PYTHONPATH=/root/Documents/robot/miniAGV/agv_ws/build/control/prefix_override:/root/Documents/robot/miniAGV/agv_ws/install/control/lib/python3.8/site-packages:${PYTHONPATH} /usr/bin/python3 setup.py egg_info --egg-base ../../build/control build --build-base /root/Documents/robot/miniAGV/agv_ws/build/control/build install --record /root/Documents/robot/miniAGV/agv_ws/build/control/install.log --install-scripts $base/lib/control --single-version-externally-managed
