[12.553s] Invoking command in '/root/Documents/robot/miniAGV/agv_ws/src/car_drivers': PYTHONPATH=/root/Documents/robot/miniAGV/agv_ws/build/car_drivers/prefix_override:/root/Documents/robot/miniAGV/agv_ws/install/car_drivers/lib/python3.8/site-packages:${PYTHONPATH} /usr/bin/python3 setup.py egg_info --egg-base ../../build/car_drivers build --build-base /root/Documents/robot/miniAGV/agv_ws/build/car_drivers/build install --record /root/Documents/robot/miniAGV/agv_ws/build/car_drivers/install.log --install-scripts $base/lib/car_drivers --single-version-externally-managed
[15.905s] running egg_info
[15.909s] writing ../../build/car_drivers/car_drivers.egg-info/PKG-INFO
[15.914s] writing dependency_links to ../../build/car_drivers/car_drivers.egg-info/dependency_links.txt
[15.916s] writing entry points to ../../build/car_drivers/car_drivers.egg-info/entry_points.txt
[15.917s] writing requirements to ../../build/car_drivers/car_drivers.egg-info/requires.txt
[15.919s] writing top-level names to ../../build/car_drivers/car_drivers.egg-info/top_level.txt
[16.272s] reading manifest file '../../build/car_drivers/car_drivers.egg-info/SOURCES.txt'
[16.282s] writing manifest file '../../build/car_drivers/car_drivers.egg-info/SOURCES.txt'
[16.284s] running build
[16.285s] running build_py
[16.286s] running install
[16.294s] running install_lib
[16.305s] running install_data
[16.310s] running install_egg_info
[16.327s] removing '/root/Documents/robot/miniAGV/agv_ws/install/car_drivers/lib/python3.8/site-packages/car_drivers-0.0.0-py3.8.egg-info' (and everything under it)
[16.329s] Copying ../../build/car_drivers/car_drivers.egg-info to /root/Documents/robot/miniAGV/agv_ws/install/car_drivers/lib/python3.8/site-packages/car_drivers-0.0.0-py3.8.egg-info
[16.336s] running install_scripts
[16.499s] Installing move_drivers script to /root/Documents/robot/miniAGV/agv_ws/install/car_drivers/lib/car_drivers
[16.504s] writing list of installed files to '/root/Documents/robot/miniAGV/agv_ws/build/car_drivers/install.log'
[16.732s] Invoked command in '/root/Documents/robot/miniAGV/agv_ws/src/car_drivers' returned '0': PYTHONPATH=/root/Documents/robot/miniAGV/agv_ws/build/car_drivers/prefix_override:/root/Documents/robot/miniAGV/agv_ws/install/car_drivers/lib/python3.8/site-packages:${PYTHONPATH} /usr/bin/python3 setup.py egg_info --egg-base ../../build/car_drivers build --build-base /root/Documents/robot/miniAGV/agv_ws/build/car_drivers/build install --record /root/Documents/robot/miniAGV/agv_ws/build/car_drivers/install.log --install-scripts $base/lib/car_drivers --single-version-externally-managed
