[12.304s] Invoking command in '/root/Documents/robot/miniAGV/agv_ws/src/control': PYTHONPATH=/root/Documents/robot/miniAGV/agv_ws/build/control/prefix_override:/root/Documents/robot/miniAGV/agv_ws/install/control/lib/python3.8/site-packages:${PYTHONPATH} /usr/bin/python3 setup.py egg_info --egg-base ../../build/control build --build-base /root/Documents/robot/miniAGV/agv_ws/build/control/build install --record /root/Documents/robot/miniAGV/agv_ws/build/control/install.log --install-scripts $base/lib/control --single-version-externally-managed
[15.642s] running egg_info
[15.646s] writing ../../build/control/control.egg-info/PKG-INFO
[15.649s] writing dependency_links to ../../build/control/control.egg-info/dependency_links.txt
[15.653s] writing entry points to ../../build/control/control.egg-info/entry_points.txt
[15.660s] writing requirements to ../../build/control/control.egg-info/requires.txt
[15.661s] writing top-level names to ../../build/control/control.egg-info/top_level.txt
[15.998s] reading manifest file '../../build/control/control.egg-info/SOURCES.txt'
[16.005s] writing manifest file '../../build/control/control.egg-info/SOURCES.txt'
[16.006s] running build
[16.008s] running build_py
[16.010s] copying control/trajectory.py -> /root/Documents/robot/miniAGV/agv_ws/build/control/build/lib/control
[16.010s] running install
[16.017s] running install_lib
[16.026s] copying /root/Documents/robot/miniAGV/agv_ws/build/control/build/lib/control/trajectory.py -> /root/Documents/robot/miniAGV/agv_ws/install/control/lib/python3.8/site-packages/control
[16.033s] byte-compiling /root/Documents/robot/miniAGV/agv_ws/install/control/lib/python3.8/site-packages/control/trajectory.py to trajectory.cpython-38.pyc
[16.048s] running install_data
[16.055s] running install_egg_info
[16.068s] removing '/root/Documents/robot/miniAGV/agv_ws/install/control/lib/python3.8/site-packages/control-0.0.0-py3.8.egg-info' (and everything under it)
[16.069s] Copying ../../build/control/control.egg-info to /root/Documents/robot/miniAGV/agv_ws/install/control/lib/python3.8/site-packages/control-0.0.0-py3.8.egg-info
[16.077s] running install_scripts
[16.242s] Installing controller script to /root/Documents/robot/miniAGV/agv_ws/install/control/lib/control
[16.251s] Installing odometry script to /root/Documents/robot/miniAGV/agv_ws/install/control/lib/control
[16.253s] Installing trajectory script to /root/Documents/robot/miniAGV/agv_ws/install/control/lib/control
[16.255s] writing list of installed files to '/root/Documents/robot/miniAGV/agv_ws/build/control/install.log'
[16.632s] Invoked command in '/root/Documents/robot/miniAGV/agv_ws/src/control' returned '0': PYTHONPATH=/root/Documents/robot/miniAGV/agv_ws/build/control/prefix_override:/root/Documents/robot/miniAGV/agv_ws/install/control/lib/python3.8/site-packages:${PYTHONPATH} /usr/bin/python3 setup.py egg_info --egg-base ../../build/control build --build-base /root/Documents/robot/miniAGV/agv_ws/build/control/build install --record /root/Documents/robot/miniAGV/agv_ws/build/control/install.log --install-scripts $base/lib/control --single-version-externally-managed
