running egg_info
creating ../../build/control/control.egg-info
writing ../../build/control/control.egg-info/PKG-INFO
writing dependency_links to ../../build/control/control.egg-info/dependency_links.txt
writing entry points to ../../build/control/control.egg-info/entry_points.txt
writing requirements to ../../build/control/control.egg-info/requires.txt
writing top-level names to ../../build/control/control.egg-info/top_level.txt
writing manifest file '../../build/control/control.egg-info/SOURCES.txt'
reading manifest file '../../build/control/control.egg-info/SOURCES.txt'
writing manifest file '../../build/control/control.egg-info/SOURCES.txt'
running build
running build_py
creating /root/Documents/robot/miniAGV/agv_ws/build/control/build
creating /root/Documents/robot/miniAGV/agv_ws/build/control/build/lib
creating /root/Documents/robot/miniAGV/agv_ws/build/control/build/lib/control
copying control/controller.py -> /root/Documents/robot/miniAGV/agv_ws/build/control/build/lib/control
copying control/odometry.py -> /root/Documents/robot/miniAGV/agv_ws/build/control/build/lib/control
copying control/trajectory.py -> /root/Documents/robot/miniAGV/agv_ws/build/control/build/lib/control
copying control/__init__.py -> /root/Documents/robot/miniAGV/agv_ws/build/control/build/lib/control
running install
running install_lib
creating /root/Documents/robot/miniAGV/agv_ws/install/control/lib/python3.8/site-packages/control
copying /root/Documents/robot/miniAGV/agv_ws/build/control/build/lib/control/controller.py -> /root/Documents/robot/miniAGV/agv_ws/install/control/lib/python3.8/site-packages/control
copying /root/Documents/robot/miniAGV/agv_ws/build/control/build/lib/control/odometry.py -> /root/Documents/robot/miniAGV/agv_ws/install/control/lib/python3.8/site-packages/control
copying /root/Documents/robot/miniAGV/agv_ws/build/control/build/lib/control/trajectory.py -> /root/Documents/robot/miniAGV/agv_ws/install/control/lib/python3.8/site-packages/control
copying /root/Documents/robot/miniAGV/agv_ws/build/control/build/lib/control/__init__.py -> /root/Documents/robot/miniAGV/agv_ws/install/control/lib/python3.8/site-packages/control
byte-compiling /root/Documents/robot/miniAGV/agv_ws/install/control/lib/python3.8/site-packages/control/controller.py to controller.cpython-38.pyc
byte-compiling /root/Documents/robot/miniAGV/agv_ws/install/control/lib/python3.8/site-packages/control/odometry.py to odometry.cpython-38.pyc
byte-compiling /root/Documents/robot/miniAGV/agv_ws/install/control/lib/python3.8/site-packages/control/trajectory.py to trajectory.cpython-38.pyc
byte-compiling /root/Documents/robot/miniAGV/agv_ws/install/control/lib/python3.8/site-packages/control/__init__.py to __init__.cpython-38.pyc
running install_data
creating /root/Documents/robot/miniAGV/agv_ws/install/control/share/ament_index
creating /root/Documents/robot/miniAGV/agv_ws/install/control/share/ament_index/resource_index
creating /root/Documents/robot/miniAGV/agv_ws/install/control/share/ament_index/resource_index/packages
copying resource/control -> /root/Documents/robot/miniAGV/agv_ws/install/control/share/ament_index/resource_index/packages
copying package.xml -> /root/Documents/robot/miniAGV/agv_ws/install/control/share/control
running install_egg_info
Copying ../../build/control/control.egg-info to /root/Documents/robot/miniAGV/agv_ws/install/control/lib/python3.8/site-packages/control-0.0.0-py3.8.egg-info
running install_scripts
Installing controller script to /root/Documents/robot/miniAGV/agv_ws/install/control/lib/control
Installing odometry script to /root/Documents/robot/miniAGV/agv_ws/install/control/lib/control
Installing trajectory script to /root/Documents/robot/miniAGV/agv_ws/install/control/lib/control
writing list of installed files to '/root/Documents/robot/miniAGV/agv_ws/build/control/install.log'
