[3.691s] DEBUG:colcon:Command line arguments: ['/usr/bin/colcon', 'build']
[3.691s] DEBUG:colcon:Parsed command line arguments: Namespace(allow_overriding=[], ament_cmake_args=None, base_paths=['.'], build_base='build', catkin_cmake_args=None, catkin_skip_building_tests=False, cmake_args=None, cmake_clean_cache=False, cmake_clean_first=False, cmake_force_configure=False, cmake_target=None, cmake_target_skip_unavailable=False, continue_on_error=False, event_handlers=None, executor='parallel', ignore_user_meta=False, install_base='install', log_base=None, log_level=None, main=<bound method BuildVerb.main of <colcon_core.verb.build.BuildVerb object at 0x7fadb659d0>>, merge_install=False, metas=['./colcon.meta'], packages_above=None, packages_above_and_dependencies=None, packages_above_depth=None, packages_end=None, packages_ignore=None, packages_ignore_regex=None, packages_select=None, packages_select_build_failed=False, packages_select_by_dep=None, packages_select_regex=None, packages_select_test_failures=False, packages_skip=None, packages_skip_build_finished=False, packages_skip_by_dep=None, packages_skip_regex=None, packages_skip_test_passed=False, packages_skip_up_to=None, packages_start=None, packages_up_to=None, packages_up_to_regex=None, parallel_workers=4, paths=None, symlink_install=False, test_result_base=None, verb_extension=<colcon_core.verb.build.BuildVerb object at 0x7fadb659d0>, verb_name='build', verb_parser=<colcon_defaults.argument_parser.defaults.DefaultArgumentsDecorator object at 0x7fadb65f40>)
[4.021s] Level 1:colcon.colcon_core.package_discovery:discover_packages(colcon_meta) check parameters
[4.022s] Level 1:colcon.colcon_core.package_discovery:discover_packages(recursive) check parameters
[4.022s] Level 1:colcon.colcon_core.package_discovery:discover_packages(ignore) check parameters
[4.023s] Level 1:colcon.colcon_core.package_discovery:discover_packages(path) check parameters
[4.023s] Level 1:colcon.colcon_core.package_discovery:discover_packages(colcon_meta) discover
[4.023s] Level 1:colcon.colcon_core.package_discovery:discover_packages(recursive) discover
[4.024s] INFO:colcon.colcon_core.package_discovery:Crawling recursively for packages in '/root/Documents/robot/miniAGV/agv_ws'
[4.024s] Level 1:colcon.colcon_core.package_identification:_identify(.) by extensions ['ignore', 'ignore_ament_install']
[4.025s] Level 1:colcon.colcon_core.package_identification:_identify(.) by extension 'ignore'
[4.026s] Level 1:colcon.colcon_core.package_identification:_identify(.) by extension 'ignore_ament_install'
[4.026s] Level 1:colcon.colcon_core.package_identification:_identify(.) by extensions ['colcon_pkg']
[4.026s] Level 1:colcon.colcon_core.package_identification:_identify(.) by extension 'colcon_pkg'
[4.027s] Level 1:colcon.colcon_core.package_identification:_identify(.) by extensions ['colcon_meta']
[4.027s] Level 1:colcon.colcon_core.package_identification:_identify(.) by extension 'colcon_meta'
[4.027s] Level 1:colcon.colcon_core.package_identification:_identify(.) by extensions ['ros']
[4.028s] Level 1:colcon.colcon_core.package_identification:_identify(.) by extension 'ros'
[4.198s] Level 1:colcon.colcon_core.package_identification:_identify(.) by extensions ['cmake', 'python']
[4.198s] Level 1:colcon.colcon_core.package_identification:_identify(.) by extension 'cmake'
[4.199s] Level 1:colcon.colcon_core.package_identification:_identify(.) by extension 'python'
[4.199s] Level 1:colcon.colcon_core.package_identification:_identify(.) by extensions ['python_setup_py']
[4.199s] Level 1:colcon.colcon_core.package_identification:_identify(.) by extension 'python_setup_py'
[4.200s] Level 1:colcon.colcon_core.package_identification:_identify(build) by extensions ['ignore', 'ignore_ament_install']
[4.201s] Level 1:colcon.colcon_core.package_identification:_identify(build) by extension 'ignore'
[4.202s] Level 1:colcon.colcon_core.package_identification:_identify(build) ignored
[4.202s] Level 1:colcon.colcon_core.package_identification:_identify(install) by extensions ['ignore', 'ignore_ament_install']
[4.203s] Level 1:colcon.colcon_core.package_identification:_identify(install) by extension 'ignore'
[4.204s] Level 1:colcon.colcon_core.package_identification:_identify(install) ignored
[4.205s] Level 1:colcon.colcon_core.package_identification:_identify(log) by extensions ['ignore', 'ignore_ament_install']
[4.206s] Level 1:colcon.colcon_core.package_identification:_identify(log) by extension 'ignore'
[4.207s] Level 1:colcon.colcon_core.package_identification:_identify(log) ignored
[4.208s] Level 1:colcon.colcon_core.package_identification:_identify(src) by extensions ['ignore', 'ignore_ament_install']
[4.209s] Level 1:colcon.colcon_core.package_identification:_identify(src) by extension 'ignore'
[4.210s] Level 1:colcon.colcon_core.package_identification:_identify(src) by extension 'ignore_ament_install'
[4.210s] Level 1:colcon.colcon_core.package_identification:_identify(src) by extensions ['colcon_pkg']
[4.211s] Level 1:colcon.colcon_core.package_identification:_identify(src) by extension 'colcon_pkg'
[4.211s] Level 1:colcon.colcon_core.package_identification:_identify(src) by extensions ['colcon_meta']
[4.211s] Level 1:colcon.colcon_core.package_identification:_identify(src) by extension 'colcon_meta'
[4.212s] Level 1:colcon.colcon_core.package_identification:_identify(src) by extensions ['ros']
[4.212s] Level 1:colcon.colcon_core.package_identification:_identify(src) by extension 'ros'
[4.213s] Level 1:colcon.colcon_core.package_identification:_identify(src) by extensions ['cmake', 'python']
[4.213s] Level 1:colcon.colcon_core.package_identification:_identify(src) by extension 'cmake'
[4.214s] Level 1:colcon.colcon_core.package_identification:_identify(src) by extension 'python'
[4.214s] Level 1:colcon.colcon_core.package_identification:_identify(src) by extensions ['python_setup_py']
[4.215s] Level 1:colcon.colcon_core.package_identification:_identify(src) by extension 'python_setup_py'
[4.215s] Level 1:colcon.colcon_core.package_identification:_identify(src/car_drivers) by extensions ['ignore', 'ignore_ament_install']
[4.216s] Level 1:colcon.colcon_core.package_identification:_identify(src/car_drivers) by extension 'ignore'
[4.217s] Level 1:colcon.colcon_core.package_identification:_identify(src/car_drivers) by extension 'ignore_ament_install'
[4.217s] Level 1:colcon.colcon_core.package_identification:_identify(src/car_drivers) by extensions ['colcon_pkg']
[4.218s] Level 1:colcon.colcon_core.package_identification:_identify(src/car_drivers) by extension 'colcon_pkg'
[4.218s] Level 1:colcon.colcon_core.package_identification:_identify(src/car_drivers) by extensions ['colcon_meta']
[4.219s] Level 1:colcon.colcon_core.package_identification:_identify(src/car_drivers) by extension 'colcon_meta'
[4.219s] Level 1:colcon.colcon_core.package_identification:_identify(src/car_drivers) by extensions ['ros']
[4.220s] Level 1:colcon.colcon_core.package_identification:_identify(src/car_drivers) by extension 'ros'
[4.243s] DEBUG:colcon.colcon_core.package_identification:Package 'src/car_drivers' with type 'ros.ament_python' and name 'car_drivers'
[4.244s] Level 1:colcon.colcon_core.package_identification:_identify(src/control) by extensions ['ignore', 'ignore_ament_install']
[4.245s] Level 1:colcon.colcon_core.package_identification:_identify(src/control) by extension 'ignore'
[4.246s] Level 1:colcon.colcon_core.package_identification:_identify(src/control) by extension 'ignore_ament_install'
[4.246s] Level 1:colcon.colcon_core.package_identification:_identify(src/control) by extensions ['colcon_pkg']
[4.247s] Level 1:colcon.colcon_core.package_identification:_identify(src/control) by extension 'colcon_pkg'
[4.247s] Level 1:colcon.colcon_core.package_identification:_identify(src/control) by extensions ['colcon_meta']
[4.248s] Level 1:colcon.colcon_core.package_identification:_identify(src/control) by extension 'colcon_meta'
[4.248s] Level 1:colcon.colcon_core.package_identification:_identify(src/control) by extensions ['ros']
[4.249s] Level 1:colcon.colcon_core.package_identification:_identify(src/control) by extension 'ros'
[4.252s] DEBUG:colcon.colcon_core.package_identification:Package 'src/control' with type 'ros.ament_python' and name 'control'
[4.253s] Level 1:colcon.colcon_core.package_discovery:discover_packages(recursive) using defaults
[4.253s] Level 1:colcon.colcon_core.package_discovery:discover_packages(ignore) discover
[4.254s] Level 1:colcon.colcon_core.package_discovery:discover_packages(ignore) using defaults
[4.254s] Level 1:colcon.colcon_core.package_discovery:discover_packages(path) discover
[4.254s] Level 1:colcon.colcon_core.package_discovery:discover_packages(path) using defaults
[4.456s] Level 1:colcon.colcon_core.package_discovery:discover_packages(prefix_path) check parameters
[4.456s] Level 1:colcon.colcon_core.package_discovery:discover_packages(prefix_path) discover
[4.508s] DEBUG:colcon.colcon_installed_package_information.package_discovery:Found 31 installed packages in /root/software/nav2_ws/install
[4.524s] DEBUG:colcon.colcon_installed_package_information.package_discovery:Found 22 installed packages in /root/software/library_ws/install
[4.544s] DEBUG:colcon.colcon_installed_package_information.package_discovery:Found 24 installed packages in /root/yahboomcar_ws/install
[4.600s] DEBUG:colcon.colcon_installed_package_information.package_discovery:Found 424 installed packages in /opt/tros
[4.658s] DEBUG:colcon.colcon_installed_package_information.package_discovery:Found 361 installed packages in /opt/ros/foxy
[4.772s] Level 1:colcon.colcon_core.package_discovery:discover_packages(prefix_path) using defaults
[6.080s] Level 5:colcon.colcon_core.verb:set package 'car_drivers' build argument 'cmake_args' from command line to 'None'
[6.080s] Level 5:colcon.colcon_core.verb:set package 'car_drivers' build argument 'cmake_target' from command line to 'None'
[6.081s] Level 5:colcon.colcon_core.verb:set package 'car_drivers' build argument 'cmake_target_skip_unavailable' from command line to 'False'
[6.083s] Level 5:colcon.colcon_core.verb:set package 'car_drivers' build argument 'cmake_clean_cache' from command line to 'False'
[6.084s] Level 5:colcon.colcon_core.verb:set package 'car_drivers' build argument 'cmake_clean_first' from command line to 'False'
[6.084s] Level 5:colcon.colcon_core.verb:set package 'car_drivers' build argument 'cmake_force_configure' from command line to 'False'
[6.085s] Level 5:colcon.colcon_core.verb:set package 'car_drivers' build argument 'ament_cmake_args' from command line to 'None'
[6.086s] Level 5:colcon.colcon_core.verb:set package 'car_drivers' build argument 'catkin_cmake_args' from command line to 'None'
[6.086s] Level 5:colcon.colcon_core.verb:set package 'car_drivers' build argument 'catkin_skip_building_tests' from command line to 'False'
[6.087s] DEBUG:colcon.colcon_core.verb:Building package 'car_drivers' with the following arguments: {'ament_cmake_args': None, 'build_base': '/root/Documents/robot/miniAGV/agv_ws/build/car_drivers', 'catkin_cmake_args': None, 'catkin_skip_building_tests': False, 'cmake_args': None, 'cmake_clean_cache': False, 'cmake_clean_first': False, 'cmake_force_configure': False, 'cmake_target': None, 'cmake_target_skip_unavailable': False, 'install_base': '/root/Documents/robot/miniAGV/agv_ws/install/car_drivers', 'merge_install': False, 'path': '/root/Documents/robot/miniAGV/agv_ws/src/car_drivers', 'symlink_install': False, 'test_result_base': None}
[6.100s] Level 5:colcon.colcon_core.verb:set package 'control' build argument 'cmake_args' from command line to 'None'
[6.100s] Level 5:colcon.colcon_core.verb:set package 'control' build argument 'cmake_target' from command line to 'None'
[6.101s] Level 5:colcon.colcon_core.verb:set package 'control' build argument 'cmake_target_skip_unavailable' from command line to 'False'
[6.101s] Level 5:colcon.colcon_core.verb:set package 'control' build argument 'cmake_clean_cache' from command line to 'False'
[6.102s] Level 5:colcon.colcon_core.verb:set package 'control' build argument 'cmake_clean_first' from command line to 'False'
[6.102s] Level 5:colcon.colcon_core.verb:set package 'control' build argument 'cmake_force_configure' from command line to 'False'
[6.103s] Level 5:colcon.colcon_core.verb:set package 'control' build argument 'ament_cmake_args' from command line to 'None'
[6.103s] Level 5:colcon.colcon_core.verb:set package 'control' build argument 'catkin_cmake_args' from command line to 'None'
[6.104s] Level 5:colcon.colcon_core.verb:set package 'control' build argument 'catkin_skip_building_tests' from command line to 'False'
[6.104s] DEBUG:colcon.colcon_core.verb:Building package 'control' with the following arguments: {'ament_cmake_args': None, 'build_base': '/root/Documents/robot/miniAGV/agv_ws/build/control', 'catkin_cmake_args': None, 'catkin_skip_building_tests': False, 'cmake_args': None, 'cmake_clean_cache': False, 'cmake_clean_first': False, 'cmake_force_configure': False, 'cmake_target': None, 'cmake_target_skip_unavailable': False, 'install_base': '/root/Documents/robot/miniAGV/agv_ws/install/control', 'merge_install': False, 'path': '/root/Documents/robot/miniAGV/agv_ws/src/control', 'symlink_install': False, 'test_result_base': None}
[6.113s] INFO:colcon.colcon_core.executor:Executing jobs using 'parallel' executor
[6.152s] DEBUG:colcon.colcon_parallel_executor.executor.parallel:run_until_complete
[6.154s] INFO:colcon.colcon_ros.task.ament_python.build:Building ROS package in '/root/Documents/robot/miniAGV/agv_ws/src/car_drivers' with build type 'ament_python'
[6.156s] Level 1:colcon.colcon_core.shell:create_environment_hook('car_drivers', 'ament_prefix_path')
[6.196s] INFO:colcon.colcon_core.plugin_system:Skipping extension 'colcon_core.shell.bat': Not used on non-Windows systems
[6.198s] INFO:colcon.colcon_core.shell:Creating environment hook '/root/Documents/robot/miniAGV/agv_ws/install/car_drivers/share/car_drivers/hook/ament_prefix_path.ps1'
[6.220s] INFO:colcon.colcon_core.shell:Creating environment descriptor '/root/Documents/robot/miniAGV/agv_ws/install/car_drivers/share/car_drivers/hook/ament_prefix_path.dsv'
[6.223s] INFO:colcon.colcon_core.shell:Creating environment hook '/root/Documents/robot/miniAGV/agv_ws/install/car_drivers/share/car_drivers/hook/ament_prefix_path.sh'
[6.241s] INFO:colcon.colcon_core.shell:Skip shell extension 'powershell' for command environment: Not usable outside of PowerShell
[6.242s] DEBUG:colcon.colcon_core.shell:Skip shell extension 'dsv' for command environment
[6.402s] INFO:colcon.colcon_ros.task.ament_python.build:Building ROS package in '/root/Documents/robot/miniAGV/agv_ws/src/control' with build type 'ament_python'
[6.404s] Level 1:colcon.colcon_core.shell:create_environment_hook('control', 'ament_prefix_path')
[6.423s] INFO:colcon.colcon_core.shell:Creating environment hook '/root/Documents/robot/miniAGV/agv_ws/install/control/share/control/hook/ament_prefix_path.ps1'
[6.426s] INFO:colcon.colcon_core.shell:Creating environment descriptor '/root/Documents/robot/miniAGV/agv_ws/install/control/share/control/hook/ament_prefix_path.dsv'
[6.428s] INFO:colcon.colcon_core.shell:Creating environment hook '/root/Documents/robot/miniAGV/agv_ws/install/control/share/control/hook/ament_prefix_path.sh'
[6.446s] INFO:colcon.colcon_core.shell:Skip shell extension 'powershell' for command environment: Not usable outside of PowerShell
[6.446s] DEBUG:colcon.colcon_core.shell:Skip shell extension 'dsv' for command environment
[9.640s] INFO:colcon.colcon_core.task.python.build:Building Python package in '/root/Documents/robot/miniAGV/agv_ws/src/car_drivers'
[9.655s] INFO:colcon.colcon_core.shell:Skip shell extension 'powershell' for command environment: Not usable outside of PowerShell
[9.656s] DEBUG:colcon.colcon_core.shell:Skip shell extension 'dsv' for command environment
[12.892s] INFO:colcon.colcon_core.task.python.build:Building Python package in '/root/Documents/robot/miniAGV/agv_ws/src/control'
[12.909s] INFO:colcon.colcon_core.shell:Skip shell extension 'powershell' for command environment: Not usable outside of PowerShell
[12.910s] DEBUG:colcon.colcon_core.shell:Skip shell extension 'dsv' for command environment
[18.228s] DEBUG:colcon.colcon_core.event_handler.log_command:Invoking command in '/root/Documents/robot/miniAGV/agv_ws/src/car_drivers': PYTHONPATH=/root/Documents/robot/miniAGV/agv_ws/build/car_drivers/prefix_override:/root/Documents/robot/miniAGV/agv_ws/install/car_drivers/lib/python3.8/site-packages:${PYTHONPATH} /usr/bin/python3 setup.py egg_info --egg-base ../../build/car_drivers build --build-base /root/Documents/robot/miniAGV/agv_ws/build/car_drivers/build install --record /root/Documents/robot/miniAGV/agv_ws/build/car_drivers/install.log --install-scripts $base/lib/car_drivers --single-version-externally-managed
[18.282s] DEBUG:colcon.colcon_core.event_handler.log_command:Invoking command in '/root/Documents/robot/miniAGV/agv_ws/src/control': PYTHONPATH=/root/Documents/robot/miniAGV/agv_ws/build/control/prefix_override:/root/Documents/robot/miniAGV/agv_ws/install/control/lib/python3.8/site-packages:${PYTHONPATH} /usr/bin/python3 setup.py egg_info --egg-base ../../build/control build --build-base /root/Documents/robot/miniAGV/agv_ws/build/control/build install --record /root/Documents/robot/miniAGV/agv_ws/build/control/install.log --install-scripts $base/lib/control --single-version-externally-managed
[22.253s] DEBUG:colcon.colcon_core.event_handler.log_command:Invoked command in '/root/Documents/robot/miniAGV/agv_ws/src/control' returned '0': PYTHONPATH=/root/Documents/robot/miniAGV/agv_ws/build/control/prefix_override:/root/Documents/robot/miniAGV/agv_ws/install/control/lib/python3.8/site-packages:${PYTHONPATH} /usr/bin/python3 setup.py egg_info --egg-base ../../build/control build --build-base /root/Documents/robot/miniAGV/agv_ws/build/control/build install --record /root/Documents/robot/miniAGV/agv_ws/build/control/install.log --install-scripts $base/lib/control --single-version-externally-managed
[22.313s] Level 1:colcon.colcon_core.environment:checking '/root/Documents/robot/miniAGV/agv_ws/install/control' for CMake module files
[22.317s] Level 1:colcon.colcon_core.environment:checking '/root/Documents/robot/miniAGV/agv_ws/install/control' for CMake config files
[22.321s] Level 1:colcon.colcon_core.environment:checking '/root/Documents/robot/miniAGV/agv_ws/install/control/lib'
[22.322s] Level 1:colcon.colcon_core.environment:checking '/root/Documents/robot/miniAGV/agv_ws/install/control/bin'
[22.323s] Level 1:colcon.colcon_core.environment:checking '/root/Documents/robot/miniAGV/agv_ws/install/control/lib/pkgconfig/control.pc'
[22.325s] Level 1:colcon.colcon_core.environment:checking '/root/Documents/robot/miniAGV/agv_ws/install/control/lib/python3.8/site-packages'
[22.325s] Level 1:colcon.colcon_core.shell:create_environment_hook('control', 'pythonpath')
[22.341s] INFO:colcon.colcon_core.shell:Creating environment hook '/root/Documents/robot/miniAGV/agv_ws/install/control/share/control/hook/pythonpath.ps1'
[22.344s] INFO:colcon.colcon_core.shell:Creating environment descriptor '/root/Documents/robot/miniAGV/agv_ws/install/control/share/control/hook/pythonpath.dsv'
[22.347s] INFO:colcon.colcon_core.shell:Creating environment hook '/root/Documents/robot/miniAGV/agv_ws/install/control/share/control/hook/pythonpath.sh'
[22.351s] Level 1:colcon.colcon_core.environment:checking '/root/Documents/robot/miniAGV/agv_ws/install/control/bin'
[22.351s] Level 1:colcon.colcon_core.environment:create_environment_scripts_only(control)
[22.366s] INFO:colcon.colcon_core.shell:Creating package script '/root/Documents/robot/miniAGV/agv_ws/install/control/share/control/package.ps1'
[22.374s] INFO:colcon.colcon_core.shell:Creating package descriptor '/root/Documents/robot/miniAGV/agv_ws/install/control/share/control/package.dsv'
[22.379s] INFO:colcon.colcon_core.shell:Creating package script '/root/Documents/robot/miniAGV/agv_ws/install/control/share/control/package.sh'
[22.385s] INFO:colcon.colcon_core.shell:Creating package script '/root/Documents/robot/miniAGV/agv_ws/install/control/share/control/package.bash'
[22.392s] INFO:colcon.colcon_core.shell:Creating package script '/root/Documents/robot/miniAGV/agv_ws/install/control/share/control/package.zsh'
[22.398s] Level 1:colcon.colcon_core.environment:create_file_with_runtime_dependencies(/root/Documents/robot/miniAGV/agv_ws/install/control/share/colcon-core/packages/control)
[22.429s] Level 1:colcon.colcon_core.environment:checking '/root/Documents/robot/miniAGV/agv_ws/install/car_drivers' for CMake module files
[22.433s] DEBUG:colcon.colcon_core.event_handler.log_command:Invoked command in '/root/Documents/robot/miniAGV/agv_ws/src/car_drivers' returned '0': PYTHONPATH=/root/Documents/robot/miniAGV/agv_ws/build/car_drivers/prefix_override:/root/Documents/robot/miniAGV/agv_ws/install/car_drivers/lib/python3.8/site-packages:${PYTHONPATH} /usr/bin/python3 setup.py egg_info --egg-base ../../build/car_drivers build --build-base /root/Documents/robot/miniAGV/agv_ws/build/car_drivers/build install --record /root/Documents/robot/miniAGV/agv_ws/build/car_drivers/install.log --install-scripts $base/lib/car_drivers --single-version-externally-managed
[22.435s] Level 1:colcon.colcon_core.environment:checking '/root/Documents/robot/miniAGV/agv_ws/install/car_drivers' for CMake config files
[22.439s] Level 1:colcon.colcon_core.environment:checking '/root/Documents/robot/miniAGV/agv_ws/install/car_drivers/lib'
[22.440s] Level 1:colcon.colcon_core.environment:checking '/root/Documents/robot/miniAGV/agv_ws/install/car_drivers/bin'
[22.441s] Level 1:colcon.colcon_core.environment:checking '/root/Documents/robot/miniAGV/agv_ws/install/car_drivers/lib/pkgconfig/car_drivers.pc'
[22.442s] Level 1:colcon.colcon_core.environment:checking '/root/Documents/robot/miniAGV/agv_ws/install/car_drivers/lib/python3.8/site-packages'
[22.443s] Level 1:colcon.colcon_core.shell:create_environment_hook('car_drivers', 'pythonpath')
[22.457s] INFO:colcon.colcon_core.shell:Creating environment hook '/root/Documents/robot/miniAGV/agv_ws/install/car_drivers/share/car_drivers/hook/pythonpath.ps1'
[22.460s] INFO:colcon.colcon_core.shell:Creating environment descriptor '/root/Documents/robot/miniAGV/agv_ws/install/car_drivers/share/car_drivers/hook/pythonpath.dsv'
[22.463s] INFO:colcon.colcon_core.shell:Creating environment hook '/root/Documents/robot/miniAGV/agv_ws/install/car_drivers/share/car_drivers/hook/pythonpath.sh'
[22.466s] Level 1:colcon.colcon_core.environment:checking '/root/Documents/robot/miniAGV/agv_ws/install/car_drivers/bin'
[22.468s] Level 1:colcon.colcon_core.environment:create_environment_scripts_only(car_drivers)
[22.483s] INFO:colcon.colcon_core.shell:Creating package script '/root/Documents/robot/miniAGV/agv_ws/install/car_drivers/share/car_drivers/package.ps1'
[22.487s] INFO:colcon.colcon_core.shell:Creating package descriptor '/root/Documents/robot/miniAGV/agv_ws/install/car_drivers/share/car_drivers/package.dsv'
[22.490s] INFO:colcon.colcon_core.shell:Creating package script '/root/Documents/robot/miniAGV/agv_ws/install/car_drivers/share/car_drivers/package.sh'
[22.494s] INFO:colcon.colcon_core.shell:Creating package script '/root/Documents/robot/miniAGV/agv_ws/install/car_drivers/share/car_drivers/package.bash'
[22.496s] INFO:colcon.colcon_core.shell:Creating package script '/root/Documents/robot/miniAGV/agv_ws/install/car_drivers/share/car_drivers/package.zsh'
[22.499s] Level 1:colcon.colcon_core.environment:create_file_with_runtime_dependencies(/root/Documents/robot/miniAGV/agv_ws/install/car_drivers/share/colcon-core/packages/car_drivers)
[22.501s] DEBUG:colcon.colcon_parallel_executor.executor.parallel:closing loop
[22.502s] DEBUG:colcon.colcon_parallel_executor.executor.parallel:loop closed
[22.503s] DEBUG:colcon.colcon_parallel_executor.executor.parallel:run_until_complete finished with '0'
[22.505s] DEBUG:colcon.colcon_core.event_reactor:joining thread
[22.551s] INFO:colcon.colcon_core.plugin_system:Skipping extension 'colcon_notification.desktop_notification.notify_send': Could not find 'notify-send'
[22.552s] INFO:colcon.colcon_core.plugin_system:Skipping extension 'colcon_notification.desktop_notification.terminal_notifier': Not used on non-Darwin systems
[22.553s] INFO:colcon.colcon_core.plugin_system:Skipping extension 'colcon_notification.desktop_notification.win32': Not used on non-Windows systems
[22.553s] INFO:colcon.colcon_notification.desktop_notification:Sending desktop notification using 'notify2'
[22.575s] DEBUG:colcon.colcon_core.event_reactor:joined thread
[22.593s] INFO:colcon.colcon_core.shell:Creating prefix script '/root/Documents/robot/miniAGV/agv_ws/install/local_setup.ps1'
[22.600s] INFO:colcon.colcon_core.shell:Creating prefix util module '/root/Documents/robot/miniAGV/agv_ws/install/_local_setup_util_ps1.py'
[22.613s] INFO:colcon.colcon_core.shell:Creating prefix chain script '/root/Documents/robot/miniAGV/agv_ws/install/setup.ps1'
[22.644s] INFO:colcon.colcon_core.shell:Creating prefix script '/root/Documents/robot/miniAGV/agv_ws/install/local_setup.sh'
[22.649s] INFO:colcon.colcon_core.shell:Creating prefix util module '/root/Documents/robot/miniAGV/agv_ws/install/_local_setup_util_sh.py'
[22.652s] INFO:colcon.colcon_core.shell:Creating prefix chain script '/root/Documents/robot/miniAGV/agv_ws/install/setup.sh'
[22.685s] INFO:colcon.colcon_core.shell:Creating prefix script '/root/Documents/robot/miniAGV/agv_ws/install/local_setup.bash'
[22.689s] INFO:colcon.colcon_core.shell:Creating prefix chain script '/root/Documents/robot/miniAGV/agv_ws/install/setup.bash'
[22.720s] INFO:colcon.colcon_core.shell:Creating prefix script '/root/Documents/robot/miniAGV/agv_ws/install/local_setup.zsh'
[22.724s] INFO:colcon.colcon_core.shell:Creating prefix chain script '/root/Documents/robot/miniAGV/agv_ws/install/setup.zsh'
