[3.831s] DEBUG:colcon:Command line arguments: ['/usr/bin/colcon', 'build']
[3.832s] DEBUG:colcon:Parsed command line arguments: Namespace(allow_overriding=[], ament_cmake_args=None, base_paths=['.'], build_base='build', catkin_cmake_args=None, catkin_skip_building_tests=False, cmake_args=None, cmake_clean_cache=False, cmake_clean_first=False, cmake_force_configure=False, cmake_target=None, cmake_target_skip_unavailable=False, continue_on_error=False, event_handlers=None, executor='parallel', ignore_user_meta=False, install_base='install', log_base=None, log_level=None, main=<bound method BuildVerb.main of <colcon_core.verb.build.BuildVerb object at 0x7f7f0961c0>>, merge_install=False, metas=['./colcon.meta'], packages_above=None, packages_above_and_dependencies=None, packages_above_depth=None, packages_end=None, packages_ignore=None, packages_ignore_regex=None, packages_select=None, packages_select_build_failed=False, packages_select_by_dep=None, packages_select_regex=None, packages_select_test_failures=False, packages_skip=None, packages_skip_build_finished=False, packages_skip_by_dep=None, packages_skip_regex=None, packages_skip_test_passed=False, packages_skip_up_to=None, packages_start=None, packages_up_to=None, packages_up_to_regex=None, parallel_workers=4, paths=None, symlink_install=False, test_result_base=None, verb_extension=<colcon_core.verb.build.BuildVerb object at 0x7f7f0961c0>, verb_name='build', verb_parser=<colcon_defaults.argument_parser.defaults.DefaultArgumentsDecorator object at 0x7f7f096700>)
[4.156s] Level 1:colcon.colcon_core.package_discovery:discover_packages(colcon_meta) check parameters
[4.156s] Level 1:colcon.colcon_core.package_discovery:discover_packages(recursive) check parameters
[4.157s] Level 1:colcon.colcon_core.package_discovery:discover_packages(ignore) check parameters
[4.157s] Level 1:colcon.colcon_core.package_discovery:discover_packages(path) check parameters
[4.157s] Level 1:colcon.colcon_core.package_discovery:discover_packages(colcon_meta) discover
[4.158s] Level 1:colcon.colcon_core.package_discovery:discover_packages(recursive) discover
[4.158s] INFO:colcon.colcon_core.package_discovery:Crawling recursively for packages in '/root/Documents/robot/miniAGV/agv_ws'
[4.159s] Level 1:colcon.colcon_core.package_identification:_identify(.) by extensions ['ignore', 'ignore_ament_install']
[4.159s] Level 1:colcon.colcon_core.package_identification:_identify(.) by extension 'ignore'
[4.160s] Level 1:colcon.colcon_core.package_identification:_identify(.) by extension 'ignore_ament_install'
[4.161s] Level 1:colcon.colcon_core.package_identification:_identify(.) by extensions ['colcon_pkg']
[4.161s] Level 1:colcon.colcon_core.package_identification:_identify(.) by extension 'colcon_pkg'
[4.161s] Level 1:colcon.colcon_core.package_identification:_identify(.) by extensions ['colcon_meta']
[4.162s] Level 1:colcon.colcon_core.package_identification:_identify(.) by extension 'colcon_meta'
[4.163s] Level 1:colcon.colcon_core.package_identification:_identify(.) by extensions ['ros']
[4.163s] Level 1:colcon.colcon_core.package_identification:_identify(.) by extension 'ros'
[4.338s] Level 1:colcon.colcon_core.package_identification:_identify(.) by extensions ['cmake', 'python']
[4.339s] Level 1:colcon.colcon_core.package_identification:_identify(.) by extension 'cmake'
[4.339s] Level 1:colcon.colcon_core.package_identification:_identify(.) by extension 'python'
[4.340s] Level 1:colcon.colcon_core.package_identification:_identify(.) by extensions ['python_setup_py']
[4.340s] Level 1:colcon.colcon_core.package_identification:_identify(.) by extension 'python_setup_py'
[4.341s] Level 1:colcon.colcon_core.package_identification:_identify(build) by extensions ['ignore', 'ignore_ament_install']
[4.342s] Level 1:colcon.colcon_core.package_identification:_identify(build) by extension 'ignore'
[4.342s] Level 1:colcon.colcon_core.package_identification:_identify(build) ignored
[4.343s] Level 1:colcon.colcon_core.package_identification:_identify(install) by extensions ['ignore', 'ignore_ament_install']
[4.344s] Level 1:colcon.colcon_core.package_identification:_identify(install) by extension 'ignore'
[4.345s] Level 1:colcon.colcon_core.package_identification:_identify(install) ignored
[4.346s] Level 1:colcon.colcon_core.package_identification:_identify(log) by extensions ['ignore', 'ignore_ament_install']
[4.347s] Level 1:colcon.colcon_core.package_identification:_identify(log) by extension 'ignore'
[4.347s] Level 1:colcon.colcon_core.package_identification:_identify(log) ignored
[4.348s] Level 1:colcon.colcon_core.package_identification:_identify(src) by extensions ['ignore', 'ignore_ament_install']
[4.349s] Level 1:colcon.colcon_core.package_identification:_identify(src) by extension 'ignore'
[4.349s] Level 1:colcon.colcon_core.package_identification:_identify(src) by extension 'ignore_ament_install'
[4.349s] Level 1:colcon.colcon_core.package_identification:_identify(src) by extensions ['colcon_pkg']
[4.350s] Level 1:colcon.colcon_core.package_identification:_identify(src) by extension 'colcon_pkg'
[4.350s] Level 1:colcon.colcon_core.package_identification:_identify(src) by extensions ['colcon_meta']
[4.351s] Level 1:colcon.colcon_core.package_identification:_identify(src) by extension 'colcon_meta'
[4.351s] Level 1:colcon.colcon_core.package_identification:_identify(src) by extensions ['ros']
[4.351s] Level 1:colcon.colcon_core.package_identification:_identify(src) by extension 'ros'
[4.352s] Level 1:colcon.colcon_core.package_identification:_identify(src) by extensions ['cmake', 'python']
[4.352s] Level 1:colcon.colcon_core.package_identification:_identify(src) by extension 'cmake'
[4.353s] Level 1:colcon.colcon_core.package_identification:_identify(src) by extension 'python'
[4.353s] Level 1:colcon.colcon_core.package_identification:_identify(src) by extensions ['python_setup_py']
[4.353s] Level 1:colcon.colcon_core.package_identification:_identify(src) by extension 'python_setup_py'
[4.354s] Level 1:colcon.colcon_core.package_identification:_identify(src/car_drivers) by extensions ['ignore', 'ignore_ament_install']
[4.355s] Level 1:colcon.colcon_core.package_identification:_identify(src/car_drivers) by extension 'ignore'
[4.356s] Level 1:colcon.colcon_core.package_identification:_identify(src/car_drivers) by extension 'ignore_ament_install'
[4.356s] Level 1:colcon.colcon_core.package_identification:_identify(src/car_drivers) by extensions ['colcon_pkg']
[4.356s] Level 1:colcon.colcon_core.package_identification:_identify(src/car_drivers) by extension 'colcon_pkg'
[4.357s] Level 1:colcon.colcon_core.package_identification:_identify(src/car_drivers) by extensions ['colcon_meta']
[4.357s] Level 1:colcon.colcon_core.package_identification:_identify(src/car_drivers) by extension 'colcon_meta'
[4.358s] Level 1:colcon.colcon_core.package_identification:_identify(src/car_drivers) by extensions ['ros']
[4.358s] Level 1:colcon.colcon_core.package_identification:_identify(src/car_drivers) by extension 'ros'
[4.379s] DEBUG:colcon.colcon_core.package_identification:Package 'src/car_drivers' with type 'ros.ament_python' and name 'car_drivers'
[4.380s] Level 1:colcon.colcon_core.package_identification:_identify(src/control) by extensions ['ignore', 'ignore_ament_install']
[4.381s] Level 1:colcon.colcon_core.package_identification:_identify(src/control) by extension 'ignore'
[4.381s] Level 1:colcon.colcon_core.package_identification:_identify(src/control) by extension 'ignore_ament_install'
[4.382s] Level 1:colcon.colcon_core.package_identification:_identify(src/control) by extensions ['colcon_pkg']
[4.382s] Level 1:colcon.colcon_core.package_identification:_identify(src/control) by extension 'colcon_pkg'
[4.382s] Level 1:colcon.colcon_core.package_identification:_identify(src/control) by extensions ['colcon_meta']
[4.383s] Level 1:colcon.colcon_core.package_identification:_identify(src/control) by extension 'colcon_meta'
[4.383s] Level 1:colcon.colcon_core.package_identification:_identify(src/control) by extensions ['ros']
[4.383s] Level 1:colcon.colcon_core.package_identification:_identify(src/control) by extension 'ros'
[4.387s] DEBUG:colcon.colcon_core.package_identification:Package 'src/control' with type 'ros.ament_python' and name 'control'
[4.388s] Level 1:colcon.colcon_core.package_discovery:discover_packages(recursive) using defaults
[4.388s] Level 1:colcon.colcon_core.package_discovery:discover_packages(ignore) discover
[4.388s] Level 1:colcon.colcon_core.package_discovery:discover_packages(ignore) using defaults
[4.389s] Level 1:colcon.colcon_core.package_discovery:discover_packages(path) discover
[4.389s] Level 1:colcon.colcon_core.package_discovery:discover_packages(path) using defaults
[4.587s] Level 1:colcon.colcon_core.package_discovery:discover_packages(prefix_path) check parameters
[4.587s] Level 1:colcon.colcon_core.package_discovery:discover_packages(prefix_path) discover
[4.633s] DEBUG:colcon.colcon_installed_package_information.package_discovery:Found 2 installed packages in /root/Documents/robot/miniAGV/agv_ws/install
[4.648s] DEBUG:colcon.colcon_installed_package_information.package_discovery:Found 31 installed packages in /root/software/nav2_ws/install
[4.666s] DEBUG:colcon.colcon_installed_package_information.package_discovery:Found 22 installed packages in /root/software/library_ws/install
[4.682s] DEBUG:colcon.colcon_installed_package_information.package_discovery:Found 24 installed packages in /root/yahboomcar_ws/install
[4.739s] DEBUG:colcon.colcon_installed_package_information.package_discovery:Found 424 installed packages in /opt/tros
[4.800s] DEBUG:colcon.colcon_installed_package_information.package_discovery:Found 361 installed packages in /opt/ros/foxy
[4.912s] Level 1:colcon.colcon_core.package_discovery:discover_packages(prefix_path) using defaults
[6.337s] Level 5:colcon.colcon_core.verb:set package 'car_drivers' build argument 'cmake_args' from command line to 'None'
[6.338s] Level 5:colcon.colcon_core.verb:set package 'car_drivers' build argument 'cmake_target' from command line to 'None'
[6.338s] Level 5:colcon.colcon_core.verb:set package 'car_drivers' build argument 'cmake_target_skip_unavailable' from command line to 'False'
[6.338s] Level 5:colcon.colcon_core.verb:set package 'car_drivers' build argument 'cmake_clean_cache' from command line to 'False'
[6.338s] Level 5:colcon.colcon_core.verb:set package 'car_drivers' build argument 'cmake_clean_first' from command line to 'False'
[6.339s] Level 5:colcon.colcon_core.verb:set package 'car_drivers' build argument 'cmake_force_configure' from command line to 'False'
[6.339s] Level 5:colcon.colcon_core.verb:set package 'car_drivers' build argument 'ament_cmake_args' from command line to 'None'
[6.339s] Level 5:colcon.colcon_core.verb:set package 'car_drivers' build argument 'catkin_cmake_args' from command line to 'None'
[6.339s] Level 5:colcon.colcon_core.verb:set package 'car_drivers' build argument 'catkin_skip_building_tests' from command line to 'False'
[6.340s] DEBUG:colcon.colcon_core.verb:Building package 'car_drivers' with the following arguments: {'ament_cmake_args': None, 'build_base': '/root/Documents/robot/miniAGV/agv_ws/build/car_drivers', 'catkin_cmake_args': None, 'catkin_skip_building_tests': False, 'cmake_args': None, 'cmake_clean_cache': False, 'cmake_clean_first': False, 'cmake_force_configure': False, 'cmake_target': None, 'cmake_target_skip_unavailable': False, 'install_base': '/root/Documents/robot/miniAGV/agv_ws/install/car_drivers', 'merge_install': False, 'path': '/root/Documents/robot/miniAGV/agv_ws/src/car_drivers', 'symlink_install': False, 'test_result_base': None}
[6.350s] Level 5:colcon.colcon_core.verb:set package 'control' build argument 'cmake_args' from command line to 'None'
[6.351s] Level 5:colcon.colcon_core.verb:set package 'control' build argument 'cmake_target' from command line to 'None'
[6.351s] Level 5:colcon.colcon_core.verb:set package 'control' build argument 'cmake_target_skip_unavailable' from command line to 'False'
[6.351s] Level 5:colcon.colcon_core.verb:set package 'control' build argument 'cmake_clean_cache' from command line to 'False'
[6.351s] Level 5:colcon.colcon_core.verb:set package 'control' build argument 'cmake_clean_first' from command line to 'False'
[6.352s] Level 5:colcon.colcon_core.verb:set package 'control' build argument 'cmake_force_configure' from command line to 'False'
[6.352s] Level 5:colcon.colcon_core.verb:set package 'control' build argument 'ament_cmake_args' from command line to 'None'
[6.352s] Level 5:colcon.colcon_core.verb:set package 'control' build argument 'catkin_cmake_args' from command line to 'None'
[6.352s] Level 5:colcon.colcon_core.verb:set package 'control' build argument 'catkin_skip_building_tests' from command line to 'False'
[6.353s] DEBUG:colcon.colcon_core.verb:Building package 'control' with the following arguments: {'ament_cmake_args': None, 'build_base': '/root/Documents/robot/miniAGV/agv_ws/build/control', 'catkin_cmake_args': None, 'catkin_skip_building_tests': False, 'cmake_args': None, 'cmake_clean_cache': False, 'cmake_clean_first': False, 'cmake_force_configure': False, 'cmake_target': None, 'cmake_target_skip_unavailable': False, 'install_base': '/root/Documents/robot/miniAGV/agv_ws/install/control', 'merge_install': False, 'path': '/root/Documents/robot/miniAGV/agv_ws/src/control', 'symlink_install': False, 'test_result_base': None}
[6.360s] INFO:colcon.colcon_core.executor:Executing jobs using 'parallel' executor
[6.397s] DEBUG:colcon.colcon_parallel_executor.executor.parallel:run_until_complete
[6.399s] INFO:colcon.colcon_ros.task.ament_python.build:Building ROS package in '/root/Documents/robot/miniAGV/agv_ws/src/car_drivers' with build type 'ament_python'
[6.401s] Level 1:colcon.colcon_core.shell:create_environment_hook('car_drivers', 'ament_prefix_path')
[6.444s] INFO:colcon.colcon_core.plugin_system:Skipping extension 'colcon_core.shell.bat': Not used on non-Windows systems
[6.445s] INFO:colcon.colcon_core.shell:Creating environment hook '/root/Documents/robot/miniAGV/agv_ws/install/car_drivers/share/car_drivers/hook/ament_prefix_path.ps1'
[6.449s] INFO:colcon.colcon_core.shell:Creating environment descriptor '/root/Documents/robot/miniAGV/agv_ws/install/car_drivers/share/car_drivers/hook/ament_prefix_path.dsv'
[6.453s] INFO:colcon.colcon_core.shell:Creating environment hook '/root/Documents/robot/miniAGV/agv_ws/install/car_drivers/share/car_drivers/hook/ament_prefix_path.sh'
[6.472s] INFO:colcon.colcon_core.shell:Skip shell extension 'powershell' for command environment: Not usable outside of PowerShell
[6.473s] DEBUG:colcon.colcon_core.shell:Skip shell extension 'dsv' for command environment
[6.645s] INFO:colcon.colcon_ros.task.ament_python.build:Building ROS package in '/root/Documents/robot/miniAGV/agv_ws/src/control' with build type 'ament_python'
[6.648s] Level 1:colcon.colcon_core.shell:create_environment_hook('control', 'ament_prefix_path')
[6.666s] INFO:colcon.colcon_core.shell:Creating environment hook '/root/Documents/robot/miniAGV/agv_ws/install/control/share/control/hook/ament_prefix_path.ps1'
[6.670s] INFO:colcon.colcon_core.shell:Creating environment descriptor '/root/Documents/robot/miniAGV/agv_ws/install/control/share/control/hook/ament_prefix_path.dsv'
[6.673s] INFO:colcon.colcon_core.shell:Creating environment hook '/root/Documents/robot/miniAGV/agv_ws/install/control/share/control/hook/ament_prefix_path.sh'
[6.690s] INFO:colcon.colcon_core.shell:Skip shell extension 'powershell' for command environment: Not usable outside of PowerShell
[6.690s] DEBUG:colcon.colcon_core.shell:Skip shell extension 'dsv' for command environment
[10.009s] INFO:colcon.colcon_core.task.python.build:Building Python package in '/root/Documents/robot/miniAGV/agv_ws/src/car_drivers'
[10.025s] INFO:colcon.colcon_core.shell:Skip shell extension 'powershell' for command environment: Not usable outside of PowerShell
[10.026s] DEBUG:colcon.colcon_core.shell:Skip shell extension 'dsv' for command environment
[13.332s] INFO:colcon.colcon_core.task.python.build:Building Python package in '/root/Documents/robot/miniAGV/agv_ws/src/control'
[13.348s] INFO:colcon.colcon_core.shell:Skip shell extension 'powershell' for command environment: Not usable outside of PowerShell
[13.349s] DEBUG:colcon.colcon_core.shell:Skip shell extension 'dsv' for command environment
[18.861s] DEBUG:colcon.colcon_core.event_handler.log_command:Invoking command in '/root/Documents/robot/miniAGV/agv_ws/src/control': PYTHONPATH=/root/Documents/robot/miniAGV/agv_ws/build/control/prefix_override:/root/Documents/robot/miniAGV/agv_ws/install/control/lib/python3.8/site-packages:${PYTHONPATH} /usr/bin/python3 setup.py egg_info --egg-base ../../build/control build --build-base /root/Documents/robot/miniAGV/agv_ws/build/control/build install --record /root/Documents/robot/miniAGV/agv_ws/build/control/install.log --install-scripts $base/lib/control --single-version-externally-managed
[18.908s] DEBUG:colcon.colcon_core.event_handler.log_command:Invoking command in '/root/Documents/robot/miniAGV/agv_ws/src/car_drivers': PYTHONPATH=/root/Documents/robot/miniAGV/agv_ws/build/car_drivers/prefix_override:/root/Documents/robot/miniAGV/agv_ws/install/car_drivers/lib/python3.8/site-packages:${PYTHONPATH} /usr/bin/python3 setup.py egg_info --egg-base ../../build/car_drivers build --build-base /root/Documents/robot/miniAGV/agv_ws/build/car_drivers/build install --record /root/Documents/robot/miniAGV/agv_ws/build/car_drivers/install.log --install-scripts $base/lib/car_drivers --single-version-externally-managed
[23.003s] DEBUG:colcon.colcon_core.event_handler.log_command:Invoked command in '/root/Documents/robot/miniAGV/agv_ws/src/control' returned '0': PYTHONPATH=/root/Documents/robot/miniAGV/agv_ws/build/control/prefix_override:/root/Documents/robot/miniAGV/agv_ws/install/control/lib/python3.8/site-packages:${PYTHONPATH} /usr/bin/python3 setup.py egg_info --egg-base ../../build/control build --build-base /root/Documents/robot/miniAGV/agv_ws/build/control/build install --record /root/Documents/robot/miniAGV/agv_ws/build/control/install.log --install-scripts $base/lib/control --single-version-externally-managed
[23.055s] Level 1:colcon.colcon_core.environment:checking '/root/Documents/robot/miniAGV/agv_ws/install/control' for CMake module files
[23.060s] Level 1:colcon.colcon_core.environment:checking '/root/Documents/robot/miniAGV/agv_ws/install/control' for CMake config files
[23.065s] Level 1:colcon.colcon_core.environment:checking '/root/Documents/robot/miniAGV/agv_ws/install/control/lib'
[23.067s] Level 1:colcon.colcon_core.environment:checking '/root/Documents/robot/miniAGV/agv_ws/install/control/bin'
[23.068s] Level 1:colcon.colcon_core.environment:checking '/root/Documents/robot/miniAGV/agv_ws/install/control/lib/pkgconfig/control.pc'
[23.070s] Level 1:colcon.colcon_core.environment:checking '/root/Documents/robot/miniAGV/agv_ws/install/control/lib/python3.8/site-packages'
[23.071s] Level 1:colcon.colcon_core.shell:create_environment_hook('control', 'pythonpath')
[23.088s] INFO:colcon.colcon_core.shell:Creating environment hook '/root/Documents/robot/miniAGV/agv_ws/install/control/share/control/hook/pythonpath.ps1'
[23.092s] INFO:colcon.colcon_core.shell:Creating environment descriptor '/root/Documents/robot/miniAGV/agv_ws/install/control/share/control/hook/pythonpath.dsv'
[23.095s] INFO:colcon.colcon_core.shell:Creating environment hook '/root/Documents/robot/miniAGV/agv_ws/install/control/share/control/hook/pythonpath.sh'
[23.100s] Level 1:colcon.colcon_core.environment:checking '/root/Documents/robot/miniAGV/agv_ws/install/control/bin'
[23.100s] Level 1:colcon.colcon_core.environment:create_environment_scripts_only(control)
[23.115s] INFO:colcon.colcon_core.shell:Creating package script '/root/Documents/robot/miniAGV/agv_ws/install/control/share/control/package.ps1'
[23.123s] INFO:colcon.colcon_core.shell:Creating package descriptor '/root/Documents/robot/miniAGV/agv_ws/install/control/share/control/package.dsv'
[23.128s] INFO:colcon.colcon_core.shell:Creating package script '/root/Documents/robot/miniAGV/agv_ws/install/control/share/control/package.sh'
[23.134s] INFO:colcon.colcon_core.shell:Creating package script '/root/Documents/robot/miniAGV/agv_ws/install/control/share/control/package.bash'
[23.140s] INFO:colcon.colcon_core.shell:Creating package script '/root/Documents/robot/miniAGV/agv_ws/install/control/share/control/package.zsh'
[23.146s] Level 1:colcon.colcon_core.environment:create_file_with_runtime_dependencies(/root/Documents/robot/miniAGV/agv_ws/install/control/share/colcon-core/packages/control)
[23.176s] Level 1:colcon.colcon_core.environment:checking '/root/Documents/robot/miniAGV/agv_ws/install/car_drivers' for CMake module files
[23.181s] DEBUG:colcon.colcon_core.event_handler.log_command:Invoked command in '/root/Documents/robot/miniAGV/agv_ws/src/car_drivers' returned '0': PYTHONPATH=/root/Documents/robot/miniAGV/agv_ws/build/car_drivers/prefix_override:/root/Documents/robot/miniAGV/agv_ws/install/car_drivers/lib/python3.8/site-packages:${PYTHONPATH} /usr/bin/python3 setup.py egg_info --egg-base ../../build/car_drivers build --build-base /root/Documents/robot/miniAGV/agv_ws/build/car_drivers/build install --record /root/Documents/robot/miniAGV/agv_ws/build/car_drivers/install.log --install-scripts $base/lib/car_drivers --single-version-externally-managed
[23.183s] Level 1:colcon.colcon_core.environment:checking '/root/Documents/robot/miniAGV/agv_ws/install/car_drivers' for CMake config files
[23.187s] Level 1:colcon.colcon_core.environment:checking '/root/Documents/robot/miniAGV/agv_ws/install/car_drivers/lib'
[23.188s] Level 1:colcon.colcon_core.environment:checking '/root/Documents/robot/miniAGV/agv_ws/install/car_drivers/bin'
[23.189s] Level 1:colcon.colcon_core.environment:checking '/root/Documents/robot/miniAGV/agv_ws/install/car_drivers/lib/pkgconfig/car_drivers.pc'
[23.191s] Level 1:colcon.colcon_core.environment:checking '/root/Documents/robot/miniAGV/agv_ws/install/car_drivers/lib/python3.8/site-packages'
[23.191s] Level 1:colcon.colcon_core.shell:create_environment_hook('car_drivers', 'pythonpath')
[23.206s] INFO:colcon.colcon_core.shell:Creating environment hook '/root/Documents/robot/miniAGV/agv_ws/install/car_drivers/share/car_drivers/hook/pythonpath.ps1'
[23.208s] INFO:colcon.colcon_core.shell:Creating environment descriptor '/root/Documents/robot/miniAGV/agv_ws/install/car_drivers/share/car_drivers/hook/pythonpath.dsv'
[23.211s] INFO:colcon.colcon_core.shell:Creating environment hook '/root/Documents/robot/miniAGV/agv_ws/install/car_drivers/share/car_drivers/hook/pythonpath.sh'
[23.216s] Level 1:colcon.colcon_core.environment:checking '/root/Documents/robot/miniAGV/agv_ws/install/car_drivers/bin'
[23.216s] Level 1:colcon.colcon_core.environment:create_environment_scripts_only(car_drivers)
[23.235s] INFO:colcon.colcon_core.shell:Creating package script '/root/Documents/robot/miniAGV/agv_ws/install/car_drivers/share/car_drivers/package.ps1'
[23.238s] INFO:colcon.colcon_core.shell:Creating package descriptor '/root/Documents/robot/miniAGV/agv_ws/install/car_drivers/share/car_drivers/package.dsv'
[23.242s] INFO:colcon.colcon_core.shell:Creating package script '/root/Documents/robot/miniAGV/agv_ws/install/car_drivers/share/car_drivers/package.sh'
[23.246s] INFO:colcon.colcon_core.shell:Creating package script '/root/Documents/robot/miniAGV/agv_ws/install/car_drivers/share/car_drivers/package.bash'
[23.250s] INFO:colcon.colcon_core.shell:Creating package script '/root/Documents/robot/miniAGV/agv_ws/install/car_drivers/share/car_drivers/package.zsh'
[23.256s] Level 1:colcon.colcon_core.environment:create_file_with_runtime_dependencies(/root/Documents/robot/miniAGV/agv_ws/install/car_drivers/share/colcon-core/packages/car_drivers)
[23.258s] DEBUG:colcon.colcon_parallel_executor.executor.parallel:closing loop
[23.260s] DEBUG:colcon.colcon_parallel_executor.executor.parallel:loop closed
[23.261s] DEBUG:colcon.colcon_parallel_executor.executor.parallel:run_until_complete finished with '0'
[23.262s] DEBUG:colcon.colcon_core.event_reactor:joining thread
[23.311s] INFO:colcon.colcon_core.plugin_system:Skipping extension 'colcon_notification.desktop_notification.notify_send': Could not find 'notify-send'
[23.312s] INFO:colcon.colcon_core.plugin_system:Skipping extension 'colcon_notification.desktop_notification.terminal_notifier': Not used on non-Darwin systems
[23.313s] INFO:colcon.colcon_core.plugin_system:Skipping extension 'colcon_notification.desktop_notification.win32': Not used on non-Windows systems
[23.313s] INFO:colcon.colcon_notification.desktop_notification:Sending desktop notification using 'notify2'
[23.337s] DEBUG:colcon.colcon_core.event_reactor:joined thread
[23.355s] INFO:colcon.colcon_core.shell:Creating prefix script '/root/Documents/robot/miniAGV/agv_ws/install/local_setup.ps1'
[23.363s] INFO:colcon.colcon_core.shell:Creating prefix util module '/root/Documents/robot/miniAGV/agv_ws/install/_local_setup_util_ps1.py'
[23.374s] INFO:colcon.colcon_core.shell:Creating prefix chain script '/root/Documents/robot/miniAGV/agv_ws/install/setup.ps1'
[23.404s] INFO:colcon.colcon_core.shell:Creating prefix script '/root/Documents/robot/miniAGV/agv_ws/install/local_setup.sh'
[23.408s] INFO:colcon.colcon_core.shell:Creating prefix util module '/root/Documents/robot/miniAGV/agv_ws/install/_local_setup_util_sh.py'
[23.412s] INFO:colcon.colcon_core.shell:Creating prefix chain script '/root/Documents/robot/miniAGV/agv_ws/install/setup.sh'
[23.445s] INFO:colcon.colcon_core.shell:Creating prefix script '/root/Documents/robot/miniAGV/agv_ws/install/local_setup.bash'
[23.449s] INFO:colcon.colcon_core.shell:Creating prefix chain script '/root/Documents/robot/miniAGV/agv_ws/install/setup.bash'
[23.480s] INFO:colcon.colcon_core.shell:Creating prefix script '/root/Documents/robot/miniAGV/agv_ws/install/local_setup.zsh'
[23.485s] INFO:colcon.colcon_core.shell:Creating prefix chain script '/root/Documents/robot/miniAGV/agv_ws/install/setup.zsh'
