[12.229s] Invoking command in '/root/Documents/robot/miniAGV/agv_ws/src/control': PYTHONPATH=/root/Documents/robot/miniAGV/agv_ws/build/control/prefix_override:/root/Documents/robot/miniAGV/agv_ws/install/control/lib/python3.8/site-packages:${PYTHONPATH} /usr/bin/python3 setup.py egg_info --egg-base ../../build/control build --build-base /root/Documents/robot/miniAGV/agv_ws/build/control/build install --record /root/Documents/robot/miniAGV/agv_ws/build/control/install.log --install-scripts $base/lib/control --single-version-externally-managed
[15.503s] running egg_info
[15.512s] writing ../../build/control/control.egg-info/PKG-INFO
[15.515s] writing dependency_links to ../../build/control/control.egg-info/dependency_links.txt
[15.516s] writing entry points to ../../build/control/control.egg-info/entry_points.txt
[15.518s] writing requirements to ../../build/control/control.egg-info/requires.txt
[15.519s] writing top-level names to ../../build/control/control.egg-info/top_level.txt
[15.865s] reading manifest file '../../build/control/control.egg-info/SOURCES.txt'
[15.874s] writing manifest file '../../build/control/control.egg-info/SOURCES.txt'
[15.883s] running build
[15.884s] running build_py
[15.888s] running install
[15.889s] running install_lib
[15.919s] running install_data
[15.924s] running install_egg_info
[15.932s] removing '/root/Documents/robot/miniAGV/agv_ws/install/control/lib/python3.8/site-packages/control-0.0.0-py3.8.egg-info' (and everything under it)
[15.933s] Copying ../../build/control/control.egg-info to /root/Documents/robot/miniAGV/agv_ws/install/control/lib/python3.8/site-packages/control-0.0.0-py3.8.egg-info
[15.944s] running install_scripts
[16.103s] Installing controller script to /root/Documents/robot/miniAGV/agv_ws/install/control/lib/control
[16.106s] Installing odometry script to /root/Documents/robot/miniAGV/agv_ws/install/control/lib/control
[16.107s] Installing trajectory script to /root/Documents/robot/miniAGV/agv_ws/install/control/lib/control
[16.108s] writing list of installed files to '/root/Documents/robot/miniAGV/agv_ws/build/control/install.log'
[16.483s] Invoked command in '/root/Documents/robot/miniAGV/agv_ws/src/control' returned '0': PYTHONPATH=/root/Documents/robot/miniAGV/agv_ws/build/control/prefix_override:/root/Documents/robot/miniAGV/agv_ws/install/control/lib/python3.8/site-packages:${PYTHONPATH} /usr/bin/python3 setup.py egg_info --egg-base ../../build/control build --build-base /root/Documents/robot/miniAGV/agv_ws/build/control/build install --record /root/Documents/robot/miniAGV/agv_ws/build/control/install.log --install-scripts $base/lib/control --single-version-externally-managed
