[12.384s] Invoking command in '/root/Documents/robot/miniAGV/agv_ws/src/control': PYTHONPATH=/root/Documents/robot/miniAGV/agv_ws/build/control/prefix_override:/root/Documents/robot/miniAGV/agv_ws/install/control/lib/python3.8/site-packages:${PYTHONPATH} /usr/bin/python3 setup.py egg_info --egg-base ../../build/control build --build-base /root/Documents/robot/miniAGV/agv_ws/build/control/build install --record /root/Documents/robot/miniAGV/agv_ws/build/control/install.log --install-scripts $base/lib/control --single-version-externally-managed
[15.745s] running egg_info
[15.753s] writing ../../build/control/control.egg-info/PKG-INFO
[15.764s] writing dependency_links to ../../build/control/control.egg-info/dependency_links.txt
[15.766s] writing entry points to ../../build/control/control.egg-info/entry_points.txt
[15.767s] writing requirements to ../../build/control/control.egg-info/requires.txt
[15.768s] writing top-level names to ../../build/control/control.egg-info/top_level.txt
[16.112s] reading manifest file '../../build/control/control.egg-info/SOURCES.txt'
[16.123s] writing manifest file '../../build/control/control.egg-info/SOURCES.txt'
[16.124s] running build
[16.125s] running build_py
[16.126s] copying control/odometry.py -> /root/Documents/robot/miniAGV/agv_ws/build/control/build/lib/control
[16.127s] copying control/trajectory.py -> /root/Documents/robot/miniAGV/agv_ws/build/control/build/lib/control
[16.128s] running install
[16.132s] running install_lib
[16.140s] copying /root/Documents/robot/miniAGV/agv_ws/build/control/build/lib/control/odometry.py -> /root/Documents/robot/miniAGV/agv_ws/install/control/lib/python3.8/site-packages/control
[16.141s] copying /root/Documents/robot/miniAGV/agv_ws/build/control/build/lib/control/trajectory.py -> /root/Documents/robot/miniAGV/agv_ws/install/control/lib/python3.8/site-packages/control
[16.148s] byte-compiling /root/Documents/robot/miniAGV/agv_ws/install/control/lib/python3.8/site-packages/control/odometry.py to odometry.cpython-38.pyc
[16.160s] byte-compiling /root/Documents/robot/miniAGV/agv_ws/install/control/lib/python3.8/site-packages/control/trajectory.py to trajectory.cpython-38.pyc
[16.164s] running install_data
[16.168s] running install_egg_info
[16.187s] removing '/root/Documents/robot/miniAGV/agv_ws/install/control/lib/python3.8/site-packages/control-0.0.0-py3.8.egg-info' (and everything under it)
[16.189s] Copying ../../build/control/control.egg-info to /root/Documents/robot/miniAGV/agv_ws/install/control/lib/python3.8/site-packages/control-0.0.0-py3.8.egg-info
[16.195s] running install_scripts
[16.356s] Installing controller script to /root/Documents/robot/miniAGV/agv_ws/install/control/lib/control
[16.367s] Installing odometry script to /root/Documents/robot/miniAGV/agv_ws/install/control/lib/control
[16.369s] Installing trajectory script to /root/Documents/robot/miniAGV/agv_ws/install/control/lib/control
[16.373s] writing list of installed files to '/root/Documents/robot/miniAGV/agv_ws/build/control/install.log'
[16.600s] Invoked command in '/root/Documents/robot/miniAGV/agv_ws/src/control' returned '0': PYTHONPATH=/root/Documents/robot/miniAGV/agv_ws/build/control/prefix_override:/root/Documents/robot/miniAGV/agv_ws/install/control/lib/python3.8/site-packages:${PYTHONPATH} /usr/bin/python3 setup.py egg_info --egg-base ../../build/control build --build-base /root/Documents/robot/miniAGV/agv_ws/build/control/build install --record /root/Documents/robot/miniAGV/agv_ws/build/control/install.log --install-scripts $base/lib/control --single-version-externally-managed
